        -:    0:Source:items.c
        -:    0:Graph:items.gcno
        -:    0:Data:items.gcda
        -:    0:Runs:428
        -:    1:/* -*- Mode: C; tab-width: 4; c-basic-offset: 4; indent-tabs-mode: nil -*- */
        -:    2:#include "memcached.h"
        -:    3:#include "bipbuffer.h"
        -:    4:#include "slab_automove.h"
        -:    5:#include "storage.h"
        -:    6:#ifdef EXTSTORE
        -:    7:#include "slab_automove_extstore.h"
        -:    8:#endif
        -:    9:#include <sys/stat.h>
        -:   10:#include <sys/socket.h>
        -:   11:#include <sys/resource.h>
        -:   12:#include <fcntl.h>
        -:   13:#include <netinet/in.h>
        -:   14:#include <errno.h>
        -:   15:#include <stdlib.h>
        -:   16:#include <stdio.h>
        -:   17:#include <signal.h>
        -:   18:#include <string.h>
        -:   19:#include <time.h>
        -:   20:#include <assert.h>
        -:   21:#include <unistd.h>
        -:   22:#include <poll.h>
        -:   23:
        -:   24:/* Forward Declarations */
        -:   25:static void item_link_q(item *it);
        -:   26:static void item_unlink_q(item *it);
        -:   27:
        -:   28:static unsigned int lru_type_map[4] = {HOT_LRU, WARM_LRU, COLD_LRU, TEMP_LRU};
        -:   29:
        -:   30:#define LARGEST_ID POWER_LARGEST
        -:   31:typedef struct {
        -:   32:    uint64_t evicted;
        -:   33:    uint64_t evicted_nonzero;
        -:   34:    uint64_t reclaimed;
        -:   35:    uint64_t outofmemory;
        -:   36:    uint64_t tailrepairs;
        -:   37:    uint64_t expired_unfetched; /* items reclaimed but never touched */
        -:   38:    uint64_t evicted_unfetched; /* items evicted but never touched */
        -:   39:    uint64_t evicted_active; /* items evicted that should have been shuffled */
        -:   40:    uint64_t crawler_reclaimed;
        -:   41:    uint64_t crawler_items_checked;
        -:   42:    uint64_t lrutail_reflocked;
        -:   43:    uint64_t moves_to_cold;
        -:   44:    uint64_t moves_to_warm;
        -:   45:    uint64_t moves_within_lru;
        -:   46:    uint64_t direct_reclaims;
        -:   47:    uint64_t hits_to_hot;
        -:   48:    uint64_t hits_to_warm;
        -:   49:    uint64_t hits_to_cold;
        -:   50:    uint64_t hits_to_temp;
        -:   51:    uint64_t mem_requested;
        -:   52:    rel_time_t evicted_time;
        -:   53:} itemstats_t;
        -:   54:
        -:   55:static item *heads[LARGEST_ID];
        -:   56:static item *tails[LARGEST_ID];
        -:   57:static itemstats_t itemstats[LARGEST_ID];
        -:   58:static unsigned int sizes[LARGEST_ID];
        -:   59:static uint64_t sizes_bytes[LARGEST_ID];
        -:   60:static unsigned int *stats_sizes_hist = NULL;
        -:   61:static uint64_t stats_sizes_cas_min = 0;
        -:   62:static int stats_sizes_buckets = 0;
        -:   63:static uint64_t cas_id = 0;
        -:   64:
        -:   65:static volatile int do_run_lru_maintainer_thread = 0;
        -:   66:static pthread_mutex_t lru_maintainer_lock = PTHREAD_MUTEX_INITIALIZER;
        -:   67:static pthread_mutex_t cas_id_lock = PTHREAD_MUTEX_INITIALIZER;
        -:   68:static pthread_mutex_t stats_sizes_lock = PTHREAD_MUTEX_INITIALIZER;
        -:   69:
        3:   70:void item_stats_reset(void) {
        3:   71:    int i;
      771:   72:    for (i = 0; i < LARGEST_ID; i++) {
      768:   73:        pthread_mutex_lock(&lru_locks[i]);
      768:   74:        memset(&itemstats[i], 0, sizeof(itemstats_t));
      768:   75:        pthread_mutex_unlock(&lru_locks[i]);
        -:   76:    }
        3:   77:}
        -:   78:
        -:   79:/* called with class lru lock held */
    28568:   80:void do_item_stats_add_crawl(const int i, const uint64_t reclaimed,
        -:   81:        const uint64_t unfetched, const uint64_t checked) {
    28568:   82:    itemstats[i].crawler_reclaimed += reclaimed;
    28568:   83:    itemstats[i].expired_unfetched += unfetched;
    28568:   84:    itemstats[i].crawler_items_checked += checked;
    28568:   85:}
        -:   86:
        -:   87:typedef struct _lru_bump_buf {
        -:   88:    struct _lru_bump_buf *prev;
        -:   89:    struct _lru_bump_buf *next;
        -:   90:    pthread_mutex_t mutex;
        -:   91:    bipbuf_t *buf;
        -:   92:    uint64_t dropped;
        -:   93:} lru_bump_buf;
        -:   94:
        -:   95:typedef struct {
        -:   96:    item *it;
        -:   97:    uint32_t hv;
        -:   98:} lru_bump_entry;
        -:   99:
        -:  100:static lru_bump_buf *bump_buf_head = NULL;
        -:  101:static lru_bump_buf *bump_buf_tail = NULL;
        -:  102:static pthread_mutex_t bump_buf_lock = PTHREAD_MUTEX_INITIALIZER;
        -:  103:/* TODO: tunable? Need bench results */
        -:  104:#define LRU_BUMP_BUF_SIZE 8192
        -:  105:
        -:  106:static bool lru_bump_async(lru_bump_buf *b, item *it, uint32_t hv);
        -:  107:static uint64_t lru_total_bumps_dropped(void);
        -:  108:
        -:  109:/* Get the next CAS id for a new item. */
        -:  110:/* TODO: refactor some atomics for this. */
   350865:  111:uint64_t get_cas_id(void) {
   350865:  112:    pthread_mutex_lock(&cas_id_lock);
   350865:  113:    uint64_t next_id = ++cas_id;
   350865:  114:    pthread_mutex_unlock(&cas_id_lock);
   350865:  115:    return next_id;
        -:  116:}
        -:  117:
        1:  118:void set_cas_id(uint64_t new_cas) {
        1:  119:    pthread_mutex_lock(&cas_id_lock);
        1:  120:    cas_id = new_cas;
        1:  121:    pthread_mutex_unlock(&cas_id_lock);
        1:  122:}
        -:  123:
   956150:  124:int item_is_flushed(item *it) {
   956150:  125:    rel_time_t oldest_live = settings.oldest_live;
   956150:  126:    uint64_t cas = ITEM_get_cas(it);
   956150:  127:    uint64_t oldest_cas = settings.oldest_cas;
   956150:  128:    if (oldest_live == 0 || oldest_live > current_time)
        -:  129:        return 0;
    63845:  130:    if ((it->time <= oldest_live)
    56959:  131:            || (oldest_cas != 0 && cas != 0 && cas < oldest_cas)) {
     7067:  132:        return 1;
        -:  133:    }
        -:  134:    return 0;
        -:  135:}
        -:  136:
        -:  137:/* must be locked before call */
      255:  138:unsigned int do_get_lru_size(uint32_t id) {
      255:  139:    return sizes[id];
        -:  140:}
        -:  141:
        -:  142:/* Enable this for reference-count debugging. */
        -:  143:#if 0
        -:  144:# define DEBUG_REFCNT(it,op) \
        -:  145:                fprintf(stderr, "item %x refcnt(%c) %d %c%c%c\n", \
        -:  146:                        it, op, it->refcount, \
        -:  147:                        (it->it_flags & ITEM_LINKED) ? 'L' : ' ', \
        -:  148:                        (it->it_flags & ITEM_SLABBED) ? 'S' : ' ')
        -:  149:#else
        -:  150:# define DEBUG_REFCNT(it,op) while(0)
        -:  151:#endif
        -:  152:
        -:  153:/**
        -:  154: * Generates the variable-sized part of the header for an object.
        -:  155: *
        -:  156: * nkey    - The length of the key
        -:  157: * flags   - key flags
        -:  158: * nbytes  - Number of bytes to hold value and addition CRLF terminator
        -:  159: * suffix  - Buffer for the "VALUE" line suffix (flags, size).
        -:  160: * nsuffix - The length of the suffix is stored here.
        -:  161: *
        -:  162: * Returns the total size of the header.
        -:  163: */
   368982:  164:static size_t item_make_header(const uint8_t nkey, const client_flags_t flags, const int nbytes,
        -:  165:                     char *suffix, uint8_t *nsuffix) {
   368982:  166:    if (flags == 0) {
        -:  167:        *nsuffix = 0;
        -:  168:    } else {
    28204:  169:        *nsuffix = sizeof(flags);
        -:  170:    }
   368982:  171:    return sizeof(item) + nkey + *nsuffix + nbytes;
        -:  172:}
        -:  173:
   512972:  174:item *do_item_alloc_pull(const size_t ntotal, const unsigned int id) {
   512972:  175:    item *it = NULL;
   512972:  176:    int i;
        -:  177:    /* If no memory is available, attempt a direct LRU juggle/eviction */
        -:  178:    /* This is a race in order to simplify lru_pull_tail; in cases where
        -:  179:     * locked items are on the tail, you want them to fall out and cause
        -:  180:     * occasional OOM's, rather than internally work around them.
        -:  181:     * This also gives one fewer code path for slab alloc/free
        -:  182:     */
   542018:  183:    for (i = 0; i < 10; i++) {
        -:  184:        /* Try to reclaim memory first */
   542012:  185:        if (!settings.lru_segmented) {
    90923:  186:            lru_pull_tail(id, COLD_LRU, 0, 0, 0, NULL);
        -:  187:        }
   542012:  188:        it = slabs_alloc(ntotal, id, 0);
        -:  189:
   542012:  190:        if (it == NULL) {
        -:  191:            // We send '0' in for "total_bytes" as this routine is always
        -:  192:            // pulling to evict, or forcing HOT -> COLD migration.
        -:  193:            // As of this writing, total_bytes isn't at all used with COLD_LRU.
    29046:  194:            if (lru_pull_tail(id, COLD_LRU, 0, LRU_PULL_EVICT, 0, NULL) <= 0) {
    11436:  195:                if (settings.lru_segmented) {
    11436:  196:                    lru_pull_tail(id, HOT_LRU, 0, 0, 0, NULL);
        -:  197:                } else {
        -:  198:                    break;
        -:  199:                }
        -:  200:            }
        -:  201:        } else {
        -:  202:            break;
        -:  203:        }
        -:  204:    }
        -:  205:
   512972:  206:    if (i > 0) {
    17616:  207:        pthread_mutex_lock(&lru_locks[id]);
    17616:  208:        itemstats[id].direct_reclaims += i;
    17616:  209:        pthread_mutex_unlock(&lru_locks[id]);
        -:  210:    }
        -:  211:
   512972:  212:    return it;
        -:  213:}
        -:  214:
        -:  215:/* Chain another chunk onto this chunk. */
        -:  216:/* slab mover: if it finds a chunk without ITEM_CHUNK flag, and no ITEM_LINKED
        -:  217: * flag, it counts as busy and skips.
        -:  218: * I think it might still not be safe to do linking outside of the slab lock
        -:  219: */
   143964:  220:item_chunk *do_item_alloc_chunk(item_chunk *ch, const size_t bytes_remain) {
        -:  221:    // TODO: Should be a cleaner way of finding real size with slabber calls
   143964:  222:    size_t size = bytes_remain + sizeof(item_chunk);
   143964:  223:    if (size > settings.slab_chunk_size_max)
        -:  224:        size = settings.slab_chunk_size_max;
   143964:  225:    unsigned int id = slabs_clsid(size);
        -:  226:
   143964:  227:    item_chunk *nch = (item_chunk *) do_item_alloc_pull(size, id);
   143964:  228:    if (nch == NULL) {
        -:  229:        // The final chunk in a large item will attempt to be a more
        -:  230:        // appropriately sized chunk to minimize memory overhead. However, if
        -:  231:        // there's no memory available in the lower slab classes we fail the
        -:  232:        // SET. In these cases as a fallback we ensure we attempt to evict a
        -:  233:        // max-size item and reuse a large chunk.
        1:  234:        if (size == settings.slab_chunk_size_max) {
        -:  235:            return NULL;
        -:  236:        } else {
    #####:  237:            size = settings.slab_chunk_size_max;
    #####:  238:            id = slabs_clsid(size);
    #####:  239:            nch = (item_chunk *) do_item_alloc_pull(size, id);
        -:  240:
    #####:  241:            if (nch == NULL)
        -:  242:                return NULL;
        -:  243:        }
        -:  244:    }
        -:  245:
        -:  246:    // link in.
        -:  247:    // ITEM_CHUNK[ED] bits need to be protected by the slabs lock.
   143963:  248:    slabs_mlock();
   143963:  249:    nch->head = ch->head;
   143963:  250:    ch->next = nch;
   143963:  251:    nch->prev = ch;
   143963:  252:    nch->next = 0;
   143963:  253:    nch->used = 0;
   143963:  254:    nch->slabs_clsid = id;
   143963:  255:    nch->size = size - sizeof(item_chunk);
   143963:  256:    nch->it_flags |= ITEM_CHUNK;
   143963:  257:    slabs_munlock();
   143963:  258:    return nch;
        -:  259:}
        -:  260:
   368973:  261:item *do_item_alloc(const char *key, const size_t nkey, const client_flags_t flags,
        -:  262:                    const rel_time_t exptime, const int nbytes) {
   368973:  263:    uint8_t nsuffix;
   368973:  264:    item *it = NULL;
   368973:  265:    char suffix[40];
        -:  266:    // Avoid potential underflows.
   368973:  267:    if (nbytes < 2)
        -:  268:        return 0;
        -:  269:
   368972:  270:    size_t ntotal = item_make_header(nkey + 1, flags, nbytes, suffix, &nsuffix);
   368972:  271:    if (settings.use_cas) {
   368971:  272:        ntotal += sizeof(uint64_t);
        -:  273:    }
        -:  274:
   368972:  275:    unsigned int id = slabs_clsid(ntotal);
   368972:  276:    unsigned int hdr_id = 0;
   368972:  277:    if (id == 0)
        -:  278:        return 0;
        -:  279:
        -:  280:    /* This is a large item. Allocate a header object now, lazily allocate
        -:  281:     *  chunks while reading the upload.
        -:  282:     */
   368967:  283:    if (ntotal > settings.slab_chunk_size_max) {
        -:  284:        /* We still link this item into the LRU for the larger slab class, but
        -:  285:         * we're pulling a header from an entirely different slab class. The
        -:  286:         * free routines handle large items specifically.
        -:  287:         */
    21311:  288:        int htotal = nkey + 1 + nsuffix + sizeof(item) + sizeof(item_chunk);
    21311:  289:        if (settings.use_cas) {
    21311:  290:            htotal += sizeof(uint64_t);
        -:  291:        }
        -:  292:#ifdef NEED_ALIGN
        -:  293:        // header chunk needs to be padded on some systems
        -:  294:        int remain = htotal % 8;
        -:  295:        if (remain != 0) {
        -:  296:            htotal += 8 - remain;
        -:  297:        }
        -:  298:#endif
    21311:  299:        hdr_id = slabs_clsid(htotal);
    21311:  300:        it = do_item_alloc_pull(htotal, hdr_id);
        -:  301:        /* setting ITEM_CHUNKED is fine here because we aren't LINKED yet. */
    21311:  302:        if (it != NULL)
    21311:  303:            it->it_flags |= ITEM_CHUNKED;
        -:  304:    } else {
   347656:  305:        it = do_item_alloc_pull(ntotal, id);
        -:  306:    }
        -:  307:
   368967:  308:    if (it == NULL) {
        5:  309:        pthread_mutex_lock(&lru_locks[id]);
        5:  310:        itemstats[id].outofmemory++;
        5:  311:        pthread_mutex_unlock(&lru_locks[id]);
        5:  312:        return NULL;
        -:  313:    }
        -:  314:
  368962*:  315:    assert(it->it_flags == 0 || it->it_flags == ITEM_CHUNKED);
        -:  316:    //assert(it != heads[id]);
        -:  317:
        -:  318:    /* Refcount is seeded to 1 by slabs_alloc() */
   368962:  319:    it->next = it->prev = 0;
        -:  320:
        -:  321:    /* Items are initially loaded into the HOT_LRU. This is '0' but I want at
        -:  322:     * least a note here. Compiler (hopefully?) optimizes this out.
        -:  323:     */
   368962:  324:    if (settings.temp_lru &&
      101:  325:            exptime - current_time <= settings.temporary_ttl) {
        1:  326:        id |= TEMP_LRU;
   368961:  327:    } else if (settings.lru_segmented) {
        -:  328:        id |= HOT_LRU;
        -:  329:    } else {
        -:  330:        /* There is only COLD in compat-mode */
    90475:  331:        id |= COLD_LRU;
        -:  332:    }
   368962:  333:    it->slabs_clsid = id;
        -:  334:
   368962:  335:    DEBUG_REFCNT(it, '*');
   368962:  336:    it->it_flags |= settings.use_cas ? ITEM_CAS : 0;
   368962:  337:    it->it_flags |= nsuffix != 0 ? ITEM_CFLAGS : 0;
   368962:  338:    it->nkey = nkey;
   368962:  339:    it->nbytes = nbytes;
   368962:  340:    memcpy(ITEM_key(it), key, nkey);
   368962:  341:    it->exptime = exptime;
   368962:  342:    if (nsuffix > 0) {
    28202:  343:        memcpy(ITEM_suffix(it), &flags, sizeof(flags));
        -:  344:    }
        -:  345:
        -:  346:    /* Initialize internal chunk. */
   368962:  347:    if (it->it_flags & ITEM_CHUNKED) {
    21311:  348:        item_chunk *chunk = (item_chunk *) ITEM_schunk(it);
        -:  349:
    21311:  350:        chunk->next = 0;
    21311:  351:        chunk->prev = 0;
    21311:  352:        chunk->used = 0;
    21311:  353:        chunk->size = 0;
    21311:  354:        chunk->head = it;
    21311:  355:        chunk->orig_clsid = hdr_id;
        -:  356:    }
   368962:  357:    it->h_next = 0;
        -:  358:
   368962:  359:    return it;
        -:  360:}
        -:  361:
   243643:  362:void item_free(item *it) {
   243643:  363:    size_t ntotal = ITEM_ntotal(it);
   243643:  364:    unsigned int clsid;
  243643*:  365:    assert((it->it_flags & ITEM_LINKED) == 0);
  243643*:  366:    assert(it != heads[it->slabs_clsid]);
  243643*:  367:    assert(it != tails[it->slabs_clsid]);
  243643*:  368:    assert(it->refcount == 0);
        -:  369:
        -:  370:    /* so slab size changer can tell later if item is already free or not */
   243643:  371:    clsid = ITEM_clsid(it);
   243643:  372:    DEBUG_REFCNT(it, 'F');
   243643:  373:    slabs_free(it, ntotal, clsid);
   243643:  374:}
        -:  375:
        -:  376:/**
        -:  377: * Returns true if an item will fit in the cache (its size does not exceed
        -:  378: * the maximum for a cache entry.)
        -:  379: */
       11:  380:bool item_size_ok(const size_t nkey, const client_flags_t flags, const int nbytes) {
       11:  381:    char prefix[40];
       11:  382:    uint8_t nsuffix;
       11:  383:    if (nbytes < 2)
        -:  384:        return false;
        -:  385:
       10:  386:    size_t ntotal = item_make_header(nkey + 1, flags, nbytes,
        -:  387:                                     prefix, &nsuffix);
       10:  388:    if (settings.use_cas) {
       10:  389:        ntotal += sizeof(uint64_t);
        -:  390:    }
        -:  391:
       10:  392:    return slabs_clsid(ntotal) != 0;
        -:  393:}
        -:  394:
        -:  395:/* fixing stats/references during warm start */
       42:  396:void do_item_link_fixup(item *it) {
       42:  397:    item **head, **tail;
       42:  398:    int ntotal = ITEM_ntotal(it);
       42:  399:    uint32_t hv = hash(ITEM_key(it), it->nkey);
       42:  400:    assoc_insert(it, hv);
        -:  401:
       42:  402:    head = &heads[it->slabs_clsid];
       42:  403:    tail = &tails[it->slabs_clsid];
       42:  404:    if (it->prev == 0 && *head == 0) *head = it;
       42:  405:    if (it->next == 0 && *tail == 0) *tail = it;
       42:  406:    sizes[it->slabs_clsid]++;
       42:  407:    sizes_bytes[it->slabs_clsid] += ntotal;
        -:  408:
       42:  409:    STATS_LOCK();
       42:  410:    stats_state.curr_bytes += ntotal;
       42:  411:    stats_state.curr_items += 1;
       42:  412:    stats.total_items += 1;
       42:  413:    STATS_UNLOCK();
        -:  414:
       42:  415:    item_stats_sizes_add(it);
        -:  416:
       42:  417:    return;
        -:  418:}
        -:  419:
   572351:  420:static void do_item_link_q(item *it) { /* item is the new head */
   572351:  421:    item **head, **tail;
  572351*:  422:    assert((it->it_flags & ITEM_SLABBED) == 0);
        -:  423:
   572351:  424:    head = &heads[it->slabs_clsid];
   572351:  425:    tail = &tails[it->slabs_clsid];
  572351*:  426:    assert(it != *head);
  572351*:  427:    assert((*head && *tail) || (*head == 0 && *tail == 0));
   572351:  428:    it->prev = 0;
   572351:  429:    it->next = *head;
   572351:  430:    if (it->next) it->next->prev = it;
   572351:  431:    *head = it;
   572351:  432:    if (*tail == 0) *tail = it;
   572351:  433:    sizes[it->slabs_clsid]++;
        -:  434:#ifdef EXTSTORE
   572351:  435:    if (it->it_flags & ITEM_HDR) {
    42188:  436:        sizes_bytes[it->slabs_clsid] += (ITEM_ntotal(it) - it->nbytes) + sizeof(item_hdr);
        -:  437:    } else {
   530163:  438:        sizes_bytes[it->slabs_clsid] += ITEM_ntotal(it);
        -:  439:    }
        -:  440:#else
        -:  441:    sizes_bytes[it->slabs_clsid] += ITEM_ntotal(it);
        -:  442:#endif
        -:  443:
   572351:  444:    return;
        -:  445:}
        -:  446:
   571079:  447:static void item_link_q(item *it) {
   571079:  448:    pthread_mutex_lock(&lru_locks[it->slabs_clsid]);
   571079:  449:    do_item_link_q(it);
   571079:  450:    pthread_mutex_unlock(&lru_locks[it->slabs_clsid]);
   571079:  451:}
        -:  452:
     1007:  453:static void item_link_q_warm(item *it) {
     1007:  454:    pthread_mutex_lock(&lru_locks[it->slabs_clsid]);
     1007:  455:    do_item_link_q(it);
     1007:  456:    itemstats[it->slabs_clsid].moves_to_warm++;
     1007:  457:    pthread_mutex_unlock(&lru_locks[it->slabs_clsid]);
     1007:  458:}
        -:  459:
   450151:  460:static void do_item_unlink_q(item *it) {
   450151:  461:    item **head, **tail;
   450151:  462:    head = &heads[it->slabs_clsid];
   450151:  463:    tail = &tails[it->slabs_clsid];
        -:  464:
   450151:  465:    if (*head == it) {
   48667*:  466:        assert(it->prev == 0);
    48667:  467:        *head = it->next;
        -:  468:    }
   450151:  469:    if (*tail == it) {
  282767*:  470:        assert(it->next == 0);
   282767:  471:        *tail = it->prev;
        -:  472:    }
  450151*:  473:    assert(it->next != it);
  450151*:  474:    assert(it->prev != it);
        -:  475:
   450151:  476:    if (it->next) it->next->prev = it->prev;
   450151:  477:    if (it->prev) it->prev->next = it->next;
   450151:  478:    sizes[it->slabs_clsid]--;
        -:  479:#ifdef EXTSTORE
   450151:  480:    if (it->it_flags & ITEM_HDR) {
    29330:  481:        sizes_bytes[it->slabs_clsid] -= (ITEM_ntotal(it) - it->nbytes) + sizeof(item_hdr);
        -:  482:    } else {
   420821:  483:        sizes_bytes[it->slabs_clsid] -= ITEM_ntotal(it);
        -:  484:    }
        -:  485:#else
        -:  486:    sizes_bytes[it->slabs_clsid] -= ITEM_ntotal(it);
        -:  487:#endif
        -:  488:
   450151:  489:    return;
        -:  490:}
        -:  491:
   203627:  492:static void item_unlink_q(item *it) {
   203627:  493:    pthread_mutex_lock(&lru_locks[it->slabs_clsid]);
   203627:  494:    do_item_unlink_q(it);
   203627:  495:    pthread_mutex_unlock(&lru_locks[it->slabs_clsid]);
   203627:  496:}
        -:  497:
   350731:  498:int do_item_link(item *it, const uint32_t hv) {
   350731:  499:    MEMCACHED_ITEM_LINK(ITEM_key(it), it->nkey, it->nbytes);
  350731*:  500:    assert((it->it_flags & (ITEM_LINKED|ITEM_SLABBED)) == 0);
   350731:  501:    it->it_flags |= ITEM_LINKED;
   350731:  502:    it->time = current_time;
        -:  503:
   350731:  504:    STATS_LOCK();
   350731:  505:    stats_state.curr_bytes += ITEM_ntotal(it);
   350731:  506:    stats_state.curr_items += 1;
   350731:  507:    stats.total_items += 1;
   350731:  508:    STATS_UNLOCK();
        -:  509:
        -:  510:    /* Allocate a new CAS ID on link. */
   350731:  511:    ITEM_set_cas(it, (settings.use_cas) ? get_cas_id() : 0);
   350731:  512:    assoc_insert(it, hv);
   350731:  513:    item_link_q(it);
   350731:  514:    refcount_incr(it);
   350731:  515:    item_stats_sizes_add(it);
        -:  516:
   350731:  517:    return 1;
        -:  518:}
        -:  519:
   202620:  520:void do_item_unlink(item *it, const uint32_t hv) {
   202620:  521:    MEMCACHED_ITEM_UNLINK(ITEM_key(it), it->nkey, it->nbytes);
   202620:  522:    if ((it->it_flags & ITEM_LINKED) != 0) {
   202620:  523:        it->it_flags &= ~ITEM_LINKED;
   202620:  524:        STATS_LOCK();
   202620:  525:        stats_state.curr_bytes -= ITEM_ntotal(it);
   202620:  526:        stats_state.curr_items -= 1;
   202620:  527:        STATS_UNLOCK();
   202620:  528:        item_stats_sizes_remove(it);
   202620:  529:        assoc_delete(ITEM_key(it), it->nkey, hv);
   202620:  530:        item_unlink_q(it);
   202620:  531:        do_item_remove(it);
        -:  532:    }
   202620:  533:}
        -:  534:
        -:  535:/* FIXME: Is it necessary to keep this copy/pasted code? */
    25911:  536:void do_item_unlink_nolock(item *it, const uint32_t hv) {
    25911:  537:    MEMCACHED_ITEM_UNLINK(ITEM_key(it), it->nkey, it->nbytes);
    25911:  538:    if ((it->it_flags & ITEM_LINKED) != 0) {
    25911:  539:        it->it_flags &= ~ITEM_LINKED;
    25911:  540:        STATS_LOCK();
    25911:  541:        stats_state.curr_bytes -= ITEM_ntotal(it);
    25911:  542:        stats_state.curr_items -= 1;
    25911:  543:        STATS_UNLOCK();
    25911:  544:        item_stats_sizes_remove(it);
    25911:  545:        assoc_delete(ITEM_key(it), it->nkey, hv);
    25911:  546:        do_item_unlink_q(it);
    25911:  547:        do_item_remove(it);
        -:  548:    }
    25911:  549:}
        -:  550:
  1474940:  551:void do_item_remove(item *it) {
  1474940:  552:    MEMCACHED_ITEM_REMOVE(ITEM_key(it), it->nkey, it->nbytes);
 1474940*:  553:    assert((it->it_flags & ITEM_SLABBED) == 0);
 1474940*:  554:    assert(it->refcount > 0);
        -:  555:
  1474940:  556:    if (refcount_decr(it) == 0) {
   243643:  557:        item_free(it);
        -:  558:    }
  1474940:  559:}
        -:  560:
        -:  561:/* Bump the last accessed time, or relink if we're in compat mode */
     2545:  562:void do_item_update(item *it) {
     2545:  563:    MEMCACHED_ITEM_UPDATE(ITEM_key(it), it->nkey, it->nbytes);
        -:  564:
        -:  565:    /* Hits to COLD_LRU immediately move to WARM. */
     2545:  566:    if (settings.lru_segmented) {
    1722*:  567:        assert((it->it_flags & ITEM_SLABBED) == 0);
     1722:  568:        if ((it->it_flags & ITEM_LINKED) != 0) {
     1719:  569:            if (ITEM_lruid(it) == COLD_LRU && (it->it_flags & ITEM_ACTIVE)) {
     1007:  570:                it->time = current_time;
     1007:  571:                item_unlink_q(it);
     1007:  572:                it->slabs_clsid = ITEM_clsid(it);
     1007:  573:                it->slabs_clsid |= WARM_LRU;
     1007:  574:                it->it_flags &= ~ITEM_ACTIVE;
     1007:  575:                item_link_q_warm(it);
        -:  576:            } else {
      712:  577:                it->time = current_time;
        -:  578:            }
        -:  579:        }
      823:  580:    } else if (it->time < current_time - ITEM_UPDATE_INTERVAL) {
    #####:  581:        assert((it->it_flags & ITEM_SLABBED) == 0);
        -:  582:
    #####:  583:        if ((it->it_flags & ITEM_LINKED) != 0) {
    #####:  584:            it->time = current_time;
    #####:  585:            item_unlink_q(it);
    #####:  586:            item_link_q(it);
        -:  587:        }
        -:  588:    }
     2545:  589:}
        -:  590:
    59964:  591:int do_item_replace(item *it, item *new_it, const uint32_t hv) {
        -:  592:    MEMCACHED_ITEM_REPLACE(ITEM_key(it), it->nkey, it->nbytes,
    59964:  593:                           ITEM_key(new_it), new_it->nkey, new_it->nbytes);
   59964*:  594:    assert((it->it_flags & ITEM_SLABBED) == 0);
        -:  595:
    59964:  596:    do_item_unlink(it, hv);
    59964:  597:    return do_item_link(new_it, hv);
        -:  598:}
        -:  599:
        -:  600:/*@null@*/
        -:  601:/* This is walking the line of violating lock order, but I think it's safe.
        -:  602: * If the LRU lock is held, an item in the LRU cannot be wiped and freed.
        -:  603: * The data could possibly be overwritten, but this is only accessing the
        -:  604: * headers.
        -:  605: * It may not be the best idea to leave it like this, but for now it's safe.
        -:  606: */
        2:  607:char *item_cachedump(const unsigned int slabs_clsid, const unsigned int limit, unsigned int *bytes) {
        2:  608:    unsigned int memlimit = 2 * 1024 * 1024;   /* 2MB max response size */
        2:  609:    char *buffer;
        2:  610:    unsigned int bufcurr;
        2:  611:    item *it;
        2:  612:    unsigned int len;
        2:  613:    unsigned int shown = 0;
        2:  614:    char key_temp[KEY_MAX_LENGTH + 1];
        2:  615:    char temp[512];
        2:  616:    unsigned int id = slabs_clsid;
        2:  617:    id |= COLD_LRU;
        -:  618:
        2:  619:    pthread_mutex_lock(&lru_locks[id]);
        2:  620:    it = heads[id];
        -:  621:
        2:  622:    buffer = malloc((size_t)memlimit);
        2:  623:    if (buffer == 0) {
    #####:  624:        pthread_mutex_unlock(&lru_locks[id]);
    #####:  625:        return NULL;
        -:  626:    }
        -:  627:    bufcurr = 0;
        -:  628:
        3:  629:    while (it != NULL && (limit == 0 || shown < limit)) {
       1*:  630:        assert(it->nkey <= KEY_MAX_LENGTH);
        -:  631:        // protect from printing binary keys.
       1*:  632:        if ((it->nbytes == 0 && it->nkey == 0) || (it->it_flags & ITEM_KEY_BINARY)) {
    #####:  633:            it = it->next;
    #####:  634:            continue;
        -:  635:        }
        -:  636:        /* Copy the key since it may not be null-terminated in the struct */
        1:  637:        strncpy(key_temp, ITEM_key(it), it->nkey);
        1:  638:        key_temp[it->nkey] = 0x00; /* terminate */
       2*:  639:        len = snprintf(temp, sizeof(temp), "ITEM %s [%d b; %llu s]\r\n",
        1:  640:                       key_temp, it->nbytes - 2,
        1:  641:                       it->exptime == 0 ? 0 :
    #####:  642:                       (unsigned long long)it->exptime + process_started);
        1:  643:        if (bufcurr + len + 6 > memlimit)  /* 6 is END\r\n\0 */
        -:  644:            break;
        1:  645:        memcpy(buffer + bufcurr, temp, len);
        1:  646:        bufcurr += len;
        1:  647:        shown++;
        1:  648:        it = it->next;
        -:  649:    }
        -:  650:
        2:  651:    memcpy(buffer + bufcurr, "END\r\n", 6);
        2:  652:    bufcurr += 5;
        -:  653:
        2:  654:    *bytes = bufcurr;
        2:  655:    pthread_mutex_unlock(&lru_locks[id]);
        2:  656:    return buffer;
        -:  657:}
        -:  658:
        -:  659:/* With refactoring of the various stats code the automover won't need a
        -:  660: * custom function here.
        -:  661: */
      456:  662:void fill_item_stats_automove(item_stats_automove *am) {
      456:  663:    int n;
    29640:  664:    for (n = 0; n < MAX_NUMBER_OF_SLAB_CLASSES; n++) {
    29184:  665:        item_stats_automove *cur = &am[n];
        -:  666:
        -:  667:        // outofmemory records into HOT
    29184:  668:        int i = n | HOT_LRU;
    29184:  669:        pthread_mutex_lock(&lru_locks[i]);
    29184:  670:        cur->outofmemory = itemstats[i].outofmemory;
    29184:  671:        pthread_mutex_unlock(&lru_locks[i]);
        -:  672:
        -:  673:        // evictions and tail age are from COLD
    29184:  674:        i = n | COLD_LRU;
    29184:  675:        pthread_mutex_lock(&lru_locks[i]);
    29184:  676:        cur->evicted = itemstats[i].evicted;
    29184:  677:        if (!tails[i]) {
    21946:  678:            cur->age = 0;
     7238:  679:        } else if (tails[i]->nbytes == 0 && tails[i]->nkey == 0 && tails[i]->it_flags == 1) {
        -:  680:            /* it's a crawler, check previous entry */
     6656:  681:            if (tails[i]->prev) {
       15:  682:               cur->age = current_time - tails[i]->prev->time;
        -:  683:            } else {
     6641:  684:               cur->age = 0;
        -:  685:            }
        -:  686:        } else {
      582:  687:            cur->age = current_time - tails[i]->time;
        -:  688:        }
    29184:  689:        pthread_mutex_unlock(&lru_locks[i]);
        -:  690:     }
      456:  691:}
        -:  692:
     3778:  693:void item_stats_totals(ADD_STAT add_stats, void *c) {
     3778:  694:    itemstats_t totals;
     3778:  695:    memset(&totals, 0, sizeof(itemstats_t));
     3778:  696:    int n;
   245570:  697:    for (n = 0; n < MAX_NUMBER_OF_SLAB_CLASSES; n++) {
        -:  698:        int x;
        -:  699:        int i;
  1208960:  700:        for (x = 0; x < 4; x++) {
   967168:  701:            i = n | lru_type_map[x];
   967168:  702:            pthread_mutex_lock(&lru_locks[i]);
   967168:  703:            totals.expired_unfetched += itemstats[i].expired_unfetched;
   967168:  704:            totals.evicted_unfetched += itemstats[i].evicted_unfetched;
   967168:  705:            totals.evicted_active += itemstats[i].evicted_active;
   967168:  706:            totals.evicted += itemstats[i].evicted;
   967168:  707:            totals.reclaimed += itemstats[i].reclaimed;
   967168:  708:            totals.crawler_reclaimed += itemstats[i].crawler_reclaimed;
   967168:  709:            totals.crawler_items_checked += itemstats[i].crawler_items_checked;
   967168:  710:            totals.lrutail_reflocked += itemstats[i].lrutail_reflocked;
   967168:  711:            totals.moves_to_cold += itemstats[i].moves_to_cold;
   967168:  712:            totals.moves_to_warm += itemstats[i].moves_to_warm;
   967168:  713:            totals.moves_within_lru += itemstats[i].moves_within_lru;
   967168:  714:            totals.direct_reclaims += itemstats[i].direct_reclaims;
   967168:  715:            pthread_mutex_unlock(&lru_locks[i]);
        -:  716:        }
        -:  717:    }
     3778:  718:    APPEND_STAT("expired_unfetched", "%llu",
     3778:  719:                (unsigned long long)totals.expired_unfetched);
     3778:  720:    APPEND_STAT("evicted_unfetched", "%llu",
     3778:  721:                (unsigned long long)totals.evicted_unfetched);
     3778:  722:    if (settings.lru_maintainer_thread) {
     3752:  723:        APPEND_STAT("evicted_active", "%llu",
     3778:  724:                    (unsigned long long)totals.evicted_active);
        -:  725:    }
     3778:  726:    APPEND_STAT("evictions", "%llu",
     3778:  727:                (unsigned long long)totals.evicted);
     3778:  728:    APPEND_STAT("reclaimed", "%llu",
     3778:  729:                (unsigned long long)totals.reclaimed);
     3778:  730:    APPEND_STAT("crawler_reclaimed", "%llu",
     3778:  731:                (unsigned long long)totals.crawler_reclaimed);
     3778:  732:    APPEND_STAT("crawler_items_checked", "%llu",
     3778:  733:                (unsigned long long)totals.crawler_items_checked);
     3778:  734:    APPEND_STAT("lrutail_reflocked", "%llu",
     3778:  735:                (unsigned long long)totals.lrutail_reflocked);
     3778:  736:    if (settings.lru_maintainer_thread) {
     3752:  737:        APPEND_STAT("moves_to_cold", "%llu",
     3752:  738:                    (unsigned long long)totals.moves_to_cold);
     3752:  739:        APPEND_STAT("moves_to_warm", "%llu",
     3752:  740:                    (unsigned long long)totals.moves_to_warm);
     3752:  741:        APPEND_STAT("moves_within_lru", "%llu",
     3752:  742:                    (unsigned long long)totals.moves_within_lru);
     3752:  743:        APPEND_STAT("direct_reclaims", "%llu",
     3752:  744:                    (unsigned long long)totals.direct_reclaims);
     3752:  745:        APPEND_STAT("lru_bumps_dropped", "%llu",
     3778:  746:                    (unsigned long long)lru_total_bumps_dropped());
        -:  747:    }
     3778:  748:}
        -:  749:
     1554:  750:void item_stats(ADD_STAT add_stats, void *c) {
     1554:  751:    struct thread_stats thread_stats;
     1554:  752:    threadlocal_stats_aggregate(&thread_stats);
     1554:  753:    itemstats_t totals;
     1554:  754:    int n;
   102564:  755:    for (n = 0; n < MAX_NUMBER_OF_SLAB_CLASSES; n++) {
    99456:  756:        memset(&totals, 0, sizeof(itemstats_t));
    99456:  757:        int x;
    99456:  758:        int i;
    99456:  759:        unsigned int size = 0;
    99456:  760:        unsigned int age  = 0;
    99456:  761:        unsigned int age_hot = 0;
    99456:  762:        unsigned int age_warm = 0;
    99456:  763:        unsigned int lru_size_map[4];
    99456:  764:        const char *fmt = "items:%d:%s";
    99456:  765:        char key_str[STAT_KEY_LEN];
    99456:  766:        char val_str[STAT_VAL_LEN];
    99456:  767:        int klen = 0, vlen = 0;
   497280:  768:        for (x = 0; x < 4; x++) {
   397824:  769:            i = n | lru_type_map[x];
   397824:  770:            pthread_mutex_lock(&lru_locks[i]);
   397824:  771:            totals.evicted += itemstats[i].evicted;
   397824:  772:            totals.evicted_nonzero += itemstats[i].evicted_nonzero;
   397824:  773:            totals.outofmemory += itemstats[i].outofmemory;
   397824:  774:            totals.tailrepairs += itemstats[i].tailrepairs;
   397824:  775:            totals.reclaimed += itemstats[i].reclaimed;
   397824:  776:            totals.expired_unfetched += itemstats[i].expired_unfetched;
   397824:  777:            totals.evicted_unfetched += itemstats[i].evicted_unfetched;
   397824:  778:            totals.evicted_active += itemstats[i].evicted_active;
   397824:  779:            totals.crawler_reclaimed += itemstats[i].crawler_reclaimed;
   397824:  780:            totals.crawler_items_checked += itemstats[i].crawler_items_checked;
   397824:  781:            totals.lrutail_reflocked += itemstats[i].lrutail_reflocked;
   397824:  782:            totals.moves_to_cold += itemstats[i].moves_to_cold;
   397824:  783:            totals.moves_to_warm += itemstats[i].moves_to_warm;
   397824:  784:            totals.moves_within_lru += itemstats[i].moves_within_lru;
   397824:  785:            totals.direct_reclaims += itemstats[i].direct_reclaims;
   397824:  786:            totals.mem_requested += sizes_bytes[i];
   397824:  787:            size += sizes[i];
   397824:  788:            lru_size_map[x] = sizes[i];
   397824:  789:            if (lru_type_map[x] == COLD_LRU && tails[i] != NULL) {
     1786:  790:                age = current_time - tails[i]->time;
   396038:  791:            } else if (lru_type_map[x] == HOT_LRU && tails[i] != NULL) {
     2671:  792:                age_hot = current_time - tails[i]->time;
   393367:  793:            } else if (lru_type_map[x] == WARM_LRU && tails[i] != NULL) {
     1238:  794:                age_warm = current_time - tails[i]->time;
        -:  795:            }
   397824:  796:            if (lru_type_map[x] == COLD_LRU)
    99456:  797:                totals.evicted_time = itemstats[i].evicted_time;
   397824:  798:            switch (lru_type_map[x]) {
    99456:  799:                case HOT_LRU:
    99456:  800:                    totals.hits_to_hot = thread_stats.lru_hits[i];
    99456:  801:                    break;
    99456:  802:                case WARM_LRU:
    99456:  803:                    totals.hits_to_warm = thread_stats.lru_hits[i];
    99456:  804:                    break;
    99456:  805:                case COLD_LRU:
    99456:  806:                    totals.hits_to_cold = thread_stats.lru_hits[i];
    99456:  807:                    break;
    99456:  808:                case TEMP_LRU:
    99456:  809:                    totals.hits_to_temp = thread_stats.lru_hits[i];
    99456:  810:                    break;
        -:  811:            }
   397824:  812:            pthread_mutex_unlock(&lru_locks[i]);
        -:  813:        }
    99456:  814:        if (size == 0)
    96599:  815:            continue;
     2857:  816:        APPEND_NUM_FMT_STAT(fmt, n, "number", "%u", size);
     2857:  817:        if (settings.lru_maintainer_thread) {
     2855:  818:            APPEND_NUM_FMT_STAT(fmt, n, "number_hot", "%u", lru_size_map[0]);
     2855:  819:            APPEND_NUM_FMT_STAT(fmt, n, "number_warm", "%u", lru_size_map[1]);
     2855:  820:            APPEND_NUM_FMT_STAT(fmt, n, "number_cold", "%u", lru_size_map[2]);
     2855:  821:            if (settings.temp_lru) {
        2:  822:                APPEND_NUM_FMT_STAT(fmt, n, "number_temp", "%u", lru_size_map[3]);
        -:  823:            }
     2855:  824:            APPEND_NUM_FMT_STAT(fmt, n, "age_hot", "%u", age_hot);
     2855:  825:            APPEND_NUM_FMT_STAT(fmt, n, "age_warm", "%u", age_warm);
        -:  826:        }
     2857:  827:        APPEND_NUM_FMT_STAT(fmt, n, "age", "%u", age);
     2857:  828:        APPEND_NUM_FMT_STAT(fmt, n, "mem_requested", "%llu", (unsigned long long)totals.mem_requested);
     2857:  829:        APPEND_NUM_FMT_STAT(fmt, n, "evicted",
     2857:  830:                            "%llu", (unsigned long long)totals.evicted);
     2857:  831:        APPEND_NUM_FMT_STAT(fmt, n, "evicted_nonzero",
     2857:  832:                            "%llu", (unsigned long long)totals.evicted_nonzero);
     2857:  833:        APPEND_NUM_FMT_STAT(fmt, n, "evicted_time",
     2857:  834:                            "%u", totals.evicted_time);
     2857:  835:        APPEND_NUM_FMT_STAT(fmt, n, "outofmemory",
     2857:  836:                            "%llu", (unsigned long long)totals.outofmemory);
     2857:  837:        APPEND_NUM_FMT_STAT(fmt, n, "tailrepairs",
     2857:  838:                            "%llu", (unsigned long long)totals.tailrepairs);
     2857:  839:        APPEND_NUM_FMT_STAT(fmt, n, "reclaimed",
     2857:  840:                            "%llu", (unsigned long long)totals.reclaimed);
     2857:  841:        APPEND_NUM_FMT_STAT(fmt, n, "expired_unfetched",
     2857:  842:                            "%llu", (unsigned long long)totals.expired_unfetched);
     2857:  843:        APPEND_NUM_FMT_STAT(fmt, n, "evicted_unfetched",
     2857:  844:                            "%llu", (unsigned long long)totals.evicted_unfetched);
     2857:  845:        if (settings.lru_maintainer_thread) {
     2855:  846:            APPEND_NUM_FMT_STAT(fmt, n, "evicted_active",
     2857:  847:                                "%llu", (unsigned long long)totals.evicted_active);
        -:  848:        }
     2857:  849:        APPEND_NUM_FMT_STAT(fmt, n, "crawler_reclaimed",
     2857:  850:                            "%llu", (unsigned long long)totals.crawler_reclaimed);
     2857:  851:        APPEND_NUM_FMT_STAT(fmt, n, "crawler_items_checked",
     2857:  852:                            "%llu", (unsigned long long)totals.crawler_items_checked);
     2857:  853:        APPEND_NUM_FMT_STAT(fmt, n, "lrutail_reflocked",
     2857:  854:                            "%llu", (unsigned long long)totals.lrutail_reflocked);
     2857:  855:        if (settings.lru_maintainer_thread) {
     2855:  856:            APPEND_NUM_FMT_STAT(fmt, n, "moves_to_cold",
     2855:  857:                                "%llu", (unsigned long long)totals.moves_to_cold);
     2855:  858:            APPEND_NUM_FMT_STAT(fmt, n, "moves_to_warm",
     2855:  859:                                "%llu", (unsigned long long)totals.moves_to_warm);
     2855:  860:            APPEND_NUM_FMT_STAT(fmt, n, "moves_within_lru",
     2855:  861:                                "%llu", (unsigned long long)totals.moves_within_lru);
     2855:  862:            APPEND_NUM_FMT_STAT(fmt, n, "direct_reclaims",
     2855:  863:                                "%llu", (unsigned long long)totals.direct_reclaims);
     2855:  864:            APPEND_NUM_FMT_STAT(fmt, n, "hits_to_hot",
     2855:  865:                                "%llu", (unsigned long long)totals.hits_to_hot);
        -:  866:
     2855:  867:            APPEND_NUM_FMT_STAT(fmt, n, "hits_to_warm",
     2855:  868:                                "%llu", (unsigned long long)totals.hits_to_warm);
        -:  869:
     2855:  870:            APPEND_NUM_FMT_STAT(fmt, n, "hits_to_cold",
     2855:  871:                                "%llu", (unsigned long long)totals.hits_to_cold);
        -:  872:
     2855:  873:            APPEND_NUM_FMT_STAT(fmt, n, "hits_to_temp",
     2857:  874:                                "%llu", (unsigned long long)totals.hits_to_temp);
        -:  875:
        -:  876:        }
        -:  877:    }
        -:  878:
        -:  879:    /* getting here means both ascii and binary terminators fit */
     1554:  880:    add_stats(NULL, 0, NULL, 0, c);
     1554:  881:}
        -:  882:
       21:  883:bool item_stats_sizes_status(void) {
       21:  884:    bool ret = false;
       21:  885:    mutex_lock(&stats_sizes_lock);
       21:  886:    if (stats_sizes_hist != NULL)
    #####:  887:        ret = true;
       21:  888:    mutex_unlock(&stats_sizes_lock);
       21:  889:    return ret;
        -:  890:}
        -:  891:
    #####:  892:void item_stats_sizes_init(void) {
    #####:  893:    if (stats_sizes_hist != NULL)
        -:  894:        return;
    #####:  895:    stats_sizes_buckets = settings.item_size_max / 32 + 1;
    #####:  896:    stats_sizes_hist = calloc(stats_sizes_buckets, sizeof(int));
    #####:  897:    stats_sizes_cas_min = (settings.use_cas) ? get_cas_id() : 0;
        -:  898:}
        -:  899:
    #####:  900:void item_stats_sizes_enable(ADD_STAT add_stats, void *c) {
    #####:  901:    mutex_lock(&stats_sizes_lock);
    #####:  902:    if (!settings.use_cas) {
    #####:  903:        APPEND_STAT("sizes_status", "error", "");
    #####:  904:        APPEND_STAT("sizes_error", "cas_support_disabled", "");
    #####:  905:    } else if (stats_sizes_hist == NULL) {
    #####:  906:        item_stats_sizes_init();
    #####:  907:        if (stats_sizes_hist != NULL) {
    #####:  908:            APPEND_STAT("sizes_status", "enabled", "");
        -:  909:        } else {
    #####:  910:            APPEND_STAT("sizes_status", "error", "");
    #####:  911:            APPEND_STAT("sizes_error", "no_memory", "");
        -:  912:        }
        -:  913:    } else {
    #####:  914:        APPEND_STAT("sizes_status", "enabled", "");
        -:  915:    }
    #####:  916:    mutex_unlock(&stats_sizes_lock);
    #####:  917:}
        -:  918:
    #####:  919:void item_stats_sizes_disable(ADD_STAT add_stats, void *c) {
    #####:  920:    mutex_lock(&stats_sizes_lock);
    #####:  921:    if (stats_sizes_hist != NULL) {
    #####:  922:        free(stats_sizes_hist);
    #####:  923:        stats_sizes_hist = NULL;
        -:  924:    }
    #####:  925:    APPEND_STAT("sizes_status", "disabled", "");
    #####:  926:    mutex_unlock(&stats_sizes_lock);
    #####:  927:}
        -:  928:
   350850:  929:void item_stats_sizes_add(item *it) {
  350850*:  930:    if (stats_sizes_hist == NULL || stats_sizes_cas_min > ITEM_get_cas(it))
        -:  931:        return;
    #####:  932:    int ntotal = ITEM_ntotal(it);
    #####:  933:    int bucket = ntotal / 32;
    #####:  934:    if ((ntotal % 32) != 0) bucket++;
    #####:  935:    if (bucket < stats_sizes_buckets) stats_sizes_hist[bucket]++;
        -:  936:}
        -:  937:
        -:  938:/* I think there's no way for this to be accurate without using the CAS value.
        -:  939: * Since items getting their time value bumped will pass this validation.
        -:  940: */
   228608:  941:void item_stats_sizes_remove(item *it) {
  228608*:  942:    if (stats_sizes_hist == NULL || stats_sizes_cas_min > ITEM_get_cas(it))
        -:  943:        return;
    #####:  944:    int ntotal = ITEM_ntotal(it);
    #####:  945:    int bucket = ntotal / 32;
    #####:  946:    if ((ntotal % 32) != 0) bucket++;
    #####:  947:    if (bucket < stats_sizes_buckets) stats_sizes_hist[bucket]--;
        -:  948:}
        -:  949:
        -:  950:/** dumps out a list of objects of each size, with granularity of 32 bytes */
        -:  951:/*@null@*/
        -:  952:/* Locks are correct based on a technicality. Holds LRU lock while doing the
        -:  953: * work, so items can't go invalid, and it's only looking at header sizes
        -:  954: * which don't change.
        -:  955: */
    #####:  956:void item_stats_sizes(ADD_STAT add_stats, void *c) {
    #####:  957:    mutex_lock(&stats_sizes_lock);
        -:  958:
    #####:  959:    if (stats_sizes_hist != NULL) {
        -:  960:        int i;
    #####:  961:        for (i = 0; i < stats_sizes_buckets; i++) {
    #####:  962:            if (stats_sizes_hist[i] != 0) {
    #####:  963:                char key[12];
    #####:  964:                snprintf(key, sizeof(key), "%d", i * 32);
    #####:  965:                APPEND_STAT(key, "%u", stats_sizes_hist[i]);
        -:  966:            }
        -:  967:        }
        -:  968:    } else {
    #####:  969:        APPEND_STAT("sizes_status", "disabled", "");
        -:  970:    }
        -:  971:
    #####:  972:    add_stats(NULL, 0, NULL, 0, c);
    #####:  973:    mutex_unlock(&stats_sizes_lock);
    #####:  974:}
        -:  975:
        -:  976:/** wrapper around assoc_find which does the lazy expiration logic */
   611469:  977:item *do_item_get(const char *key, const size_t nkey, const uint32_t hv, LIBEVENT_THREAD *t, const bool do_update) {
   611469:  978:    item *it = assoc_find(key, nkey, hv);
   611469:  979:    if (it != NULL) {
   237755:  980:        refcount_incr(it);
        -:  981:        /* Optimization for slab reassignment. prevents popular items from
        -:  982:         * jamming in busy wait. Can only do this here to satisfy lock order
        -:  983:         * of item_lock, slabs_lock. */
        -:  984:        /* This was made unsafe by removal of the cache_lock:
        -:  985:         * slab_rebalance_signal and slab_rebal.* are modified in a separate
        -:  986:         * thread under slabs_lock. If slab_rebalance_signal = 1, slab_start =
        -:  987:         * NULL (0), but slab_end is still equal to some value, this would end
        -:  988:         * up unlinking every item fetched.
        -:  989:         * This is either an acceptable loss, or if slab_rebalance_signal is
        -:  990:         * true, slab_start/slab_end should be put behind the slabs_lock.
        -:  991:         * Which would cause a huge potential slowdown.
        -:  992:         * Could also use a specific lock for slab_rebal.* and
        -:  993:         * slab_rebalance_signal (shorter lock?)
        -:  994:         */
        -:  995:        /*if (slab_rebalance_signal &&
        -:  996:            ((void *)it >= slab_rebal.slab_start && (void *)it < slab_rebal.slab_end)) {
        -:  997:            do_item_unlink(it, hv);
        -:  998:            do_item_remove(it);
        -:  999:            it = NULL;
        -: 1000:        }*/
        -: 1001:    }
   611469: 1002:    int was_found = 0;
        -: 1003:
   611469: 1004:    if (settings.verbose > 2) {
    #####: 1005:        int ii;
    #####: 1006:        if (it == NULL) {
    #####: 1007:            fprintf(stderr, "> NOT FOUND ");
        -: 1008:        } else if (was_found) {
    #####: 1009:            fprintf(stderr, "> FOUND KEY ");
        -: 1010:        }
    #####: 1011:        for (ii = 0; ii < nkey; ++ii) {
    #####: 1012:            fprintf(stderr, "%c", key[ii]);
        -: 1013:        }
        -: 1014:    }
        -: 1015:
   611469: 1016:    if (it != NULL) {
   237755: 1017:        was_found = 1;
   237755: 1018:        if (item_is_flushed(it)) {
       55: 1019:            do_item_unlink(it, hv);
       55: 1020:            STORAGE_delete(t->storage, it);
       55: 1021:            do_item_remove(it);
       55: 1022:            it = NULL;
       55: 1023:            pthread_mutex_lock(&t->stats.mutex);
       55: 1024:            t->stats.get_flushed++;
       55: 1025:            pthread_mutex_unlock(&t->stats.mutex);
       55: 1026:            if (settings.verbose > 2) {
    #####: 1027:                fprintf(stderr, " -nuked by flush");
        -: 1028:            }
        -: 1029:            was_found = 2;
   237700: 1030:        } else if (it->exptime != 0 && it->exptime <= current_time) {
       13: 1031:            do_item_unlink(it, hv);
       13: 1032:            STORAGE_delete(t->storage, it);
       13: 1033:            do_item_remove(it);
       13: 1034:            it = NULL;
       13: 1035:            pthread_mutex_lock(&t->stats.mutex);
       13: 1036:            t->stats.get_expired++;
       13: 1037:            pthread_mutex_unlock(&t->stats.mutex);
       13: 1038:            if (settings.verbose > 2) {
    #####: 1039:                fprintf(stderr, " -nuked by expire");
        -: 1040:            }
        -: 1041:            was_found = 3;
        -: 1042:        } else {
   237687: 1043:            if (do_update) {
    58671: 1044:                do_item_bump(t, it, hv);
        -: 1045:            }
   611469: 1046:            DEBUG_REFCNT(it, '+');
        -: 1047:        }
        -: 1048:    }
        -: 1049:
   611469: 1050:    if (settings.verbose > 2)
    #####: 1051:        fprintf(stderr, "\n");
        -: 1052:    /* For now this is in addition to the above verbose logging. */
  611469*: 1053:    LOGGER_LOG(t->l, LOG_FETCHERS, LOGGER_ITEM_GET, NULL, was_found, key,
        -: 1054:               nkey, (it) ? it->nbytes : 0, (it) ? ITEM_clsid(it) : 0, t->cur_sfd);
        -: 1055:
   611469: 1056:    return it;
        -: 1057:}
        -: 1058:
        -: 1059:// Requires lock held for item.
        -: 1060:// Split out of do_item_get() to allow mget functions to look through header
        -: 1061:// data before losing state modified via the bump function.
    58683: 1062:void do_item_bump(LIBEVENT_THREAD *t, item *it, const uint32_t hv) {
        -: 1063:    /* We update the hit markers only during fetches.
        -: 1064:     * An item needs to be hit twice overall to be considered
        -: 1065:     * ACTIVE, but only needs a single hit to maintain activity
        -: 1066:     * afterward.
        -: 1067:     * FETCHED tells if an item has ever been active.
        -: 1068:     */
    58683: 1069:    if (settings.lru_segmented) {
    57876: 1070:        if ((it->it_flags & ITEM_ACTIVE) == 0) {
    38121: 1071:            if ((it->it_flags & ITEM_FETCHED) == 0) {
    36762: 1072:                it->it_flags |= ITEM_FETCHED;
        -: 1073:            } else {
     1359: 1074:                it->it_flags |= ITEM_ACTIVE;
     1359: 1075:                if (ITEM_lruid(it) != COLD_LRU) {
      346: 1076:                    it->time = current_time; // only need to bump time.
     1013: 1077:                } else if (!lru_bump_async(t->lru_bump_buf, it, hv)) {
        -: 1078:                    // add flag before async bump to avoid race.
    #####: 1079:                    it->it_flags &= ~ITEM_ACTIVE;
        -: 1080:                }
        -: 1081:            }
        -: 1082:        }
        -: 1083:    } else {
      807: 1084:        it->it_flags |= ITEM_FETCHED;
      807: 1085:        do_item_update(it);
        -: 1086:    }
    58683: 1087:}
        -: 1088:
     2126: 1089:item *do_item_touch(const char *key, size_t nkey, uint32_t exptime,
        -: 1090:                    const uint32_t hv, LIBEVENT_THREAD *t) {
     2126: 1091:    item *it = do_item_get(key, nkey, hv, t, DO_UPDATE);
     2126: 1092:    if (it != NULL) {
     2036: 1093:        it->exptime = exptime;
        -: 1094:    }
     2126: 1095:    return it;
        -: 1096:}
        -: 1097:
        -: 1098:/*** LRU MAINTENANCE THREAD ***/
        -: 1099:
        -: 1100:/* Returns number of items remove, expired, or evicted.
        -: 1101: * Callable from worker threads or the LRU maintainer thread */
  7004290: 1102:int lru_pull_tail(const int orig_id, const int cur_lru,
        -: 1103:        const uint64_t total_bytes, const uint8_t flags, const rel_time_t max_age,
        -: 1104:        struct lru_pull_tail_return *ret_it) {
  7004290: 1105:    item *it = NULL;
  7004290: 1106:    int id = orig_id;
  7004290: 1107:    int removed = 0;
  7004290: 1108:    if (id == 0)
        -: 1109:        return 0;
        -: 1110:
  7004290: 1111:    int tries = 5;
  7004290: 1112:    item *search;
  7004290: 1113:    item *next_it;
  7004290: 1114:    void *hold_lock = NULL;
  7004290: 1115:    unsigned int move_to_lru = 0;
  7004290: 1116:    uint64_t limit = 0;
        -: 1117:
  7004290: 1118:    id |= cur_lru;
  7004290: 1119:    pthread_mutex_lock(&lru_locks[id]);
  7004290: 1120:    search = tails[id];
        -: 1121:    /* We walk up *only* for locked items, and if bottom is expired. */
  7012218: 1122:    for (; tries > 0 && search != NULL; tries--, search=next_it) {
        -: 1123:        /* we might relink search mid-loop, so search->prev isn't reliable */
   637538: 1124:        next_it = search->prev;
   637538: 1125:        if (search->nbytes == 0 && search->nkey == 0 && search->it_flags == 1) {
        -: 1126:            /* We are a crawler, ignore it. */
      495: 1127:            if (flags & LRU_PULL_CRAWL_BLOCKS) {
    #####: 1128:                pthread_mutex_unlock(&lru_locks[id]);
    #####: 1129:                return 0;
        -: 1130:            }
      495: 1131:            tries++;
      495: 1132:            continue;
        -: 1133:        }
   637043: 1134:        uint32_t hv = hash(ITEM_key(search), search->nkey);
        -: 1135:        /* Attempt to hash item lock the "search" item. If locked, no
        -: 1136:         * other callers can incr the refcount. Also skip ourselves. */
   637044: 1137:        if ((hold_lock = item_trylock(hv)) == NULL)
      128: 1138:            continue;
        -: 1139:        /* Now see if the item is refcount locked */
   636916: 1140:        if (refcount_incr(search) != 2) {
        -: 1141:            /* Note pathological case with ref'ed items in tail.
        -: 1142:             * Can still unlink the item, but it won't be reusable yet */
      142: 1143:            itemstats[id].lrutail_reflocked++;
        -: 1144:            /* In case of refcount leaks, enable for quick workaround. */
        -: 1145:            /* WARNING: This can cause terrible corruption */
     142*: 1146:            if (settings.tail_repair_time &&
    #####: 1147:                    search->time + settings.tail_repair_time < current_time) {
    #####: 1148:                itemstats[id].tailrepairs++;
    #####: 1149:                search->refcount = 1;
        -: 1150:                /* This will call item_remove -> item_free since refcnt is 1 */
    #####: 1151:                STORAGE_delete(ext_storage, search);
    #####: 1152:                do_item_unlink_nolock(search, hv);
    #####: 1153:                item_trylock_unlock(hold_lock);
    #####: 1154:                continue;
        -: 1155:            }
        -: 1156:        }
        -: 1157:
        -: 1158:        /* Expired or flushed */
   636916: 1159:        if ((search->exptime != 0 && search->exptime < current_time)
   636888: 1160:            || item_is_flushed(search)) {
     7040: 1161:            itemstats[id].reclaimed++;
     7040: 1162:            if ((search->it_flags & ITEM_FETCHED) == 0) {
     2597: 1163:                itemstats[id].expired_unfetched++;
        -: 1164:            }
        -: 1165:            /* refcnt 2 -> 1 */
     7040: 1166:            do_item_unlink_nolock(search, hv);
     7040: 1167:            STORAGE_delete(ext_storage, search);
        -: 1168:            /* refcnt 1 -> 0 -> item_free */
     7040: 1169:            do_item_remove(search);
     7040: 1170:            item_trylock_unlock(hold_lock);
     7040: 1171:            removed++;
        -: 1172:
        -: 1173:            /* If all we're finding are expired, can keep going */
     7040: 1174:            continue;
        -: 1175:        }
        -: 1176:
        -: 1177:        /* If we're HOT_LRU or WARM_LRU and over size limit, send to COLD_LRU.
        -: 1178:         * If we're COLD_LRU, send to WARM_LRU unless we need to evict
        -: 1179:         */
   629876: 1180:        switch (cur_lru) {
   231957: 1181:            case HOT_LRU:
   231957: 1182:                limit = total_bytes * settings.hot_lru_pct / 100;
   233310: 1183:            case WARM_LRU:
   233310: 1184:                if (limit == 0)
    12750: 1185:                    limit = total_bytes * settings.warm_lru_pct / 100;
        -: 1186:                /* Rescue ACTIVE items aggressively */
   233310: 1187:                if ((search->it_flags & ITEM_ACTIVE) != 0) {
      285: 1188:                    search->it_flags &= ~ITEM_ACTIVE;
      285: 1189:                    removed++;
      285: 1190:                    if (cur_lru == WARM_LRU) {
      265: 1191:                        itemstats[id].moves_within_lru++;
      265: 1192:                        do_item_unlink_q(search);
      265: 1193:                        do_item_link_q(search);
      265: 1194:                        do_item_remove(search);
      265: 1195:                        item_trylock_unlock(hold_lock);
        -: 1196:                    } else {
        -: 1197:                        /* Active HOT_LRU items flow to WARM */
       20: 1198:                        itemstats[id].moves_to_warm++;
       20: 1199:                        move_to_lru = WARM_LRU;
       20: 1200:                        do_item_unlink_q(search);
       20: 1201:                        it = search;
        -: 1202:                    }
   233025: 1203:                } else if (sizes_bytes[id] > limit ||
    62964: 1204:                           current_time - search->time > max_age) {
   220325: 1205:                    itemstats[id].moves_to_cold++;
   220325: 1206:                    move_to_lru = COLD_LRU;
   220325: 1207:                    do_item_unlink_q(search);
   220325: 1208:                    it = search;
   220325: 1209:                    removed++;
   220325: 1210:                    break;
        -: 1211:                } else {
        -: 1212:                    /* Don't want to move to COLD, not active, bail out */
        -: 1213:                    it = search;
        -: 1214:                }
        -: 1215:                break;
   396534: 1216:            case COLD_LRU:
   396534: 1217:                it = search; /* No matter what, we're stopping */
   396534: 1218:                if (flags & LRU_PULL_EVICT) {
    17658: 1219:                    if (settings.evict_to_free == 0) {
        -: 1220:                        /* Don't think we need a counter for this. It'll OOM.  */
        -: 1221:                        break;
        -: 1222:                    }
    17610: 1223:                    itemstats[id].evicted++;
    17610: 1224:                    itemstats[id].evicted_time = current_time - search->time;
    17610: 1225:                    if (search->exptime != 0)
       91: 1226:                        itemstats[id].evicted_nonzero++;
    17610: 1227:                    if ((search->it_flags & ITEM_FETCHED) == 0) {
    16064: 1228:                        itemstats[id].evicted_unfetched++;
        -: 1229:                    }
    17610: 1230:                    if ((search->it_flags & ITEM_ACTIVE)) {
    #####: 1231:                        itemstats[id].evicted_active++;
        -: 1232:                    }
    17610: 1233:                    LOGGER_LOG(NULL, LOG_EVICTIONS, LOGGER_EVICTION, search);
    17610: 1234:                    STORAGE_delete(ext_storage, search);
    17610: 1235:                    do_item_unlink_nolock(search, hv);
    17610: 1236:                    removed++;
    17610: 1237:                    if (settings.slab_automove == 2) {
    #####: 1238:                        slabs_reassign(-1, orig_id);
        -: 1239:                    }
   378876: 1240:                } else if (flags & LRU_PULL_RETURN_ITEM) {
        -: 1241:                    /* Keep a reference to this item and return it. */
    63410: 1242:                    ret_it->it = it;
    63410: 1243:                    ret_it->hv = hv;
   315466: 1244:                } else if ((search->it_flags & ITEM_ACTIVE) != 0
        3: 1245:                        && settings.lru_segmented) {
        3: 1246:                    itemstats[id].moves_to_warm++;
        3: 1247:                    search->it_flags &= ~ITEM_ACTIVE;
        3: 1248:                    move_to_lru = WARM_LRU;
        3: 1249:                    do_item_unlink_q(search);
        3: 1250:                    removed++;
        -: 1251:                }
        -: 1252:                break;
       32: 1253:            case TEMP_LRU:
       32: 1254:                it = search; /* Kill the loop. Parent only interested in reclaims */
       32: 1255:                break;
        -: 1256:        }
   629876: 1257:        if (it != NULL)
        -: 1258:            break;
        -: 1259:    }
        -: 1260:
  7004291: 1261:    pthread_mutex_unlock(&lru_locks[id]);
        -: 1262:
  7004291: 1263:    if (it != NULL) {
   629611: 1264:        if (move_to_lru) {
   220348: 1265:            it->slabs_clsid = ITEM_clsid(it);
   220348: 1266:            it->slabs_clsid |= move_to_lru;
   220348: 1267:            item_link_q(it);
        -: 1268:        }
   629611: 1269:        if ((flags & LRU_PULL_RETURN_ITEM) == 0) {
   566201: 1270:            do_item_remove(it);
   566201: 1271:            item_trylock_unlock(hold_lock);
        -: 1272:        }
        -: 1273:    }
        -: 1274:
        -: 1275:    return removed;
        -: 1276:}
        -: 1277:
        -: 1278:
        -: 1279:/* TODO: Third place this code needs to be deduped */
      504: 1280:static void lru_bump_buf_link_q(lru_bump_buf *b) {
      504: 1281:    pthread_mutex_lock(&bump_buf_lock);
     504*: 1282:    assert(b != bump_buf_head);
        -: 1283:
      504: 1284:    b->prev = 0;
      504: 1285:    b->next = bump_buf_head;
      504: 1286:    if (b->next) b->next->prev = b;
      504: 1287:    bump_buf_head = b;
      504: 1288:    if (bump_buf_tail == 0) bump_buf_tail = b;
      504: 1289:    pthread_mutex_unlock(&bump_buf_lock);
      504: 1290:    return;
        -: 1291:}
        -: 1292:
      504: 1293:void *item_lru_bump_buf_create(void) {
      504: 1294:    lru_bump_buf *b = calloc(1, sizeof(lru_bump_buf));
      504: 1295:    if (b == NULL) {
        -: 1296:        return NULL;
        -: 1297:    }
        -: 1298:
      504: 1299:    b->buf = bipbuf_new(sizeof(lru_bump_entry) * LRU_BUMP_BUF_SIZE);
      504: 1300:    if (b->buf == NULL) {
    #####: 1301:        free(b);
    #####: 1302:        return NULL;
        -: 1303:    }
        -: 1304:
      504: 1305:    pthread_mutex_init(&b->mutex, NULL);
        -: 1306:
      504: 1307:    lru_bump_buf_link_q(b);
      504: 1308:    return b;
        -: 1309:}
        -: 1310:
     1013: 1311:static bool lru_bump_async(lru_bump_buf *b, item *it, uint32_t hv) {
     1013: 1312:    bool ret = true;
     1013: 1313:    refcount_incr(it);
     1013: 1314:    pthread_mutex_lock(&b->mutex);
     1013: 1315:    lru_bump_entry *be = (lru_bump_entry *) bipbuf_request(b->buf, sizeof(lru_bump_entry));
     1013: 1316:    if (be != NULL) {
     1013: 1317:        be->it = it;
     1013: 1318:        be->hv = hv;
     1013: 1319:        if (bipbuf_push(b->buf, sizeof(lru_bump_entry)) == 0) {
    #####: 1320:            ret = false;
    #####: 1321:            b->dropped++;
        -: 1322:        }
        -: 1323:    } else {
    #####: 1324:        ret = false;
    #####: 1325:        b->dropped++;
        -: 1326:    }
    #####: 1327:    if (!ret) {
    #####: 1328:        refcount_decr(it);
        -: 1329:    }
     1013: 1330:    pthread_mutex_unlock(&b->mutex);
     1013: 1331:    return ret;
        -: 1332:}
        -: 1333:
        -: 1334:/* TODO: Might be worth a micro-optimization of having bump buffers link
        -: 1335: * themselves back into the central queue when queue goes from zero to
        -: 1336: * non-zero, then remove from list if zero more than N times.
        -: 1337: * If very few hits on cold this would avoid extra memory barriers from LRU
        -: 1338: * maintainer thread. If many hits, they'll just stay in the list.
        -: 1339: */
    18998: 1340:static bool lru_maintainer_bumps(void) {
    18998: 1341:    lru_bump_buf *b;
    18998: 1342:    lru_bump_entry *be;
    18998: 1343:    unsigned int size;
    18998: 1344:    unsigned int todo;
    18998: 1345:    bool bumped = false;
    18998: 1346:    pthread_mutex_lock(&bump_buf_lock);
    96163: 1347:    for (b = bump_buf_head; b != NULL; b=b->next) {
    77166: 1348:        pthread_mutex_lock(&b->mutex);
    77165: 1349:        be = (lru_bump_entry *) bipbuf_peek_all(b->buf, &size);
    77165: 1350:        pthread_mutex_unlock(&b->mutex);
        -: 1351:
    77164: 1352:        if (be == NULL) {
    77152: 1353:            continue;
        -: 1354:        }
       12: 1355:        todo = size;
       12: 1356:        bumped = true;
        -: 1357:
     1025: 1358:        while (todo) {
     1013: 1359:            item_lock(be->hv);
     1013: 1360:            do_item_update(be->it);
     1013: 1361:            do_item_remove(be->it);
     1013: 1362:            item_unlock(be->hv);
     1013: 1363:            be++;
     1013: 1364:            todo -= sizeof(lru_bump_entry);
        -: 1365:        }
        -: 1366:
       12: 1367:        pthread_mutex_lock(&b->mutex);
       12: 1368:        be = (lru_bump_entry *) bipbuf_poll(b->buf, size);
       12: 1369:        pthread_mutex_unlock(&b->mutex);
        -: 1370:    }
    18997: 1371:    pthread_mutex_unlock(&bump_buf_lock);
    18997: 1372:    return bumped;
        -: 1373:}
        -: 1374:
     3752: 1375:static uint64_t lru_total_bumps_dropped(void) {
     3752: 1376:    uint64_t total = 0;
     3752: 1377:    lru_bump_buf *b;
     3752: 1378:    pthread_mutex_lock(&bump_buf_lock);
    18816: 1379:    for (b = bump_buf_head; b != NULL; b=b->next) {
    15064: 1380:        pthread_mutex_lock(&b->mutex);
    15064: 1381:        total += b->dropped;
    15064: 1382:        pthread_mutex_unlock(&b->mutex);
        -: 1383:    }
     3752: 1384:    pthread_mutex_unlock(&bump_buf_lock);
     3752: 1385:    return total;
        -: 1386:}
        -: 1387:
        -: 1388:/* Loop up to N times:
        -: 1389: * If too many items are in HOT_LRU, push to COLD_LRU
        -: 1390: * If too many items are in WARM_LRU, push to COLD_LRU
        -: 1391: * If too many items are in COLD_LRU, poke COLD_LRU tail
        -: 1392: * 1000 loops with 1ms min sleep gives us under 1m items shifted/sec. The
        -: 1393: * locks can't handle much more than that. Leaving a TODO for how to
        -: 1394: * autoadjust in the future.
        -: 1395: */
   334422: 1396:static int lru_maintainer_juggle(const int slabs_clsid) {
   334422: 1397:    int i;
   334422: 1398:    int did_moves = 0;
   334422: 1399:    uint64_t total_bytes = 0;
   334422: 1400:    unsigned int chunks_perslab = 0;
        -: 1401:    //unsigned int chunks_free = 0;
        -: 1402:    /* TODO: if free_chunks below high watermark, increase aggressiveness */
   334422: 1403:    slabs_available_chunks(slabs_clsid, NULL,
        -: 1404:            &chunks_perslab);
   334422: 1405:    if (settings.temp_lru) {
        -: 1406:        /* Only looking for reclaims. Run before we size the LRU. */
    2664*: 1407:        for (i = 0; i < 500; i++) {
     2664: 1408:            if (lru_pull_tail(slabs_clsid, TEMP_LRU, 0, 0, 0, NULL) <= 0) {
        -: 1409:                break;
        -: 1410:            } else {
    #####: 1411:                did_moves++;
        -: 1412:            }
        -: 1413:        }
        -: 1414:    }
        -: 1415:
   334422: 1416:    rel_time_t cold_age = 0;
   334422: 1417:    rel_time_t hot_age = 0;
   334422: 1418:    rel_time_t warm_age = 0;
        -: 1419:    /* If LRU is in flat mode, force items to drain into COLD via max age of 0 */
   334422: 1420:    if (settings.lru_segmented) {
   334422: 1421:        pthread_mutex_lock(&lru_locks[slabs_clsid|COLD_LRU]);
   334422: 1422:        if (tails[slabs_clsid|COLD_LRU]) {
    15145: 1423:            cold_age = current_time - tails[slabs_clsid|COLD_LRU]->time;
        -: 1424:        }
        -: 1425:        // Also build up total_bytes for the classes.
   334422: 1426:        total_bytes += sizes_bytes[slabs_clsid|COLD_LRU];
   334422: 1427:        pthread_mutex_unlock(&lru_locks[slabs_clsid|COLD_LRU]);
        -: 1428:
   334422: 1429:        hot_age = cold_age * settings.hot_max_factor;
   334422: 1430:        warm_age = cold_age * settings.warm_max_factor;
        -: 1431:
        -: 1432:        // total_bytes doesn't have to be exact. cache it for the juggles.
   334422: 1433:        pthread_mutex_lock(&lru_locks[slabs_clsid|HOT_LRU]);
   334422: 1434:        total_bytes += sizes_bytes[slabs_clsid|HOT_LRU];
   334422: 1435:        pthread_mutex_unlock(&lru_locks[slabs_clsid|HOT_LRU]);
        -: 1436:
   334422: 1437:        pthread_mutex_lock(&lru_locks[slabs_clsid|WARM_LRU]);
   334422: 1438:        total_bytes += sizes_bytes[slabs_clsid|WARM_LRU];
   334422: 1439:        pthread_mutex_unlock(&lru_locks[slabs_clsid|WARM_LRU]);
        -: 1440:    }
        -: 1441:
        -: 1442:    /* Juggle HOT/WARM up to N times */
   545045: 1443:    for (i = 0; i < 500; i++) {
   544880: 1444:        int do_more = 0;
   881011: 1445:        if (lru_pull_tail(slabs_clsid, HOT_LRU, total_bytes, LRU_PULL_CRAWL_BLOCKS, hot_age, NULL) ||
   336131: 1446:            lru_pull_tail(slabs_clsid, WARM_LRU, total_bytes, LRU_PULL_CRAWL_BLOCKS, warm_age, NULL)) {
        -: 1447:            do_more++;
        -: 1448:        }
   544880: 1449:        if (settings.lru_segmented) {
   544880: 1450:            do_more += lru_pull_tail(slabs_clsid, COLD_LRU, total_bytes, LRU_PULL_CRAWL_BLOCKS, 0, NULL);
        -: 1451:        }
   544880: 1452:        if (do_more == 0)
        -: 1453:            break;
   210623: 1454:        did_moves++;
        -: 1455:    }
   334422: 1456:    return did_moves;
        -: 1457:}
        -: 1458:
        -: 1459:/* Will crawl all slab classes a minimum of once per hour */
        -: 1460:#define MAX_MAINTCRAWL_WAIT 60 * 60
        -: 1461:
        -: 1462:/* Hoping user input will improve this function. This is all a wild guess.
        -: 1463: * Operation: Kicks crawler for each slab id. Crawlers take some statistics as
        -: 1464: * to items with nonzero expirations. It then buckets how many items will
        -: 1465: * expire per minute for the next hour.
        -: 1466: * This function checks the results of a run, and if it things more than 1% of
        -: 1467: * expirable objects are ready to go, kick the crawler again to reap.
        -: 1468: * It will also kick the crawler once per minute regardless, waiting a minute
        -: 1469: * longer for each time it has no work to do, up to an hour wait time.
        -: 1470: * The latter is to avoid newly started daemons from waiting too long before
        -: 1471: * retrying a crawl.
        -: 1472: */
      298: 1473:static void lru_maintainer_crawler_check(struct crawler_expired_data *cdata, logger *l) {
      298: 1474:    int i;
      298: 1475:    static rel_time_t next_crawls[POWER_LARGEST];
      298: 1476:    static rel_time_t next_crawl_wait[POWER_LARGEST];
      298: 1477:    uint8_t todo[POWER_LARGEST];
      298: 1478:    memset(todo, 0, sizeof(uint8_t) * POWER_LARGEST);
      298: 1479:    bool do_run = false;
      298: 1480:    unsigned int tocrawl_limit = 0;
        -: 1481:
        -: 1482:    // TODO: If not segmented LRU, skip non-cold
    76173: 1483:    for (i = POWER_SMALLEST; i < POWER_LARGEST; i++) {
    75876: 1484:        crawlerstats_t *s = &cdata->crawlerstats[i];
        -: 1485:        /* We've not successfully kicked off a crawl yet. */
    75876: 1486:        if (s->run_complete) {
     9320: 1487:            char *lru_name = "na";
     9320: 1488:            pthread_mutex_lock(&cdata->lock);
     9319: 1489:            int x;
        -: 1490:            /* Should we crawl again? */
     9319: 1491:            uint64_t possible_reclaims = s->seen - s->noexp;
     9319: 1492:            uint64_t available_reclaims = 0;
        -: 1493:            /* Need to think we can free at least 1% of the items before
        -: 1494:             * crawling. */
        -: 1495:            /* FIXME: Configurable? */
     9319: 1496:            uint64_t low_watermark = (possible_reclaims / 100) + 1;
     9319: 1497:            rel_time_t since_run = current_time - s->end_time;
        -: 1498:            /* Don't bother if the payoff is too low. */
   568498: 1499:            for (x = 0; x < 60; x++) {
   559179: 1500:                available_reclaims += s->histo[x];
   559179: 1501:                if (available_reclaims > low_watermark) {
    #####: 1502:                    if (next_crawl_wait[i] < (x * 60)) {
    #####: 1503:                        next_crawl_wait[i] += 60;
    #####: 1504:                    } else if (next_crawl_wait[i] >= 60) {
    #####: 1505:                        next_crawl_wait[i] -= 60;
        -: 1506:                    }
        -: 1507:                    break;
        -: 1508:                }
        -: 1509:            }
        -: 1510:
     9319: 1511:            if (available_reclaims == 0) {
     9319: 1512:                next_crawl_wait[i] += 60;
        -: 1513:            }
        -: 1514:
     9319: 1515:            if (next_crawl_wait[i] > MAX_MAINTCRAWL_WAIT) {
    #####: 1516:                next_crawl_wait[i] = MAX_MAINTCRAWL_WAIT;
        -: 1517:            }
        -: 1518:
     9319: 1519:            next_crawls[i] = current_time + next_crawl_wait[i] + 5;
     9319: 1520:            switch (GET_LRU(i)) {
     2331: 1521:                case HOT_LRU:
     2331: 1522:                    lru_name = "hot";
     2331: 1523:                    break;
     2368: 1524:                case WARM_LRU:
     2368: 1525:                    lru_name = "warm";
     2368: 1526:                    break;
     2316: 1527:                case COLD_LRU:
     2316: 1528:                    lru_name = "cold";
     2316: 1529:                    break;
     2304: 1530:                case TEMP_LRU:
     2304: 1531:                    lru_name = "temp";
     2304: 1532:                    break;
        -: 1533:            }
    9319*: 1534:            LOGGER_LOG(l, LOG_SYSEVENTS, LOGGER_CRAWLER_STATUS, NULL,
        -: 1535:                    CLEAR_LRU(i),
        -: 1536:                    lru_name,
        -: 1537:                    (unsigned long long)low_watermark,
        -: 1538:                    (unsigned long long)available_reclaims,
        -: 1539:                    (unsigned int)since_run,
        -: 1540:                    next_crawls[i] - current_time,
        -: 1541:                    s->end_time - s->start_time,
        -: 1542:                    s->seen,
        -: 1543:                    s->reclaimed);
        -: 1544:            // Got our calculation, avoid running until next actual run.
     9319: 1545:            s->run_complete = false;
     9319: 1546:            pthread_mutex_unlock(&cdata->lock);
        -: 1547:        }
    75875: 1548:        if (current_time > next_crawls[i]) {
    27795: 1549:            pthread_mutex_lock(&lru_locks[i]);
    27795: 1550:            if (sizes[i] > tocrawl_limit) {
        -: 1551:                tocrawl_limit = sizes[i];
        -: 1552:            }
    27795: 1553:            pthread_mutex_unlock(&lru_locks[i]);
    27795: 1554:            todo[i] = 1;
    27795: 1555:            do_run = true;
    27795: 1556:            next_crawls[i] = current_time + 5; // minimum retry wait.
        -: 1557:        }
        -: 1558:    }
      297: 1559:    if (do_run) {
      109: 1560:        if (settings.lru_crawler_tocrawl && settings.lru_crawler_tocrawl < tocrawl_limit) {
        -: 1561:            tocrawl_limit = settings.lru_crawler_tocrawl;
        -: 1562:        }
      109: 1563:        lru_crawler_start(todo, tocrawl_limit, CRAWLER_AUTOEXPIRE, cdata, NULL, 0);
        -: 1564:    }
      297: 1565:}
        -: 1566:
        -: 1567:slab_automove_reg_t slab_automove_default = {
        -: 1568:    .init = slab_automove_init,
        -: 1569:    .free = slab_automove_free,
        -: 1570:    .run = slab_automove_run
        -: 1571:};
        -: 1572:#ifdef EXTSTORE
        -: 1573:slab_automove_reg_t slab_automove_extstore = {
        -: 1574:    .init = slab_automove_extstore_init,
        -: 1575:    .free = slab_automove_extstore_free,
        -: 1576:    .run = slab_automove_extstore_run
        -: 1577:};
        -: 1578:#endif
        -: 1579:static pthread_t lru_maintainer_tid;
        -: 1580:
        -: 1581:#define MAX_LRU_MAINTAINER_SLEEP 1000000
        -: 1582:#define MIN_LRU_MAINTAINER_SLEEP 1000
        -: 1583:
      111: 1584:static void *lru_maintainer_thread(void *arg) {
      111: 1585:    slab_automove_reg_t *sam = &slab_automove_default;
        -: 1586:#ifdef EXTSTORE
      111: 1587:    void *storage = arg;
      111: 1588:    if (storage != NULL)
       10: 1589:        sam = &slab_automove_extstore;
        -: 1590:#endif
      111: 1591:    int i;
      111: 1592:    useconds_t to_sleep = MIN_LRU_MAINTAINER_SLEEP;
      111: 1593:    useconds_t last_sleep = MIN_LRU_MAINTAINER_SLEEP;
      111: 1594:    rel_time_t last_crawler_check = 0;
      111: 1595:    rel_time_t last_automove_check = 0;
      111: 1596:    useconds_t next_juggles[MAX_NUMBER_OF_SLAB_CLASSES] = {0};
      111: 1597:    useconds_t backoff_juggles[MAX_NUMBER_OF_SLAB_CLASSES] = {0};
      111: 1598:    struct crawler_expired_data *cdata =
      111: 1599:        calloc(1, sizeof(struct crawler_expired_data));
      111: 1600:    if (cdata == NULL) {
    #####: 1601:        fprintf(stderr, "Failed to allocate crawler data for LRU maintainer thread\n");
    #####: 1602:        abort();
        -: 1603:    }
      111: 1604:    pthread_mutex_init(&cdata->lock, NULL);
      111: 1605:    cdata->crawl_complete = true; // kick off the crawler.
      111: 1606:    logger *l = logger_create();
      111: 1607:    if (l == NULL) {
    #####: 1608:        fprintf(stderr, "Failed to allocate logger for LRU maintainer thread\n");
    #####: 1609:        abort();
        -: 1610:    }
        -: 1611:
      111: 1612:    double last_ratio = settings.slab_automove_ratio;
      111: 1613:    void *am = sam->init(&settings);
        -: 1614:
      111: 1615:    pthread_mutex_lock(&lru_maintainer_lock);
      111: 1616:    if (settings.verbose > 2)
    #####: 1617:        fprintf(stderr, "Starting LRU maintainer background thread\n");
    19106: 1618:    while (do_run_lru_maintainer_thread) {
    19104: 1619:        pthread_mutex_unlock(&lru_maintainer_lock);
    19104: 1620:        if (to_sleep)
    15016: 1621:            usleep(to_sleep);
    18998: 1622:        pthread_mutex_lock(&lru_maintainer_lock);
        -: 1623:        /* A sleep of zero counts as a minimum of a 1ms wait */
    18998: 1624:        last_sleep = to_sleep > 1000 ? to_sleep : 1000;
    18998: 1625:        to_sleep = MAX_LRU_MAINTAINER_SLEEP;
        -: 1626:
    18998: 1627:        STATS_LOCK();
    18998: 1628:        stats.lru_maintainer_juggles++;
    18998: 1629:        STATS_UNLOCK();
        -: 1630:
        -: 1631:        /* Each slab class gets its own sleep to avoid hammering locks */
  1234869: 1632:        for (i = POWER_SMALLEST; i < MAX_NUMBER_OF_SLAB_CLASSES; i++) {
  1196874: 1633:            next_juggles[i] = next_juggles[i] > last_sleep ? next_juggles[i] - last_sleep : 0;
        -: 1634:
  1196874: 1635:            if (next_juggles[i] > 0) {
        -: 1636:                // Sleep the thread just for the minimum amount (or not at all)
   862452: 1637:                if (next_juggles[i] < to_sleep)
        -: 1638:                    to_sleep = next_juggles[i];
   862452: 1639:                continue;
        -: 1640:            }
        -: 1641:
   334422: 1642:            int did_moves = lru_maintainer_juggle(i);
   334421: 1643:            if (did_moves == 0) {
   329526: 1644:                if (backoff_juggles[i] != 0) {
   318544: 1645:                    backoff_juggles[i] += backoff_juggles[i] / 8;
        -: 1646:                } else {
    10982: 1647:                    backoff_juggles[i] = MIN_LRU_MAINTAINER_SLEEP;
        -: 1648:                }
   329526: 1649:                if (backoff_juggles[i] > MAX_LRU_MAINTAINER_SLEEP)
     4549: 1650:                    backoff_juggles[i] = MAX_LRU_MAINTAINER_SLEEP;
     4895: 1651:            } else if (backoff_juggles[i] > 0) {
     4686: 1652:                backoff_juggles[i] /= 2;
     4686: 1653:                if (backoff_juggles[i] < MIN_LRU_MAINTAINER_SLEEP) {
     3989: 1654:                    backoff_juggles[i] = 0;
        -: 1655:                }
        -: 1656:            }
   334421: 1657:            next_juggles[i] = backoff_juggles[i];
   334421: 1658:            if (next_juggles[i] < to_sleep)
        -: 1659:                to_sleep = next_juggles[i];
        -: 1660:        }
        -: 1661:
        -: 1662:        /* Minimize the sleep if we had async LRU bumps to process */
    18997: 1663:        if (settings.lru_segmented && lru_maintainer_bumps() && to_sleep > 1000) {
        -: 1664:            to_sleep = 1000;
        -: 1665:        }
        -: 1666:
        -: 1667:        /* Once per second at most */
    18997: 1668:        if (settings.lru_crawler && last_crawler_check != current_time) {
      298: 1669:            lru_maintainer_crawler_check(cdata, l);
      297: 1670:            last_crawler_check = current_time;
        -: 1671:        }
        -: 1672:
    18996: 1673:        if (settings.slab_automove == 1 && last_automove_check != current_time) {
      345: 1674:            if (last_ratio != settings.slab_automove_ratio) {
    #####: 1675:                sam->free(am);
    #####: 1676:                am = sam->init(&settings);
    #####: 1677:                last_ratio = settings.slab_automove_ratio;
        -: 1678:            }
      345: 1679:            int src, dst;
      345: 1680:            sam->run(am, &src, &dst);
      344: 1681:            if (src != -1 && dst != -1) {
      108: 1682:                slabs_reassign(src, dst);
     108*: 1683:                LOGGER_LOG(l, LOG_SYSEVENTS, LOGGER_SLAB_MOVE, NULL,
        -: 1684:                        src, dst);
        -: 1685:            }
        -: 1686:            // dst == 0 means reclaim to global pool, be more aggressive
      344: 1687:            if (dst != 0) {
      237: 1688:                last_automove_check = current_time;
        -: 1689:            } else if (dst == 0) {
        -: 1690:                // also ensure we minimize the thread sleep
        -: 1691:                to_sleep = 1000;
        -: 1692:            }
        -: 1693:        }
        -: 1694:    }
        2: 1695:    pthread_mutex_unlock(&lru_maintainer_lock);
        2: 1696:    sam->free(am);
        -: 1697:    // LRU crawler *must* be stopped.
        2: 1698:    free(cdata);
        2: 1699:    if (settings.verbose > 2)
    #####: 1700:        fprintf(stderr, "LRU maintainer thread stopping\n");
        -: 1701:
        2: 1702:    return NULL;
        -: 1703:}
        -: 1704:
        2: 1705:int stop_lru_maintainer_thread(void) {
        2: 1706:    int ret;
        2: 1707:    pthread_mutex_lock(&lru_maintainer_lock);
        -: 1708:    /* LRU thread is a sleep loop, will die on its own */
        2: 1709:    do_run_lru_maintainer_thread = 0;
        2: 1710:    pthread_mutex_unlock(&lru_maintainer_lock);
        2: 1711:    if ((ret = pthread_join(lru_maintainer_tid, NULL)) != 0) {
    #####: 1712:        fprintf(stderr, "Failed to stop LRU maintainer thread: %s\n", strerror(ret));
    #####: 1713:        return -1;
        -: 1714:    }
        2: 1715:    settings.lru_maintainer_thread = false;
        2: 1716:    return 0;
        -: 1717:}
        -: 1718:
      111: 1719:int start_lru_maintainer_thread(void *arg) {
      111: 1720:    int ret;
        -: 1721:
      111: 1722:    pthread_mutex_lock(&lru_maintainer_lock);
      111: 1723:    do_run_lru_maintainer_thread = 1;
      111: 1724:    settings.lru_maintainer_thread = true;
      111: 1725:    if ((ret = pthread_create(&lru_maintainer_tid, NULL,
        -: 1726:        lru_maintainer_thread, arg)) != 0) {
    #####: 1727:        fprintf(stderr, "Can't create LRU maintainer thread: %s\n",
        -: 1728:            strerror(ret));
    #####: 1729:        pthread_mutex_unlock(&lru_maintainer_lock);
    #####: 1730:        return -1;
        -: 1731:    }
      111: 1732:    thread_setname(lru_maintainer_tid, "mc-lrumaint");
      111: 1733:    pthread_mutex_unlock(&lru_maintainer_lock);
        -: 1734:
      111: 1735:    return 0;
        -: 1736:}
        -: 1737:
        -: 1738:/* If we hold this lock, crawler can't wake up or move */
        1: 1739:void lru_maintainer_pause(void) {
        1: 1740:    pthread_mutex_lock(&lru_maintainer_lock);
        1: 1741:}
        -: 1742:
        1: 1743:void lru_maintainer_resume(void) {
        1: 1744:    pthread_mutex_unlock(&lru_maintainer_lock);
        1: 1745:}
        -: 1746:
        -: 1747:/* Tail linkers and crawler for the LRU crawler. */
    28568: 1748:void do_item_linktail_q(item *it) { /* item is the new tail */
    28568: 1749:    item **head, **tail;
   28568*: 1750:    assert(it->it_flags == 1);
   28568*: 1751:    assert(it->nbytes == 0);
        -: 1752:
    28568: 1753:    head = &heads[it->slabs_clsid];
    28568: 1754:    tail = &tails[it->slabs_clsid];
        -: 1755:    //assert(*tail != 0);
   28568*: 1756:    assert(it != *tail);
   28568*: 1757:    assert((*head && *tail) || (*head == 0 && *tail == 0));
    28568: 1758:    it->prev = *tail;
    28568: 1759:    it->next = 0;
    28568: 1760:    if (it->prev) {
      21*: 1761:        assert(it->prev->next == 0);
       21: 1762:        it->prev->next = it;
        -: 1763:    }
    28568: 1764:    *tail = it;
    28568: 1765:    if (*head == 0) *head = it;
    28568: 1766:    return;
        -: 1767:}
        -: 1768:
    28568: 1769:void do_item_unlinktail_q(item *it) {
    28568: 1770:    item **head, **tail;
    28568: 1771:    head = &heads[it->slabs_clsid];
    28568: 1772:    tail = &tails[it->slabs_clsid];
        -: 1773:
    28568: 1774:    if (*head == it) {
   28548*: 1775:        assert(it->prev == 0);
    28548: 1776:        *head = it->next;
        -: 1777:    }
    28568: 1778:    if (*tail == it) {
   28548*: 1779:        assert(it->next == 0);
    28548: 1780:        *tail = it->prev;
        -: 1781:    }
   28568*: 1782:    assert(it->next != it);
   28568*: 1783:    assert(it->prev != it);
        -: 1784:
    28568: 1785:    if (it->next) it->next->prev = it->prev;
   28568*: 1786:    if (it->prev) it->prev->next = it->next;
    28568: 1787:    return;
        -: 1788:}
        -: 1789:
        -: 1790:/* This is too convoluted, but it's a difficult shuffle. Try to rewrite it
        -: 1791: * more clearly. */
    34890: 1792:item *do_item_crawl_q(item *it) {
    34890: 1793:    item **head, **tail;
   34890*: 1794:    assert(it->it_flags == 1);
   34890*: 1795:    assert(it->nbytes == 0);
    34890: 1796:    head = &heads[it->slabs_clsid];
    34890: 1797:    tail = &tails[it->slabs_clsid];
        -: 1798:
        -: 1799:    /* We've hit the head, pop off */
    34890: 1800:    if (it->prev == 0) {
   28568*: 1801:        assert(*head == it);
    28568: 1802:        if (it->next) {
       20: 1803:            *head = it->next;
      20*: 1804:            assert(it->next->prev == it);
       20: 1805:            it->next->prev = 0;
        -: 1806:        }
    28568: 1807:        return NULL; /* Done */
        -: 1808:    }
        -: 1809:
        -: 1810:    /* Swing ourselves in front of the next item */
        -: 1811:    /* NB: If there is a prev, we can't be the head */
    6322*: 1812:    assert(it->prev != it);
     6322: 1813:    if (it->prev) {
     6322: 1814:        if (*head == it->prev) {
        -: 1815:            /* Prev was the head, now we're the head */
       21: 1816:            *head = it;
        -: 1817:        }
     6322: 1818:        if (*tail == it) {
        -: 1819:            /* We are the tail, now they are the tail */
       50: 1820:            *tail = it->prev;
        -: 1821:        }
    6322*: 1822:        assert(it->next != it);
     6322: 1823:        if (it->next) {
    6272*: 1824:            assert(it->prev->next == it);
     6272: 1825:            it->prev->next = it->next;
     6272: 1826:            it->next->prev = it->prev;
        -: 1827:        } else {
        -: 1828:            /* Tail. Move this above? */
       50: 1829:            it->prev->next = 0;
        -: 1830:        }
        -: 1831:        /* prev->prev's next is it->prev */
     6322: 1832:        it->next = it->prev;
     6322: 1833:        it->prev = it->next->prev;
     6322: 1834:        it->next->prev = it;
        -: 1835:        /* New it->prev now, if we're not at the head. */
     6322: 1836:        if (it->prev) {
     6301: 1837:            it->prev->next = it;
        -: 1838:        }
        -: 1839:    }
    6322*: 1840:    assert(it->next != it);
    6322*: 1841:    assert(it->prev != it);
        -: 1842:
        -: 1843:    return it->next; /* success */
        -: 1844:}
