        -:    0:Source:logger.c
        -:    0:Graph:logger.gcno
        -:    0:Data:logger.gcda
        -:    0:Runs:428
        -:    1:/* -*- Mode: C; tab-width: 4; c-basic-offset: 4; indent-tabs-mode: nil -*- */
        -:    2:
        -:    3:#include <arpa/inet.h>
        -:    4:#include <stdlib.h>
        -:    5:#include <stdio.h>
        -:    6:#include <string.h>
        -:    7:#include <errno.h>
        -:    8:#include <poll.h>
        -:    9:#include <ctype.h>
        -:   10:#include <stdarg.h>
        -:   11:
        -:   12:#if defined(__sun)
        -:   13:#include <atomic.h>
        -:   14:#endif
        -:   15:
        -:   16:#include "memcached.h"
        -:   17:#include "bipbuffer.h"
        -:   18:
        -:   19:#ifdef LOGGER_DEBUG
        -:   20:#define L_DEBUG(...) \
        -:   21:    do { \
        -:   22:        fprintf(stderr, __VA_ARGS__); \
        -:   23:    } while (0)
        -:   24:#else
        -:   25:#define L_DEBUG(...)
        -:   26:#endif
        -:   27:
        -:   28:
        -:   29:/* TODO: put this in a struct and ditch the global vars. */
        -:   30:static logger *logger_stack_head = NULL;
        -:   31:static logger *logger_stack_tail = NULL;
        -:   32:static unsigned int logger_count = 0;
        -:   33:static volatile int do_run_logger_thread = 1;
        -:   34:static pthread_t logger_tid;
        -:   35:pthread_mutex_t logger_stack_lock = PTHREAD_MUTEX_INITIALIZER;
        -:   36:pthread_cond_t logger_stack_cond = PTHREAD_COND_INITIALIZER;
        -:   37:
        -:   38:pthread_key_t logger_key;
        -:   39:
        -:   40:#if !defined(HAVE_GCC_64ATOMICS) && !defined(__sun)
        -:   41:pthread_mutex_t logger_atomics_mutex = PTHREAD_MUTEX_INITIALIZER;
        -:   42:#endif
        -:   43:
        -:   44:#define WATCHER_LIMIT 20
        -:   45:logger_watcher *watchers[20];
        -:   46:struct pollfd watchers_pollfds[20];
        -:   47:int watcher_count = 0;
        -:   48:
        -:   49:#define WATCHER_ALL -1
        -:   50:static int logger_thread_poll_watchers(int force_poll, int watcher);
        -:   51:
        -:   52:/* helpers for logger_log */
        -:   53:
    #####:   54:static void _logger_log_text(logentry *e, const entry_details *d, const void *entry, va_list ap) {
    #####:   55:    int reqlen = d->reqlen;
    #####:   56:    int total = vsnprintf((char *) e->data, reqlen, d->format, ap);
    #####:   57:    if (total <= 0) {
    #####:   58:        fprintf(stderr, "LOGGER: Failed to vsnprintf a text entry: (total) %d\n", total);
        -:   59:    }
    #####:   60:    e->size = total + 1; // null byte
    #####:   61:}
        -:   62:
        1:   63:static void _logger_log_evictions(logentry *e, const entry_details *d, const void *entry, va_list ap) {
        1:   64:    item *it = (item *)entry;
        1:   65:    struct logentry_eviction *le = (struct logentry_eviction *) e->data;
        -:   66:
       1*:   67:    le->exptime = (it->exptime > 0) ? (long long int)(it->exptime - current_time) : (long long int) -1;
        1:   68:    le->latime = current_time - it->time;
        1:   69:    le->it_flags = it->it_flags;
        1:   70:    le->nkey = it->nkey;
        1:   71:    le->nbytes = it->nbytes;
        1:   72:    le->clsid = ITEM_clsid(it);
        1:   73:    memcpy(le->key, ITEM_key(it), it->nkey);
        1:   74:    e->size = sizeof(struct logentry_eviction) + le->nkey;
        1:   75:}
        -:   76:#ifdef EXTSTORE
    #####:   77:static void _logger_log_ext_write(logentry *e, const entry_details *d, const void *entry, va_list ap) {
    #####:   78:    item *it = (item *)entry;
    #####:   79:    int ew_bucket = va_arg(ap, int);
        -:   80:
    #####:   81:    struct logentry_ext_write *le = (struct logentry_ext_write *) e->data;
    #####:   82:    le->exptime = (it->exptime > 0) ? (long long int)(it->exptime - current_time) : (long long int) -1;
    #####:   83:    le->latime = current_time - it->time;
    #####:   84:    le->it_flags = it->it_flags;
    #####:   85:    le->nkey = it->nkey;
    #####:   86:    le->clsid = ITEM_clsid(it);
    #####:   87:    le->bucket = (uint8_t)ew_bucket;
    #####:   88:    memcpy(le->key, ITEM_key(it), it->nkey);
    #####:   89:    e->size = sizeof(struct logentry_ext_write) + le->nkey;
    #####:   90:}
        -:   91:#endif
        -:   92:// 0 == nf, 1 == found. 2 == flushed. 3 == expired.
        -:   93:// might be useful to store/print the flags an item has?
        -:   94:// could also collapse this and above code into an "item status" struct. wait
        -:   95:// for more endpoints to be written before making it generic, though.
    81103:   96:static void _logger_log_item_get(logentry *e, const entry_details *d, const void *entry, va_list ap) {
    81103:   97:    int was_found = va_arg(ap, int);
    81103:   98:    char *key = va_arg(ap, char *);
    81103:   99:    int nkey = va_arg(ap, int);
    81103:  100:    int nbytes = va_arg(ap, int);
    81103:  101:    uint8_t clsid = va_arg(ap, int);
    81103:  102:    int sfd = va_arg(ap, int);
        -:  103:
    81103:  104:    struct logentry_item_get *le = (struct logentry_item_get *) e->data;
    81103:  105:    le->was_found = was_found;
    81103:  106:    le->nkey = nkey;
    81103:  107:    le->nbytes = nbytes;
    81103:  108:    le->clsid = clsid;
    81103:  109:    memcpy(le->key, key, nkey);
    81103:  110:    le->sfd = sfd;
    81103:  111:    e->size = sizeof(struct logentry_item_get) + nkey;
    81103:  112:}
        -:  113:
        4:  114:static void _logger_log_item_store(logentry *e, const entry_details *d, const void *entry, va_list ap) {
        4:  115:    enum store_item_type status = va_arg(ap, enum store_item_type);
        4:  116:    int comm = va_arg(ap, int);
        4:  117:    char *key = va_arg(ap, char *);
        4:  118:    int nkey = va_arg(ap, int);
        4:  119:    int nbytes = va_arg(ap, int);
        4:  120:    rel_time_t ttl = va_arg(ap, rel_time_t);
        4:  121:    uint8_t clsid = va_arg(ap, int);
        4:  122:    int sfd = va_arg(ap, int);
        -:  123:
        4:  124:    struct logentry_item_store *le = (struct logentry_item_store *) e->data;
        4:  125:    le->status = status;
        4:  126:    le->cmd = comm;
        4:  127:    le->nkey = nkey;
        4:  128:    le->nbytes = nbytes;
        4:  129:    le->clsid = clsid;
        4:  130:    if (ttl != 0) {
    #####:  131:        le->ttl = ttl - current_time;
        -:  132:    } else {
        4:  133:        le->ttl = 0;
        -:  134:    }
        4:  135:    memcpy(le->key, key, nkey);
        4:  136:    le->sfd = sfd;
        4:  137:    e->size = sizeof(struct logentry_item_store) + nkey;
        4:  138:}
        -:  139:
        3:  140:static void _logger_log_item_deleted(logentry *e, const entry_details *d, const void *entry, va_list ap) {
        3:  141:    item *it = (item *)entry;
        3:  142:    int comm = va_arg(ap, int);
        3:  143:    struct logentry_deletion *le = (struct logentry_deletion *) e->data;
        3:  144:    le->nkey = it->nkey;
        3:  145:    le->cmd = comm;
        3:  146:    le->nbytes = it->nbytes;
        3:  147:    le->clsid = ITEM_clsid(it);
        3:  148:    memcpy(le->key, ITEM_key(it), it->nkey);
        3:  149:    e->size = sizeof(struct logentry_deletion) + le->nkey;
        3:  150:}
        -:  151:
        5:  152:static void _logger_log_conn_event(logentry *e, const entry_details *d, const void *entry, va_list ap) {
        5:  153:    struct sockaddr_in6 *addr = va_arg(ap, struct sockaddr_in6 *);
        5:  154:    socklen_t addrlen = va_arg(ap, socklen_t);
        5:  155:    enum network_transport transport = va_arg(ap, enum network_transport);
        5:  156:    enum close_reasons reason = va_arg(ap, enum close_reasons);
        5:  157:    int sfd = va_arg(ap, int);
        -:  158:
        5:  159:    struct logentry_conn_event *le = (struct logentry_conn_event *) e->data;
        -:  160:
        5:  161:    memcpy(&le->addr, addr, addrlen);
        5:  162:    le->sfd = sfd;
        5:  163:    le->transport = transport;
        5:  164:    le->reason = reason;
        5:  165:    e->size = sizeof(struct logentry_conn_event);
        5:  166:}
        -:  167:
        -:  168:/*************************
        -:  169: * Util functions used by the logger background thread
        -:  170: *************************/
        -:  171:
        5:  172:static int _logger_util_addr_endpoint(struct sockaddr_in6 *addr, char *rip,
        -:  173:        size_t riplen, unsigned short *rport) {
        5:  174:    memset(rip, 0, riplen);
        5:  175:    *rport = 0;
        -:  176:
        5:  177:    switch (addr->sin6_family) {
    #####:  178:        case AF_INET:
    #####:  179:            inet_ntop(AF_INET, &((struct sockaddr_in *) addr)->sin_addr,
        -:  180:                    rip, riplen - 1);
    #####:  181:            *rport = ntohs(((struct sockaddr_in *) addr)->sin_port);
    #####:  182:            break;
    #####:  183:        case AF_INET6:
    #####:  184:            inet_ntop(AF_INET6, &((struct sockaddr_in6 *) addr)->sin6_addr,
        -:  185:                    rip, riplen - 1);
    #####:  186:            *rport = ntohs(((struct sockaddr_in6 *) addr)->sin6_port);
    #####:  187:            break;
        -:  188:#ifndef DISABLE_UNIX_SOCKET
        -:  189:        // Connections on Unix socket transports have c->request_addr zeroed out.
        -:  190:        case AF_UNSPEC:
        -:  191:        case AF_UNIX:
        5:  192:            strncpy(rip, "unix", strlen("unix") + 1);
        -:  193:            break;
        -:  194:#endif // #ifndef DISABLE_UNIX_SOCKET
        -:  195:    }
        -:  196:
        5:  197:    return 0;
        -:  198:}
        -:  199:
        -:  200:/*************************
        -:  201: * Logger background thread functions. Aggregates per-worker buffers and
        -:  202: * writes to any watchers.
        -:  203: *************************/
        -:  204:
        -:  205:#define LOGGER_PARSE_SCRATCH 4096
        -:  206:
    #####:  207:static int _logger_parse_text(logentry *e, char *scratch) {
    #####:  208:    return snprintf(scratch, LOGGER_PARSE_SCRATCH, "ts=%lld.%d gid=%llu %s\n",
    #####:  209:            (long long int)e->tv.tv_sec, (int)e->tv.tv_usec,
    #####:  210:            (unsigned long long) e->gid, (char *) e->data);
        -:  211:}
        -:  212:
        4:  213:static int _logger_parse_ise(logentry *e, char *scratch) {
        4:  214:    int total;
        4:  215:    const char *cmd = "na";
        4:  216:    char keybuf[KEY_MAX_URI_ENCODED_LENGTH];
        4:  217:    struct logentry_item_store *le = (struct logentry_item_store *) e->data;
        4:  218:    const char * const status_map[] = {
        -:  219:        "not_stored", "stored", "exists", "not_found", "too_large", "no_memory" };
        4:  220:    const char * const cmd_map[] = {
        -:  221:        "null", "add", "set", "replace", "append", "prepend", "cas", "append", "prepend" };
        -:  222:
        4:  223:    if (le->cmd <= 8)
        4:  224:        cmd = cmd_map[le->cmd];
        -:  225:
        4:  226:    uriencode(le->key, keybuf, le->nkey, KEY_MAX_URI_ENCODED_LENGTH);
        4:  227:    total = snprintf(scratch, LOGGER_PARSE_SCRATCH,
        -:  228:            "ts=%lld.%d gid=%llu type=item_store key=%s status=%s cmd=%s ttl=%u clsid=%u cfd=%d size=%d\n",
        4:  229:            (long long int)e->tv.tv_sec, (int)e->tv.tv_usec, (unsigned long long) e->gid,
        4:  230:            keybuf, status_map[le->status], cmd, le->ttl, le->clsid, le->sfd,
        4:  231:            le->nbytes > 0 ? le->nbytes - 2 : 0); // CLRF
        4:  232:    return total;
        -:  233:}
        -:  234:
    81103:  235:static int _logger_parse_ige(logentry *e, char *scratch) {
    81103:  236:    int total;
    81103:  237:    struct logentry_item_get *le = (struct logentry_item_get *) e->data;
    81103:  238:    char keybuf[KEY_MAX_URI_ENCODED_LENGTH];
    81103:  239:    const char * const was_found_map[] = {
        -:  240:        "not_found", "found", "flushed", "expired" };
        -:  241:
    81103:  242:    uriencode(le->key, keybuf, le->nkey, KEY_MAX_URI_ENCODED_LENGTH);
        8:  243:    total = snprintf(scratch, LOGGER_PARSE_SCRATCH,
        -:  244:            "ts=%lld.%d gid=%llu type=item_get key=%s status=%s clsid=%u cfd=%d size=%d\n",
    81103:  245:            (long long int)e->tv.tv_sec, (int)e->tv.tv_usec, (unsigned long long) e->gid,
    81103:  246:            keybuf, was_found_map[le->was_found], le->clsid, le->sfd,
    81103:  247:            le->nbytes > 0 ? le->nbytes - 2 : 0); // CLRF
    81103:  248:    return total;
        -:  249:}
        -:  250:
        1:  251:static int _logger_parse_ee(logentry *e, char *scratch) {
        1:  252:    int total;
        1:  253:    char keybuf[KEY_MAX_URI_ENCODED_LENGTH];
        1:  254:    struct logentry_eviction *le = (struct logentry_eviction *) e->data;
        1:  255:    uriencode(le->key, keybuf, le->nkey, KEY_MAX_URI_ENCODED_LENGTH);
        1:  256:    total = snprintf(scratch, LOGGER_PARSE_SCRATCH,
        -:  257:            "ts=%lld.%d gid=%llu type=eviction key=%s fetch=%s ttl=%lld la=%d clsid=%u size=%d\n",
        1:  258:            (long long int)e->tv.tv_sec, (int)e->tv.tv_usec, (unsigned long long) e->gid,
        1:  259:            keybuf, (le->it_flags & ITEM_FETCHED) ? "yes" : "no",
        1:  260:            (long long int)le->exptime, le->latime, le->clsid,
        1:  261:            le->nbytes > 0 ? le->nbytes - 2 : 0); // CLRF
        -:  262:
        1:  263:    return total;
        -:  264:}
        -:  265:
        3:  266:static int _logger_parse_ide(logentry *e, char *scratch) {
        3:  267:    int total;
        3:  268:    const char *cmd = "na";
        3:  269:    const char * const cmd_map[] = {
        -:  270:            "null", "delete", "md" };
        3:  271:    char keybuf[KEY_MAX_URI_ENCODED_LENGTH];
        3:  272:    struct logentry_deletion *le = (struct logentry_deletion *) e->data;
        3:  273:    uriencode(le->key, keybuf, le->nkey, KEY_MAX_URI_ENCODED_LENGTH);
        -:  274:
        3:  275:    if (le->cmd <= 2)
        3:  276:        cmd = cmd_map[le->cmd];
        -:  277:
        3:  278:    total = snprintf(scratch, LOGGER_PARSE_SCRATCH,
        -:  279:                     "ts=%d.%d gid=%llu type=deleted key=%s cmd=%s clsid=%u size=%d\n",
        3:  280:                     (int)e->tv.tv_sec, (int)e->tv.tv_usec, (unsigned long long) e->gid,
        3:  281:                     keybuf, cmd, le->clsid,
        3:  282:                     le->nbytes > 0 ? le->nbytes - 2 : 0); // CLRF
        3:  283:    return total;
        -:  284:}
        -:  285:
        -:  286:#ifdef EXTSTORE
    #####:  287:static int _logger_parse_extw(logentry *e, char *scratch) {
    #####:  288:    int total;
    #####:  289:    char keybuf[KEY_MAX_URI_ENCODED_LENGTH];
    #####:  290:    struct logentry_ext_write *le = (struct logentry_ext_write *) e->data;
    #####:  291:    uriencode(le->key, keybuf, le->nkey, KEY_MAX_URI_ENCODED_LENGTH);
    #####:  292:    total = snprintf(scratch, LOGGER_PARSE_SCRATCH,
        -:  293:            "ts=%lld.%d gid=%llu type=extwrite key=%s fetch=%s ttl=%lld la=%d clsid=%u bucket=%u\n",
    #####:  294:            (long long int)e->tv.tv_sec, (int)e->tv.tv_usec, (unsigned long long) e->gid,
    #####:  295:            keybuf, (le->it_flags & ITEM_FETCHED) ? "yes" : "no",
    #####:  296:            (long long int)le->exptime, le->latime, le->clsid, le->bucket);
        -:  297:
    #####:  298:    return total;
        -:  299:}
        -:  300:#endif
        -:  301:
        2:  302:static int _logger_parse_cne(logentry *e, char *scratch) {
        2:  303:    int total;
        2:  304:    unsigned short rport = 0;
        2:  305:    char rip[64];
        2:  306:    struct logentry_conn_event *le = (struct logentry_conn_event *) e->data;
        2:  307:    const char * const transport_map[] = { "local", "tcp", "udp" };
        -:  308:
        2:  309:    _logger_util_addr_endpoint(&le->addr, rip, sizeof(rip), &rport);
        -:  310:
        2:  311:    total = snprintf(scratch, LOGGER_PARSE_SCRATCH,
        -:  312:            "ts=%lld.%d gid=%llu type=conn_new rip=%s rport=%hu transport=%s cfd=%d\n",
        2:  313:            (long long int) e->tv.tv_sec, (int) e->tv.tv_usec, (unsigned long long) e->gid,
        2:  314:            rip, rport, transport_map[le->transport], le->sfd);
        -:  315:
        2:  316:    return total;
        -:  317:}
        -:  318:
        3:  319:static int _logger_parse_cce(logentry *e, char *scratch) {
        3:  320:    int total;
        3:  321:    unsigned short rport = 0;
        3:  322:    char rip[64];
        3:  323:    struct logentry_conn_event *le = (struct logentry_conn_event *) e->data;
        3:  324:    const char * const transport_map[] = { "local", "tcp", "udp" };
        3:  325:    const char * const reason_map[] = { "error", "normal", "idle_timeout", "shutdown" };
        -:  326:
        3:  327:    _logger_util_addr_endpoint(&le->addr, rip, sizeof(rip), &rport);
        -:  328:
        3:  329:    total = snprintf(scratch, LOGGER_PARSE_SCRATCH,
        -:  330:            "ts=%lld.%d gid=%llu type=conn_close rip=%s rport=%hu transport=%s reason=%s cfd=%d\n",
        3:  331:            (long long int) e->tv.tv_sec, (int) e->tv.tv_usec, (unsigned long long) e->gid,
        3:  332:            rip, rport, transport_map[le->transport],
        3:  333:            reason_map[le->reason], le->sfd);
        -:  334:
        3:  335:    return total;
        -:  336:}
        -:  337:
        -:  338:#ifdef PROXY
        -:  339:// TODO (v2): the length caps here are all magic numbers. Haven't thought of
        -:  340:// something yet that I like better.
        -:  341:// Should at least make a define to the max log len (1024) and do some math
        -:  342:// here.
        -:  343:static void _logger_log_proxy_req(logentry *e, const entry_details *d, const void *entry, va_list ap) {
        -:  344:    char *req = va_arg(ap, char *);
        -:  345:    int reqlen = va_arg(ap, uint32_t);
        -:  346:    long elapsed = va_arg(ap, long);
        -:  347:    unsigned short type = va_arg(ap, int);
        -:  348:    unsigned short code = va_arg(ap, int);
        -:  349:    int status = va_arg(ap, int);
        -:  350:    char *detail = va_arg(ap, char *);
        -:  351:    int dlen = va_arg(ap, int);
        -:  352:    char *be_name = va_arg(ap, char *);
        -:  353:    char *be_port = va_arg(ap, char *);
        -:  354:
        -:  355:    struct logentry_proxy_req *le = (void *)e->data;
        -:  356:    le->type = type;
        -:  357:    le->code = code;
        -:  358:    le->status = status;
        -:  359:    le->dlen = dlen;
        -:  360:    le->elapsed = elapsed;
        -:  361:    if (be_name && be_port) {
        -:  362:        le->be_namelen = strlen(be_name);
        -:  363:        le->be_portlen = strlen(be_port);
        -:  364:    } else {
        -:  365:        le->be_namelen = 0;
        -:  366:        le->be_portlen = 0;
        -:  367:    }
        -:  368:    char *data = le->data;
        -:  369:    if (req[reqlen-2] == '\r') {
        -:  370:        reqlen -= 2;
        -:  371:    } else {
        -:  372:        reqlen--;
        -:  373:    }
        -:  374:    if (reqlen > 300) {
        -:  375:        reqlen = 300;
        -:  376:    }
        -:  377:    if (dlen > 150) {
        -:  378:        dlen = 150;
        -:  379:    }
        -:  380:    // be_namelen and be_portlen can't be longer than 255+6
        -:  381:    le->reqlen = reqlen;
        -:  382:    memcpy(data, req, reqlen);
        -:  383:    data += reqlen;
        -:  384:    memcpy(data, detail, dlen);
        -:  385:    data += dlen;
        -:  386:    memcpy(data, be_name, le->be_namelen);
        -:  387:    data += le->be_namelen;
        -:  388:    memcpy(data, be_port, le->be_portlen);
        -:  389:    e->size = sizeof(struct logentry_proxy_req) + reqlen + dlen + le->be_namelen + le->be_portlen;
        -:  390:}
        -:  391:
        -:  392:static int _logger_parse_prx_req(logentry *e, char *scratch) {
        -:  393:    int total;
        -:  394:    struct logentry_proxy_req *le = (void *)e->data;
        -:  395:
        -:  396:    total = snprintf(scratch, LOGGER_PARSE_SCRATCH,
        -:  397:            "ts=%lld.%d gid=%llu type=proxy_req elapsed=%lu type=%d code=%d status=%d be=%.*s:%.*s detail=%.*s req=%.*s\n",
        -:  398:            (long long int) e->tv.tv_sec, (int) e->tv.tv_usec, (unsigned long long) e->gid,
        -:  399:            le->elapsed, le->type, le->code, le->status,
        -:  400:            (int)le->be_namelen, le->data+le->reqlen+le->dlen,
        -:  401:            (int)le->be_portlen, le->data+le->reqlen+le->dlen+le->be_namelen, // fml.
        -:  402:            (int)le->dlen, le->data+le->reqlen, (int)le->reqlen, le->data
        -:  403:            );
        -:  404:    return total;
        -:  405:}
        -:  406:
        -:  407:#define MAX_RBUF_READ 100
        -:  408:static void _logger_log_proxy_errbe(logentry *e, const entry_details *d, const void *entry, va_list ap) {
        -:  409:    char *errmsg = va_arg(ap, char *);
        -:  410:    char *be_name = va_arg(ap, char *);
        -:  411:    char *be_port = va_arg(ap, char *);
        -:  412:    char *be_label = va_arg(ap, char *);
        -:  413:    int be_depth = va_arg(ap, int);
        -:  414:    char *be_rbuf = va_arg(ap, char *);
        -:  415:    int be_rbuflen = va_arg(ap, int);
        -:  416:    int be_retry = va_arg(ap, int);
        -:  417:
        -:  418:    struct logentry_proxy_errbe *le = (void *)e->data;
        -:  419:    le->be_depth = be_depth;
        -:  420:    le->retry = be_retry;
        -:  421:    le->errlen = strlen(errmsg);
        -:  422:    if (be_name && be_port) {
        -:  423:        le->be_namelen = strlen(be_name);
        -:  424:        le->be_portlen = strlen(be_port);
        -:  425:    }
        -:  426:
        -:  427:    if (be_label) {
        -:  428:        le->be_labellen = strlen(be_label);
        -:  429:    }
        -:  430:
        -:  431:    le->be_rbuflen = be_rbuflen;
        -:  432:    if (be_rbuflen > MAX_RBUF_READ) {
        -:  433:        le->be_rbuflen = MAX_RBUF_READ;
        -:  434:    }
        -:  435:
        -:  436:    char *data = le->data;
        -:  437:    memcpy(data, errmsg, le->errlen);
        -:  438:    data += le->errlen;
        -:  439:    memcpy(data, be_name, le->be_namelen);
        -:  440:    data += le->be_namelen;
        -:  441:    memcpy(data, be_port, le->be_portlen);
        -:  442:    data += le->be_portlen;
        -:  443:    memcpy(data, be_label, le->be_labellen);
        -:  444:    data += le->be_labellen;
        -:  445:    memcpy(data, be_rbuf, le->be_rbuflen);
        -:  446:    data += le->be_rbuflen;
        -:  447:
        -:  448:    e->size = sizeof(struct logentry_proxy_errbe) + (data - le->data);
        -:  449:}
        -:  450:
        -:  451:static int _logger_parse_prx_errbe(logentry *e, char *scratch) {
        -:  452:    int total;
        -:  453:    char rbuf[MAX_RBUF_READ * 3]; // x 3 for worst case URI encoding.
        -:  454:    struct logentry_proxy_errbe *le = (void *)e->data;
        -:  455:    char *data = le->data;
        -:  456:    char *errmsg = data;
        -:  457:    data += le->errlen;
        -:  458:    char *be_name = data;
        -:  459:    data += le->be_namelen;
        -:  460:    char *be_port = data;
        -:  461:    data += le->be_portlen;
        -:  462:    char *be_label = data;
        -:  463:    data += le->be_labellen;
        -:  464:    char *be_rbuf = data;
        -:  465:
        -:  466:    uriencode(be_rbuf, rbuf, le->be_rbuflen, MAX_RBUF_READ * 3);
        -:  467:    if (le->retry) {
        -:  468:        total = snprintf(scratch, LOGGER_PARSE_SCRATCH,
        -:  469:                "ts=%lld.%d gid=%llu type=proxy_backend error=%.*s name=%.*s port=%.*s label=%.*s retry=%d\n",
        -:  470:                (long long int)e->tv.tv_sec, (int)e->tv.tv_usec, (unsigned long long) e->gid,
        -:  471:                (int)le->errlen, errmsg, (int)le->be_namelen, be_name,
        -:  472:                (int)le->be_portlen, be_port, (int)le->be_labellen, be_label, le->retry);
        -:  473:    } else {
        -:  474:        total = snprintf(scratch, LOGGER_PARSE_SCRATCH,
        -:  475:                "ts=%lld.%d gid=%llu type=proxy_backend error=%.*s name=%.*s port=%.*s label=%.*s depth=%d rbuf=%s\n",
        -:  476:                (long long int)e->tv.tv_sec, (int)e->tv.tv_usec, (unsigned long long) e->gid,
        -:  477:                (int)le->errlen, errmsg, (int)le->be_namelen, be_name,
        -:  478:                (int)le->be_portlen, be_port, (int)le->be_labellen, be_label, le->be_depth, rbuf);
        -:  479:    }
        -:  480:
        -:  481:    return total;
        -:  482:}
        -:  483:#endif
        -:  484:
        -:  485:/* Should this go somewhere else? */
        -:  486:static const entry_details default_entries[] = {
        -:  487:    [LOGGER_ASCII_CMD] = {512, LOG_RAWCMDS, _logger_log_text, _logger_parse_text, "<%d %s"},
        -:  488:    [LOGGER_EVICTION] = {512, LOG_EVICTIONS, _logger_log_evictions, _logger_parse_ee, NULL},
        -:  489:    [LOGGER_ITEM_GET] = {512, LOG_FETCHERS, _logger_log_item_get, _logger_parse_ige, NULL},
        -:  490:    [LOGGER_ITEM_STORE] = {512, LOG_MUTATIONS, _logger_log_item_store, _logger_parse_ise, NULL},
        -:  491:    [LOGGER_CRAWLER_STATUS] = {512, LOG_SYSEVENTS, _logger_log_text, _logger_parse_text,
        -:  492:        "type=lru_crawler crawler=%d lru=%s low_mark=%llu next_reclaims=%llu since_run=%u next_run=%d elapsed=%u examined=%llu reclaimed=%llu"
        -:  493:    },
        -:  494:    [LOGGER_SLAB_MOVE] = {512, LOG_SYSEVENTS, _logger_log_text, _logger_parse_text,
        -:  495:        "type=slab_move src=%d dst=%d"
        -:  496:    },
        -:  497:    [LOGGER_CONNECTION_NEW] = {512, LOG_CONNEVENTS, _logger_log_conn_event, _logger_parse_cne, NULL},
        -:  498:    [LOGGER_CONNECTION_CLOSE] = {512, LOG_CONNEVENTS, _logger_log_conn_event, _logger_parse_cce, NULL},
        -:  499:    [LOGGER_DELETIONS] = {512, LOG_DELETIONS, _logger_log_item_deleted, _logger_parse_ide, NULL},
        -:  500:#ifdef EXTSTORE
        -:  501:    [LOGGER_EXTSTORE_WRITE] = {512, LOG_EVICTIONS, _logger_log_ext_write, _logger_parse_extw, NULL},
        -:  502:    [LOGGER_COMPACT_START] = {512, LOG_SYSEVENTS, _logger_log_text, _logger_parse_text,
        -:  503:        "type=compact_start id=%lu version=%llu"
        -:  504:    },
        -:  505:    [LOGGER_COMPACT_ABORT] = {512, LOG_SYSEVENTS, _logger_log_text, _logger_parse_text,
        -:  506:        "type=compact_abort id=%lu"
        -:  507:    },
        -:  508:    [LOGGER_COMPACT_READ_START] = {512, LOG_SYSEVENTS, _logger_log_text, _logger_parse_text,
        -:  509:        "type=compact_read_start id=%lu offset=%llu"
        -:  510:    },
        -:  511:    [LOGGER_COMPACT_READ_END] = {512, LOG_SYSEVENTS, _logger_log_text, _logger_parse_text,
        -:  512:        "type=compact_read_end id=%lu offset=%llu rescues=%lu lost=%lu skipped=%lu"
        -:  513:    },
        -:  514:    [LOGGER_COMPACT_END] = {512, LOG_SYSEVENTS, _logger_log_text, _logger_parse_text,
        -:  515:        "type=compact_end id=%lu"
        -:  516:    },
        -:  517:    [LOGGER_COMPACT_FRAGINFO] = {512, LOG_SYSEVENTS, _logger_log_text, _logger_parse_text,
        -:  518:        "type=compact_fraginfo ratio=%.2f bytes=%lu"
        -:  519:    },
        -:  520:#endif
        -:  521:#ifdef PROXY
        -:  522:    [LOGGER_PROXY_CONFIG] = {512, LOG_PROXYEVENTS, _logger_log_text, _logger_parse_text,
        -:  523:        "type=proxy_conf status=%s"
        -:  524:    },
        -:  525:    [LOGGER_PROXY_REQ] = {1024, LOG_PROXYREQS, _logger_log_proxy_req, _logger_parse_prx_req, NULL},
        -:  526:    [LOGGER_PROXY_ERROR] = {512, LOG_PROXYEVENTS, _logger_log_text, _logger_parse_text,
        -:  527:        "type=proxy_error msg=%s"
        -:  528:    },
        -:  529:    [LOGGER_PROXY_USER] = {512, LOG_PROXYUSER, _logger_log_text, _logger_parse_text,
        -:  530:        "type=proxy_user msg=%s"
        -:  531:    },
        -:  532:    [LOGGER_PROXY_BE_ERROR] = {512, LOG_PROXYEVENTS, _logger_log_proxy_errbe, _logger_parse_prx_errbe,
        -:  533:        NULL
        -:  534:    },
        -:  535:
        -:  536:#endif
        -:  537:};
        -:  538:
        -:  539:/*************************
        -:  540: * Util functions shared between bg thread and workers
        -:  541: *************************/
        -:  542:
        -:  543:/* Logger GID's can be used by watchers to put logs back into strict order
        -:  544: */
        -:  545:static uint64_t logger_gid = 0;
    81128:  546:uint64_t logger_get_gid(void) {
        -:  547:#ifdef HAVE_GCC_64ATOMICS
    81128:  548:    return __sync_add_and_fetch(&logger_gid, 1);
        -:  549:#elif defined(__sun)
        -:  550:    return atomic_inc_64_nv(&logger_gid);
        -:  551:#else
        -:  552:    mutex_lock(&logger_atomics_mutex);
        -:  553:    uint64_t res = ++logger_gid;
        -:  554:    mutex_unlock(&logger_atomics_mutex);
        -:  555:    return res;
        -:  556:#endif
        -:  557:}
        -:  558:
        1:  559:void logger_set_gid(uint64_t gid) {
        -:  560:#ifdef HAVE_GCC_64ATOMICS
        1:  561:    __sync_add_and_fetch(&logger_gid, gid);
        -:  562:#elif defined(__sun)
        -:  563:    atomic_add_64(&logger_gid);
        -:  564:#else
        -:  565:    mutex_lock(&logger_atomics_mutex);
        -:  566:    logger_gid = gid;
        -:  567:    mutex_unlock(&logger_atomics_mutex);
        -:  568:#endif
        1:  569:}
        -:  570:
        -:  571:/* TODO: genericize lists. would be nice to import queue.h if the impact is
        -:  572: * studied... otherwise can just write a local one.
        -:  573: */
        -:  574:/* Add to the list of threads with a logger object */
      635:  575:static void logger_link_q(logger *l) {
      635:  576:    pthread_mutex_lock(&logger_stack_lock);
     635*:  577:    assert(l != logger_stack_head);
        -:  578:
      635:  579:    l->prev = 0;
      635:  580:    l->next = logger_stack_head;
      635:  581:    if (l->next) l->next->prev = l;
      635:  582:    logger_stack_head = l;
      635:  583:    if (logger_stack_tail == 0) logger_stack_tail = l;
      635:  584:    logger_count++;
      635:  585:    pthread_mutex_unlock(&logger_stack_lock);
      635:  586:    return;
        -:  587:}
        -:  588:
        -:  589:/* Remove from the list of threads with a logger object */
        -:  590:/*static void logger_unlink_q(logger *l) {
        -:  591:    pthread_mutex_lock(&logger_stack_lock);
        -:  592:    if (logger_stack_head == l) {
        -:  593:        assert(l->prev == 0);
        -:  594:        logger_stack_head = l->next;
        -:  595:    }
        -:  596:    if (logger_stack_tail == l) {
        -:  597:        assert(l->next == 0);
        -:  598:        logger_stack_tail = l->prev;
        -:  599:    }
        -:  600:    assert(l->next != l);
        -:  601:    assert(l->prev != l);
        -:  602:
        -:  603:    if (l->next) l->next->prev = l->prev;
        -:  604:    if (l->prev) l->prev->next = l->next;
        -:  605:    logger_count--;
        -:  606:    pthread_mutex_unlock(&logger_stack_lock);
        -:  607:    return;
        -:  608:}*/
        -:  609:
        -:  610:/* Called with logger stack locked.
        -:  611: * Iterates over every watcher collecting enabled flags.
        -:  612: */
       22:  613:static void logger_set_flags(void) {
       22:  614:    logger *l = NULL;
       22:  615:    int x = 0;
       22:  616:    uint16_t f = 0; /* logger eflags */
        -:  617:
      462:  618:    for (x = 0; x < WATCHER_LIMIT; x++) {
      440:  619:        logger_watcher *w = watchers[x];
      440:  620:        if (w == NULL)
      411:  621:            continue;
        -:  622:
       29:  623:        f |= w->eflags;
        -:  624:    }
      132:  625:    for (l = logger_stack_head; l != NULL; l=l->next) {
      110:  626:        pthread_mutex_lock(&l->mutex);
      110:  627:        l->eflags = f;
      110:  628:        pthread_mutex_unlock(&l->mutex);
        -:  629:    }
       22:  630:    return;
        -:  631:}
        -:  632:
        -:  633:/* Completes rendering of log line. */
        -:  634:static enum logger_parse_entry_ret logger_thread_parse_entry(logentry *e, struct logger_stats *ls,
        -:  635:        char *scratch, int *scratch_len) {
        -:  636:    int total = 0;
        -:  637:    const entry_details *d = &default_entries[e->event];
        -:  638:    assert(d->parse_cb != NULL);
        -:  639:    total = d->parse_cb(e, scratch);
        -:  640:
        -:  641:    if (total >= LOGGER_PARSE_SCRATCH || total <= 0) {
        -:  642:        L_DEBUG("LOGGER: Failed to flatten log entry!\n");
        -:  643:        return LOGGER_PARSE_ENTRY_FAILED;
        -:  644:    } else {
        -:  645:        *scratch_len = total;
        -:  646:    }
        -:  647:
        -:  648:    return LOGGER_PARSE_ENTRY_OK;
        -:  649:}
        -:  650:
        -:  651:/* Writes flattened entry to available watchers */
        -:  652:static void logger_thread_write_entry(logentry *e, struct logger_stats *ls,
        -:  653:        char *scratch, int scratch_len) {
        -:  654:    int x, total;
        -:  655:    /* Write the line into available watchers with matching flags */
        -:  656:    for (x = 0; x < WATCHER_LIMIT; x++) {
        -:  657:        logger_watcher *w = watchers[x];
        -:  658:        char *skip_scr = NULL;
        -:  659:        if (w == NULL || (e->eflags & w->eflags) == 0 || (e->gid < w->min_gid))
        -:  660:            continue;
        -:  661:
        -:  662:         /* Avoid poll()'ing constantly when buffer is full by resetting a
        -:  663:         * flag periodically.
        -:  664:         */
        -:  665:        while (!w->failed_flush &&
        -:  666:                (skip_scr = (char *) bipbuf_request(w->buf, scratch_len + 128)) == NULL) {
        -:  667:            if (logger_thread_poll_watchers(0, x) <= 0) {
        -:  668:                L_DEBUG("LOGGER: Watcher had no free space for line of size (%d)\n", scratch_len + 128);
        -:  669:                w->failed_flush = true;
        -:  670:            }
        -:  671:        }
        -:  672:
        -:  673:        if (w->failed_flush) {
        -:  674:            L_DEBUG("LOGGER: Fast skipped for watcher [%d] due to failed_flush\n", w->sfd);
        -:  675:            w->skipped++;
        -:  676:            ls->watcher_skipped++;
        -:  677:            continue;
        -:  678:        }
        -:  679:
        -:  680:        if (w->skipped > 0) {
        -:  681:            total = snprintf(skip_scr, 128, "skipped=%llu\n", (unsigned long long) w->skipped);
        -:  682:            if (total >= 128 || total <= 0) {
        -:  683:                L_DEBUG("LOGGER: Failed to flatten skipped message into watcher [%d]\n", w->sfd);
        -:  684:                w->skipped++;
        -:  685:                ls->watcher_skipped++;
        -:  686:                continue;
        -:  687:            }
        -:  688:            bipbuf_push(w->buf, total);
        -:  689:            w->skipped = 0;
        -:  690:        }
        -:  691:        /* Can't fail because bipbuf_request succeeded. */
        -:  692:        bipbuf_offer(w->buf, (unsigned char *) scratch, scratch_len);
        -:  693:        ls->watcher_sent++;
        -:  694:    }
        -:  695:}
        -:  696:
        -:  697:/* Called with logger stack locked.
        -:  698: * Releases every chunk associated with a watcher and closes the connection.
        -:  699: * We can't presently send a connection back to the worker for further
        -:  700: * processing.
        -:  701: */
       11:  702:static void logger_thread_close_watcher(logger_watcher *w) {
       11:  703:    L_DEBUG("LOGGER: Closing dead watcher\n");
       11:  704:    watchers[w->id] = NULL;
       11:  705:    sidethread_conn_close(w->c);
       11:  706:    watcher_count--;
       11:  707:    bipbuf_free(w->buf);
       11:  708:    free(w);
       11:  709:    logger_set_flags();
       11:  710:}
        -:  711:
        -:  712:/* Reads a particular worker thread's available bipbuf bytes. Parses each log
        -:  713: * entry into the watcher buffers.
        -:  714: */
    24990:  715:static int logger_thread_read(logger *l, struct logger_stats *ls) {
    24990:  716:    unsigned int size;
    24990:  717:    unsigned int pos = 0;
    24990:  718:    unsigned char *data;
    24990:  719:    char scratch[LOGGER_PARSE_SCRATCH];
    24990:  720:    logentry *e;
    24990:  721:    pthread_mutex_lock(&l->mutex);
    24990:  722:    data = bipbuf_peek_all(l->buf, &size);
    24990:  723:    pthread_mutex_unlock(&l->mutex);
        -:  724:
    24990:  725:    if (data == NULL) {
        -:  726:        return 0;
        -:  727:    }
        -:  728:    L_DEBUG("LOGGER: Got %d bytes from bipbuffer\n", size);
        -:  729:
        -:  730:    /* parse buffer */
    85339:  731:    while (pos < size && watcher_count > 0) {
    81116:  732:        enum logger_parse_entry_ret ret;
    81116:  733:        int scratch_len = 0;
    81116:  734:        e = (logentry *) (data + pos);
    81116:  735:        ret = logger_thread_parse_entry(e, ls, scratch, &scratch_len);
    81116:  736:        if (ret != LOGGER_PARSE_ENTRY_OK) {
        -:  737:            /* TODO: stats counter */
    #####:  738:            fprintf(stderr, "LOGGER: Failed to parse log entry\n");
        -:  739:        } else {
    81116:  740:            logger_thread_write_entry(e, ls, scratch, scratch_len);
        -:  741:        }
    81116:  742:        pos += sizeof(logentry) + e->size + e->pad;
        -:  743:    }
    4223*:  744:    assert(pos <= size);
        -:  745:
     4223:  746:    pthread_mutex_lock(&l->mutex);
     4223:  747:    data = bipbuf_poll(l->buf, size);
     4223:  748:    ls->worker_written += l->written;
     4223:  749:    ls->worker_dropped += l->dropped;
     4223:  750:    l->written = 0;
     4223:  751:    l->dropped = 0;
     4223:  752:    pthread_mutex_unlock(&l->mutex);
     4223:  753:    if (data == NULL) {
    #####:  754:        fprintf(stderr, "LOGGER: unexpectedly couldn't advance buf pointer\n");
    #####:  755:        assert(0);
        -:  756:    }
     4223:  757:    return size; /* maybe the count of objects iterated? */
        -:  758:}
        -:  759:
        -:  760:/* Since the event loop code isn't reusable without a refactor, and we have a
        -:  761: * limited number of potential watchers, we run our own poll loop.
        -:  762: * This calls poll() unnecessarily during write flushes, should be possible to
        -:  763: * micro-optimize later.
        -:  764: *
        -:  765: * This flushes buffers attached to watchers, iterating through the bytes set
        -:  766: * to each worker. Also checks for readability in case client connection was
        -:  767: * closed.
        -:  768: *
        -:  769: * Allows a specific watcher to be flushed (if buf full)
        -:  770: */
     9211:  771:static int logger_thread_poll_watchers(int force_poll, int watcher) {
     9211:  772:    int x;
     9211:  773:    int nfd = 0;
     9211:  774:    unsigned char *data;
     9211:  775:    unsigned int data_size = 0;
     9211:  776:    int flushed = 0;
        -:  777:
   193431:  778:    for (x = 0; x < WATCHER_LIMIT; x++) {
   184220:  779:        logger_watcher *w = watchers[x];
   184220:  780:        if (w == NULL || (watcher != WATCHER_ALL && x != watcher))
   174972:  781:            continue;
        -:  782:
     9248:  783:        data = bipbuf_peek_all(w->buf, &data_size);
     9248:  784:        if (data != NULL) {
     9143:  785:            watchers_pollfds[nfd].fd = w->sfd;
     9143:  786:            watchers_pollfds[nfd].events = POLLOUT;
     9143:  787:            nfd++;
      105:  788:        } else if (force_poll) {
      105:  789:            watchers_pollfds[nfd].fd = w->sfd;
      105:  790:            watchers_pollfds[nfd].events = POLLIN;
      105:  791:            nfd++;
        -:  792:        }
        -:  793:        /* This gets set after a call to poll, and should be used to gate on
        -:  794:         * calling poll again.
        -:  795:         */
     9248:  796:        w->failed_flush = false;
        -:  797:    }
        -:  798:
     9211:  799:    if (nfd == 0)
        -:  800:        return 0;
        -:  801:
        -:  802:    //L_DEBUG("LOGGER: calling poll() [data_size: %d]\n", data_size);
     9209:  803:    int ret = poll(watchers_pollfds, nfd, 0);
        -:  804:
     9209:  805:    if (ret < 0) {
    #####:  806:        perror("something failed with logger thread watcher fd polling");
    #####:  807:        return -1;
        -:  808:    }
        -:  809:
        -:  810:    nfd = 0;
   193389:  811:    for (x = 0; x < WATCHER_LIMIT; x++) {
   184180:  812:        logger_watcher *w = watchers[x];
   184180:  813:        if (w == NULL || (watcher != WATCHER_ALL && x != watcher))
   174932:  814:            continue;
        -:  815:
     9248:  816:        data_size = 0;
        -:  817:        /* Early detection of a disconnect. Otherwise we have to wait until
        -:  818:         * the next write
        -:  819:         */
     9248:  820:        if (watchers_pollfds[nfd].revents & POLLIN) {
        9:  821:            char buf[1];
        9:  822:            int res = ((conn*)w->c)->read(w->c, buf, 1);
        9:  823:            if (res == 0 || (res == -1 && (errno != EAGAIN && errno != EWOULDBLOCK))) {
        9:  824:                L_DEBUG("LOGGER: watcher closed remotely\n");
        9:  825:                logger_thread_close_watcher(w);
        9:  826:                nfd++;
        9:  827:                continue;
        -:  828:            }
        -:  829:        }
     9239:  830:        if ((data = bipbuf_peek_all(w->buf, &data_size)) != NULL) {
     9143:  831:            if (watchers_pollfds[nfd].revents & (POLLHUP|POLLERR)) {
        2:  832:                L_DEBUG("LOGGER: watcher closed during poll() call\n");
        2:  833:                logger_thread_close_watcher(w);
     9141:  834:            } else if (watchers_pollfds[nfd].revents & POLLOUT) {
       46:  835:                int total = 0;
        -:  836:
        -:  837:                /* We can write a bit. */
       46:  838:                switch (w->t) {
    #####:  839:                    case LOGGER_WATCHER_STDERR:
    #####:  840:                        total = fwrite(data, 1, data_size, stderr);
    #####:  841:                        break;
       46:  842:                    case LOGGER_WATCHER_CLIENT:
       46:  843:                        total = ((conn*)w->c)->write(w->c, data, data_size);
       46:  844:                        break;
        -:  845:                }
        -:  846:
        -:  847:                L_DEBUG("LOGGER: poll() wrote %d to %d (data_size: %d) (bipbuf_used: %d)\n", total, w->sfd,
       46:  848:                        data_size, bipbuf_used(w->buf));
       46:  849:                if (total == -1) {
    #####:  850:                    if (errno != EAGAIN && errno != EWOULDBLOCK) {
    #####:  851:                        logger_thread_close_watcher(w);
        -:  852:                    }
        -:  853:                    L_DEBUG("LOGGER: watcher hit EAGAIN\n");
       46:  854:                } else if (total == 0) {
    #####:  855:                    logger_thread_close_watcher(w);
        -:  856:                } else {
       46:  857:                    bipbuf_poll(w->buf, total);
       46:  858:                    flushed += total;
        -:  859:                }
        -:  860:            }
        -:  861:        }
     9239:  862:        nfd++;
        -:  863:    }
        -:  864:    return flushed;
        -:  865:}
        -:  866:
     4998:  867:static void logger_thread_flush_stats(struct logger_stats *ls) {
     4998:  868:    STATS_LOCK();
     4998:  869:    stats.log_worker_dropped  += ls->worker_dropped;
     4998:  870:    stats.log_worker_written  += ls->worker_written;
     4998:  871:    stats.log_watcher_skipped += ls->watcher_skipped;
     4998:  872:    stats.log_watcher_sent    += ls->watcher_sent;
     4998:  873:    stats_state.log_watchers   = ls->watcher_count;
     4998:  874:    STATS_UNLOCK();
     4998:  875:}
        -:  876:
        -:  877:#define MAX_LOGGER_SLEEP 1000000
        -:  878:#define MIN_LOGGER_SLEEP 1000
        -:  879:
        -:  880:/* Primary logger thread routine */
      120:  881:static void *logger_thread(void *arg) {
      120:  882:    useconds_t to_sleep = MIN_LOGGER_SLEEP;
      120:  883:    L_DEBUG("LOGGER: Starting logger thread\n");
        -:  884:    // TODO: If we ever have item references in the logger code, will need to
        -:  885:    // ensure everything is dequeued before stopping the thread.
     5118:  886:    while (do_run_logger_thread) {
     5116:  887:        int found_logs = 0;
     5116:  888:        logger *l;
     5116:  889:        struct logger_stats ls;
     5116:  890:        memset(&ls, 0, sizeof(struct logger_stats));
        -:  891:
        -:  892:        /* only sleep if we're *above* the minimum */
     5116:  893:        if (to_sleep > MIN_LOGGER_SLEEP)
      782:  894:            usleep(to_sleep);
        -:  895:
        -:  896:        /* Call function to iterate each logger. */
     5116:  897:        pthread_mutex_lock(&logger_stack_lock);
     5116:  898:        if (watcher_count == 0) {
        -:  899:            // Not bothering to loop on the condition here since it's fine to
        -:  900:            // walk through with zero watchers.
      125:  901:            pthread_cond_wait(&logger_stack_cond, &logger_stack_lock);
        -:  902:        }
    29988:  903:        for (l = logger_stack_head; l != NULL; l=l->next) {
        -:  904:            /* lock logger, call function to manipulate it */
    24990:  905:            found_logs += logger_thread_read(l, &ls);
        -:  906:        }
        -:  907:
     4998:  908:        logger_thread_poll_watchers(1, WATCHER_ALL);
        -:  909:
        -:  910:        /* capture the current count within mutual exclusion of the lock */
     4998:  911:        ls.watcher_count = watcher_count;
        -:  912:
     4998:  913:        pthread_mutex_unlock(&logger_stack_lock);
        -:  914:
        -:  915:        /* TODO: abstract into a function and share with lru_crawler */
     4998:  916:        if (!found_logs) {
      775:  917:            if (to_sleep < MAX_LOGGER_SLEEP)
      775:  918:                to_sleep += to_sleep / 8;
      775:  919:            if (to_sleep > MAX_LOGGER_SLEEP)
        -:  920:                to_sleep = MAX_LOGGER_SLEEP;
        -:  921:        } else {
     4223:  922:            to_sleep /= 2;
     4223:  923:            if (to_sleep < MIN_LOGGER_SLEEP)
     4214:  924:                to_sleep = MIN_LOGGER_SLEEP;
        -:  925:        }
     4998:  926:        logger_thread_flush_stats(&ls);
        -:  927:    }
        -:  928:
        2:  929:    return NULL;
        -:  930:}
        -:  931:
      120:  932:static int start_logger_thread(void) {
      120:  933:    int ret;
      120:  934:    do_run_logger_thread = 1;
      120:  935:    if ((ret = pthread_create(&logger_tid, NULL,
        -:  936:                              logger_thread, NULL)) != 0) {
    #####:  937:        fprintf(stderr, "Can't start logger thread: %s\n", strerror(ret));
    #####:  938:        return -1;
        -:  939:    }
      120:  940:    thread_setname(logger_tid, "mc-log");
      120:  941:    return 0;
        -:  942:}
        -:  943:
        2:  944:static int stop_logger_thread(void) {
        -:  945:    // Guarantees that the logger thread is waiting on 'logger_stack_cond'
        -:  946:    // before we signal it.
        2:  947:    pthread_mutex_lock(&logger_stack_lock);
        2:  948:    do_run_logger_thread = 0;
        2:  949:    pthread_cond_signal(&logger_stack_cond);
        2:  950:    pthread_mutex_unlock(&logger_stack_lock);
        2:  951:    pthread_join(logger_tid, NULL);
        2:  952:    return 0;
        -:  953:}
        -:  954:
        -:  955:/*************************
        -:  956: * Public functions for submitting logs and starting loggers from workers.
        -:  957: *************************/
        -:  958:
        -:  959:/* Global logger thread start/init */
      120:  960:void logger_init(void) {
        -:  961:    /* TODO: auto destructor when threads exit */
        -:  962:    /* TODO: error handling */
        -:  963:
        -:  964:    /* init stack for iterating loggers */
      120:  965:    logger_stack_head = 0;
      120:  966:    logger_stack_tail = 0;
      120:  967:    pthread_key_create(&logger_key, NULL);
        -:  968:
      120:  969:    if (start_logger_thread() != 0) {
    #####:  970:        abort();
        -:  971:    }
        -:  972:
        -:  973:    /* This is what adding a STDERR watcher looks like. should replace old
        -:  974:     * "verbose" settings. */
        -:  975:    //logger_add_watcher(NULL, 0);
      120:  976:    return;
        -:  977:}
        -:  978:
        2:  979:void logger_stop(void) {
        2:  980:    stop_logger_thread();
        2:  981:}
        -:  982:
        -:  983:/* called *from* the thread using a logger.
        -:  984: * initializes the per-thread bipbuf, links it into the list of loggers
        -:  985: */
      635:  986:logger *logger_create(void) {
      635:  987:    L_DEBUG("LOGGER: Creating and linking new logger instance\n");
      635:  988:    logger *l = calloc(1, sizeof(logger));
      635:  989:    if (l == NULL) {
        -:  990:        return NULL;
        -:  991:    }
        -:  992:
      635:  993:    l->buf = bipbuf_new(settings.logger_buf_size);
      635:  994:    if (l->buf == NULL) {
    #####:  995:        free(l);
    #####:  996:        return NULL;
        -:  997:    }
        -:  998:
      635:  999:    l->entry_map = default_entries;
        -: 1000:
      635: 1001:    pthread_mutex_init(&l->mutex, NULL);
      635: 1002:    pthread_setspecific(logger_key, l);
        -: 1003:
        -: 1004:    /* add to list of loggers */
      635: 1005:    logger_link_q(l);
      635: 1006:    return l;
        -: 1007:}
        -: 1008:
        -: 1009:/* Public function for logging an entry.
        -: 1010: * Tries to encapsulate as much of the formatting as possible to simplify the
        -: 1011: * caller's code.
        -: 1012: */
    88032: 1013:enum logger_ret_type logger_log(logger *l, const enum log_entry_type event, const void *entry, ...) {
    88032: 1014:    bipbuf_t *buf = l->buf;
    88032: 1015:    bool nospace = false;
    88032: 1016:    va_list ap;
    88032: 1017:    logentry *e;
        -: 1018:
    88032: 1019:    const entry_details *d = &l->entry_map[event];
    88032: 1020:    int reqlen = d->reqlen;
        -: 1021:
    88032: 1022:    pthread_mutex_lock(&l->mutex);
        -: 1023:    /* Request a maximum length of data to write to */
    88032: 1024:    e = (logentry *) bipbuf_request(buf, (sizeof(logentry) + reqlen));
    88032: 1025:    if (e == NULL) {
     6916: 1026:        l->dropped++;
     6916: 1027:        pthread_mutex_unlock(&l->mutex);
     6916: 1028:        return LOGGER_RET_NOSPACE;
        -: 1029:    }
    81116: 1030:    e->event = event;
    81116: 1031:    e->pad = 0;
    81116: 1032:    e->gid = logger_get_gid();
        -: 1033:    /* TODO: Could pass this down as an argument now that we're using
        -: 1034:     * LOGGER_LOG() macro.
        -: 1035:     */
    81116: 1036:    e->eflags = d->eflags;
        -: 1037:    /* Noting time isn't optional. A feature may be added to avoid rendering
        -: 1038:     * time and/or gid to a logger.
        -: 1039:     */
    81116: 1040:    gettimeofday(&e->tv, NULL);
        -: 1041:
    81116: 1042:    va_start(ap, entry);
    81116: 1043:    d->log_cb(e, d, entry, ap);
    81116: 1044:    va_end(ap);
        -: 1045:
        -: 1046:#ifdef NEED_ALIGN
        -: 1047:    /* Need to ensure *next* request is aligned. */
        -: 1048:    if (sizeof(logentry) + e->size % 8 != 0) {
        -: 1049:        e->pad = 8 - (sizeof(logentry) + e->size % 8);
        -: 1050:    }
        -: 1051:#endif
        -: 1052:
        -: 1053:    /* Push pointer forward by the actual amount required */
    81116: 1054:    if (bipbuf_push(buf, (sizeof(logentry) + e->size + e->pad)) == 0) {
    #####: 1055:        fprintf(stderr, "LOGGER: Failed to bipbuf push a text entry\n");
    #####: 1056:        pthread_mutex_unlock(&l->mutex);
    #####: 1057:        return LOGGER_RET_ERR;
        -: 1058:    }
    81116: 1059:    l->written++;
        -: 1060:    L_DEBUG("LOGGER: Requested %d bytes, wrote %lu bytes\n", reqlen,
    81116: 1061:            (sizeof(logentry) + e->size));
        -: 1062:
    81116: 1063:    pthread_mutex_unlock(&l->mutex);
        -: 1064:
    81116: 1065:    if (nospace) {
        -: 1066:        return LOGGER_RET_NOSPACE;
        -: 1067:    } else {
    81116: 1068:        return LOGGER_RET_OK;
        -: 1069:    }
        -: 1070:}
        -: 1071:
        -: 1072:/* Passes a client connection socket from a primary worker thread to the
        -: 1073: * logger thread. Caller *must* event_del() the client before handing it over.
        -: 1074: * Presently there's no way to hand the client back to the worker thread.
        -: 1075: */
       11: 1076:enum logger_add_watcher_ret logger_add_watcher(void *c, const int sfd, uint16_t f) {
       11: 1077:    int x;
       11: 1078:    logger_watcher *w = NULL;
       11: 1079:    pthread_mutex_lock(&logger_stack_lock);
       11: 1080:    if (watcher_count >= WATCHER_LIMIT) {
    #####: 1081:        pthread_mutex_unlock(&logger_stack_lock);
    #####: 1082:        return LOGGER_ADD_WATCHER_TOO_MANY;
        -: 1083:    }
        -: 1084:
       20: 1085:    for (x = 0; x < WATCHER_LIMIT-1; x++) {
       20: 1086:        if (watchers[x] == NULL)
        -: 1087:            break;
        -: 1088:    }
        -: 1089:
       11: 1090:    w = calloc(1, sizeof(logger_watcher));
       11: 1091:    if (w == NULL) {
    #####: 1092:        pthread_mutex_unlock(&logger_stack_lock);
    #####: 1093:        return LOGGER_ADD_WATCHER_FAILED;
        -: 1094:    }
       11: 1095:    w->c = c;
       11: 1096:    w->sfd = sfd;
       11: 1097:    if (sfd == 0 && c == NULL) {
    #####: 1098:        w->t = LOGGER_WATCHER_STDERR;
        -: 1099:    } else {
       11: 1100:        w->t = LOGGER_WATCHER_CLIENT;
        -: 1101:    }
       11: 1102:    w->id = x;
       11: 1103:    w->eflags = f;
       11: 1104:    w->min_gid = logger_get_gid();
       11: 1105:    w->buf = bipbuf_new(settings.logger_watcher_buf_size);
       11: 1106:    if (w->buf == NULL) {
    #####: 1107:        free(w);
    #####: 1108:        pthread_mutex_unlock(&logger_stack_lock);
    #####: 1109:        return LOGGER_ADD_WATCHER_FAILED;
        -: 1110:    }
       11: 1111:    bipbuf_offer(w->buf, (unsigned char *) "OK\r\n", 4);
        -: 1112:
       11: 1113:    watchers[x] = w;
       11: 1114:    watcher_count++;
        -: 1115:    /* Update what flags the global logs will watch */
       11: 1116:    logger_set_flags();
       11: 1117:    pthread_cond_signal(&logger_stack_cond);
        -: 1118:
       11: 1119:    pthread_mutex_unlock(&logger_stack_lock);
       11: 1120:    return LOGGER_ADD_WATCHER_OK;
        -: 1121:}
