        -:    0:Source:memcached.c
        -:    0:Graph:memcached.gcno
        -:    0:Data:memcached.gcda
        -:    0:Runs:428
        -:    1:/* -*- Mode: C; tab-width: 4; c-basic-offset: 4; indent-tabs-mode: nil -*- */
        -:    2:/*
        -:    3: *  memcached - memory caching daemon
        -:    4: *
        -:    5: *       https://www.memcached.org/
        -:    6: *
        -:    7: *  Copyright 2003 Danga Interactive, Inc.  All rights reserved.
        -:    8: *
        -:    9: *  Use and distribution licensed under the BSD license.  See
        -:   10: *  the LICENSE file for full text.
        -:   11: *
        -:   12: *  Authors:
        -:   13: *      Anatoly Vorobey <mellon@pobox.com>
        -:   14: *      Brad Fitzpatrick <brad@danga.com>
        -:   15: */
        -:   16:#include "memcached.h"
        -:   17:#include "storage.h"
        -:   18:#include "authfile.h"
        -:   19:#include "restart.h"
        -:   20:#include <sys/stat.h>
        -:   21:#include <sys/socket.h>
        -:   22:#include <sys/un.h>
        -:   23:#include <signal.h>
        -:   24:#include <sys/param.h>
        -:   25:#include <sys/resource.h>
        -:   26:#include <sys/uio.h>
        -:   27:#include <ctype.h>
        -:   28:#include <stdarg.h>
        -:   29:
        -:   30:/* some POSIX systems need the following definition
        -:   31: * to get mlockall flags out of sys/mman.h.  */
        -:   32:#ifndef _P1003_1B_VISIBLE
        -:   33:#define _P1003_1B_VISIBLE
        -:   34:#endif
        -:   35:#include <pwd.h>
        -:   36:#include <sys/mman.h>
        -:   37:#include <fcntl.h>
        -:   38:#include <netinet/tcp.h>
        -:   39:#include <arpa/inet.h>
        -:   40:#include <errno.h>
        -:   41:#include <stdlib.h>
        -:   42:#include <stdio.h>
        -:   43:#include <string.h>
        -:   44:#include <time.h>
        -:   45:#include <assert.h>
        -:   46:#include <sysexits.h>
        -:   47:#include <stddef.h>
        -:   48:
        -:   49:#ifdef HAVE_GETOPT_LONG
        -:   50:#include <getopt.h>
        -:   51:#endif
        -:   52:
        -:   53:#ifdef TLS
        -:   54:#include "tls.h"
        -:   55:#endif
        -:   56:
        -:   57:#include "proto_text.h"
        -:   58:#include "proto_bin.h"
        -:   59:#include "proto_proxy.h"
        -:   60:
        -:   61:#if defined(__FreeBSD__)
        -:   62:#include <sys/sysctl.h>
        -:   63:#endif
        -:   64:
        -:   65:/*
        -:   66: * forward declarations
        -:   67: */
        -:   68:static void drive_machine(conn *c);
        -:   69:static int new_socket(struct addrinfo *ai);
        -:   70:static ssize_t tcp_read(conn *arg, void *buf, size_t count);
        -:   71:static ssize_t tcp_sendmsg(conn *arg, struct msghdr *msg, int flags);
        -:   72:static ssize_t tcp_write(conn *arg, void *buf, size_t count);
        -:   73:
        -:   74:enum try_read_result {
        -:   75:    READ_DATA_RECEIVED,
        -:   76:    READ_NO_DATA_RECEIVED,
        -:   77:    READ_ERROR,            /** an error occurred (on the socket) (or client closed connection) */
        -:   78:    READ_MEMORY_ERROR      /** failed to allocate more memory */
        -:   79:};
        -:   80:
        -:   81:static int try_read_command_negotiate(conn *c);
        -:   82:static int try_read_command_udp(conn *c);
        -:   83:
        -:   84:static enum try_read_result try_read_network(conn *c);
        -:   85:static enum try_read_result try_read_udp(conn *c);
        -:   86:
        -:   87:static int start_conn_timeout_thread(void);
        -:   88:
        -:   89:/* stats */
        -:   90:static void stats_init(void);
        -:   91:static void conn_to_str(const conn *c, char *addr, char *svr_addr);
        -:   92:
        -:   93:/* defaults */
        -:   94:static void settings_init(void);
        -:   95:
        -:   96:/* event handling, network IO */
        -:   97:static void event_handler(const evutil_socket_t fd, const short which, void *arg);
        -:   98:static void conn_close(conn *c);
        -:   99:static void conn_init(void);
        -:  100:static bool update_event(conn *c, const int new_flags);
        -:  101:static void complete_nread(conn *c);
        -:  102:
        -:  103:static void conn_free(conn *c);
        -:  104:
        -:  105:/** exported globals **/
        -:  106:struct stats stats;
        -:  107:struct stats_state stats_state;
        -:  108:struct settings settings;
        -:  109:time_t process_started;     /* when the process was started */
        -:  110:conn **conns;
        -:  111:
        -:  112:struct slab_rebalance slab_rebal;
        -:  113:volatile int slab_rebalance_signal;
        -:  114:#ifdef EXTSTORE
        -:  115:/* hoping this is temporary; I'd prefer to cut globals, but will complete this
        -:  116: * battle another day.
        -:  117: */
        -:  118:void *ext_storage = NULL;
        -:  119:#endif
        -:  120:/** file scope variables **/
        -:  121:static conn *listen_conn = NULL;
        -:  122:static int max_fds;
        -:  123:static struct event_base *main_base;
        -:  124:
        -:  125:enum transmit_result {
        -:  126:    TRANSMIT_COMPLETE,   /** All done writing. */
        -:  127:    TRANSMIT_INCOMPLETE, /** More data remaining to write. */
        -:  128:    TRANSMIT_SOFT_ERROR, /** Can't write any more right now. */
        -:  129:    TRANSMIT_HARD_ERROR  /** Can't write (c->state is set to conn_closing) */
        -:  130:};
        -:  131:
        -:  132:/* Default methods to read from/ write to a socket */
   559046:  133:ssize_t tcp_read(conn *c, void *buf, size_t count) {
  559046*:  134:    assert (c != NULL);
   559046:  135:    return read(c->sfd, buf, count);
        -:  136:}
        -:  137:
   415625:  138:ssize_t tcp_sendmsg(conn *c, struct msghdr *msg, int flags) {
  415625*:  139:    assert (c != NULL);
   415625:  140:    return sendmsg(c->sfd, msg, flags);
        -:  141:}
        -:  142:
     4045:  143:ssize_t tcp_write(conn *c, void *buf, size_t count) {
    4045*:  144:    assert (c != NULL);
     4045:  145:    return write(c->sfd, buf, count);
        -:  146:}
        -:  147:
        -:  148:static enum transmit_result transmit(conn *c);
        -:  149:
        -:  150:/* This reduces the latency without adding lots of extra wiring to be able to
        -:  151: * notify the listener thread of when to listen again.
        -:  152: * Also, the clock timer could be broken out into its own thread and we
        -:  153: * can block the listener via a condition.
        -:  154: */
        -:  155:static volatile bool allow_new_conns = true;
        -:  156:static int stop_main_loop = NOT_STOP;
        -:  157:static struct event maxconnsevent;
    #####:  158:static void maxconns_handler(const evutil_socket_t fd, const short which, void *arg) {
    #####:  159:    struct timeval t = {.tv_sec = 0, .tv_usec = 10000};
        -:  160:
    #####:  161:    if (fd == -42 || allow_new_conns == false) {
        -:  162:        /* reschedule in 10ms if we need to keep polling */
    #####:  163:        evtimer_set(&maxconnsevent, maxconns_handler, 0);
    #####:  164:        event_base_set(main_base, &maxconnsevent);
    #####:  165:        evtimer_add(&maxconnsevent, &t);
        -:  166:    } else {
    #####:  167:        evtimer_del(&maxconnsevent);
    #####:  168:        accept_new_conns(true);
        -:  169:    }
    #####:  170:}
        -:  171:
        -:  172:/*
        -:  173: * given time value that's either unix time or delta from current unix time, return
        -:  174: * unix time. Use the fact that delta can't exceed one month (and real time value can't
        -:  175: * be that low).
        -:  176: */
   329436:  177:rel_time_t realtime(const time_t exptime) {
        -:  178:    /* no. of seconds in 30 days - largest possible delta exptime */
        -:  179:
   329436:  180:    if (exptime == 0) return 0; /* 0 means never expire */
        -:  181:
     1660:  182:    if (exptime > REALTIME_MAXDELTA) {
        -:  183:        /* if item expiration is at/before the server started, give it an
        -:  184:           expiration time of 1 second after the server started.
        -:  185:           (because 0 means don't expire).  without this, we'd
        -:  186:           underflow and wrap around to some large value way in the
        -:  187:           future, effectively making items expiring in the past
        -:  188:           really expiring never */
       13:  189:        if (exptime <= process_started)
        -:  190:            return (rel_time_t)1;
        8:  191:        return (rel_time_t)(exptime - process_started);
        -:  192:    } else {
     1647:  193:        return (rel_time_t)(exptime + current_time);
        -:  194:    }
        -:  195:}
        -:  196:
      120:  197:static void stats_init(void) {
      120:  198:    memset(&stats, 0, sizeof(struct stats));
      120:  199:    memset(&stats_state, 0, sizeof(struct stats_state));
      120:  200:    stats_state.accepting_conns = true; /* assuming we start in this state. */
        -:  201:
        -:  202:    /* make the time we started always be 2 seconds before we really
        -:  203:       did, so time(0) - time.started is never zero.  if so, things
        -:  204:       like 'settings.oldest_live' which act as booleans as well as
        -:  205:       values are now false in boolean context... */
      120:  206:    process_started = time(0) - ITEM_UPDATE_INTERVAL - 2;
      120:  207:    stats_prefix_init(settings.prefix_delimiter);
      120:  208:}
        -:  209:
        3:  210:void stats_reset(void) {
        3:  211:    STATS_LOCK();
        3:  212:    memset(&stats, 0, sizeof(struct stats));
        3:  213:    stats_prefix_clear();
        3:  214:    STATS_UNLOCK();
        3:  215:    threadlocal_stats_reset();
        3:  216:    item_stats_reset();
        3:  217:}
        -:  218:
      428:  219:static void settings_init(void) {
      428:  220:    settings.use_cas = true;
      428:  221:    settings.access = 0700;
      428:  222:    settings.port = 11211;
      428:  223:    settings.udpport = 0;
        -:  224:#ifdef TLS
        -:  225:    settings.ssl_enabled = false;
        -:  226:    settings.ssl_ctx = NULL;
        -:  227:    settings.ssl_chain_cert = NULL;
        -:  228:    settings.ssl_key = NULL;
        -:  229:    settings.ssl_verify_mode = SSL_VERIFY_NONE;
        -:  230:    settings.ssl_keyformat = SSL_FILETYPE_PEM;
        -:  231:    settings.ssl_ciphers = NULL;
        -:  232:    settings.ssl_ca_cert = NULL;
        -:  233:    settings.ssl_last_cert_refresh_time = current_time;
        -:  234:    settings.ssl_wbuf_size = 16 * 1024; // default is 16KB (SSL max frame size is 17KB)
        -:  235:    settings.ssl_session_cache = false;
        -:  236:    settings.ssl_kernel_tls = false;
        -:  237:    settings.ssl_min_version = TLS1_2_VERSION;
        -:  238:#endif
        -:  239:    /* By default this string should be NULL for getaddrinfo() */
      428:  240:    settings.inter = NULL;
      428:  241:    settings.maxbytes = 64 * 1024 * 1024; /* default is 64MB */
      428:  242:    settings.maxconns = 1024;         /* to limit connections-related memory to about 5MB */
      428:  243:    settings.verbose = 0;
      428:  244:    settings.oldest_live = 0;
      428:  245:    settings.oldest_cas = 0;          /* supplements accuracy of oldest_live */
      428:  246:    settings.evict_to_free = 1;       /* push old items out of cache when memory runs out */
      428:  247:    settings.socketpath = NULL;       /* by default, not using a unix socket */
      428:  248:    settings.auth_file = NULL;        /* by default, not using ASCII authentication tokens */
      428:  249:    settings.factor = 1.25;
      428:  250:    settings.chunk_size = 48;         /* space for a modest key and value */
      428:  251:    settings.num_threads = 4;         /* N workers */
      428:  252:    settings.num_threads_per_udp = 0;
      428:  253:    settings.prefix_delimiter = ':';
      428:  254:    settings.detail_enabled = 0;
      428:  255:    settings.reqs_per_event = 20;
      428:  256:    settings.backlog = 1024;
      428:  257:    settings.binding_protocol = negotiating_prot;
      428:  258:    settings.item_size_max = 1024 * 1024; /* The famous 1MB upper limit. */
      428:  259:    settings.slab_page_size = 1024 * 1024; /* chunks are split from 1MB pages. */
      428:  260:    settings.slab_chunk_size_max = settings.slab_page_size / 2;
      428:  261:    settings.sasl = false;
      428:  262:    settings.maxconns_fast = true;
      428:  263:    settings.lru_crawler = false;
      428:  264:    settings.lru_crawler_sleep = 100;
      428:  265:    settings.lru_crawler_tocrawl = 0;
      428:  266:    settings.lru_maintainer_thread = false;
      428:  267:    settings.lru_segmented = true;
      428:  268:    settings.hot_lru_pct = 20;
      428:  269:    settings.warm_lru_pct = 40;
      428:  270:    settings.hot_max_factor = 0.2;
      428:  271:    settings.warm_max_factor = 2.0;
      428:  272:    settings.temp_lru = false;
      428:  273:    settings.temporary_ttl = 61;
      428:  274:    settings.idle_timeout = 0; /* disabled */
      428:  275:    settings.hashpower_init = 0;
      428:  276:    settings.slab_reassign = true;
      428:  277:    settings.slab_automove = 1;
      428:  278:    settings.slab_automove_ratio = 0.8;
      428:  279:    settings.slab_automove_window = 30;
      428:  280:    settings.shutdown_command = false;
      428:  281:    settings.tail_repair_time = TAIL_REPAIR_TIME_DEFAULT;
      428:  282:    settings.flush_enabled = true;
      428:  283:    settings.dump_enabled = true;
      428:  284:    settings.crawls_persleep = 1000;
      428:  285:    settings.logger_watcher_buf_size = LOGGER_WATCHER_BUF_SIZE;
      428:  286:    settings.logger_buf_size = LOGGER_BUF_SIZE;
      428:  287:    settings.drop_privileges = false;
      428:  288:    settings.watch_enabled = true;
      428:  289:    settings.read_buf_mem_limit = 0;
        -:  290:#ifdef MEMCACHED_DEBUG
      428:  291:    settings.relaxed_privileges = false;
        -:  292:#endif
      428:  293:    settings.num_napi_ids = 0;
      428:  294:    settings.memory_file = NULL;
        -:  295:#ifdef SOCK_COOKIE_ID
      428:  296:    settings.sock_cookie_id = 0;
        -:  297:#endif
      428:  298:}
        -:  299:
        -:  300:extern pthread_mutex_t conn_lock;
        -:  301:
        -:  302:/* Connection timeout thread bits */
        -:  303:static pthread_t conn_timeout_tid;
        -:  304:static int do_run_conn_timeout_thread;
        -:  305:static pthread_cond_t conn_timeout_cond = PTHREAD_COND_INITIALIZER;
        -:  306:static pthread_mutex_t conn_timeout_lock = PTHREAD_MUTEX_INITIALIZER;
        -:  307:
        -:  308:#define CONNS_PER_SLICE 100
        1:  309:static void *conn_timeout_thread(void *arg) {
        1:  310:    int i;
        1:  311:    conn *c;
        1:  312:    rel_time_t oldest_last_cmd;
        1:  313:    int sleep_time;
        1:  314:    int sleep_slice = max_fds / CONNS_PER_SLICE;
        1:  315:    if (sleep_slice == 0)
    #####:  316:        sleep_slice = CONNS_PER_SLICE;
        -:  317:
        1:  318:    useconds_t timeslice = 1000000 / sleep_slice;
        -:  319:
        1:  320:    mutex_lock(&conn_timeout_lock);
        4:  321:    while(do_run_conn_timeout_thread) {
        4:  322:        if (settings.verbose > 2)
    #####:  323:            fprintf(stderr, "idle timeout thread at top of connection list\n");
        -:  324:
        4:  325:        oldest_last_cmd = current_time;
        -:  326:
     4100:  327:        for (i = 0; i < max_fds; i++) {
     4096:  328:            if ((i % CONNS_PER_SLICE) == 0) {
       44:  329:                if (settings.verbose > 2)
    #####:  330:                    fprintf(stderr, "idle timeout thread sleeping for %ulus\n",
        -:  331:                        (unsigned int)timeslice);
       44:  332:                usleep(timeslice);
        -:  333:            }
        -:  334:
     4096:  335:            if (!conns[i])
     4073:  336:                continue;
        -:  337:
       23:  338:            c = conns[i];
        -:  339:
       23:  340:            if (!IS_TCP(c->transport))
       16:  341:                continue;
        -:  342:
        7:  343:            if (c->state != conn_new_cmd && c->state != conn_read)
        5:  344:                continue;
        -:  345:
        2:  346:            if ((current_time - c->last_cmd_time) > settings.idle_timeout) {
        1:  347:                timeout_conn(c);
        -:  348:            } else {
        1:  349:                if (c->last_cmd_time < oldest_last_cmd)
        -:  350:                    oldest_last_cmd = c->last_cmd_time;
        -:  351:            }
        -:  352:        }
        -:  353:
        -:  354:        /* This is the soonest we could have another connection time out */
        4:  355:        sleep_time = settings.idle_timeout - (current_time - oldest_last_cmd) + 1;
        4:  356:        if (sleep_time <= 0)
        -:  357:            sleep_time = 1;
        -:  358:
        4:  359:        if (settings.verbose > 2)
    #####:  360:            fprintf(stderr,
        -:  361:                    "idle timeout thread finished pass, sleeping for %ds\n",
        -:  362:                    sleep_time);
        -:  363:
        4:  364:        struct timeval now;
        4:  365:        struct timespec to_sleep;
        4:  366:        gettimeofday(&now, NULL);
        4:  367:        to_sleep.tv_sec = now.tv_sec + sleep_time;
        4:  368:        to_sleep.tv_nsec = 0;
        -:  369:
        4:  370:        pthread_cond_timedwait(&conn_timeout_cond, &conn_timeout_lock, &to_sleep);
        -:  371:    }
        -:  372:
    #####:  373:    mutex_unlock(&conn_timeout_lock);
    #####:  374:    return NULL;
        -:  375:}
        -:  376:
        1:  377:static int start_conn_timeout_thread(void) {
        1:  378:    int ret;
        -:  379:
        1:  380:    if (settings.idle_timeout == 0)
        -:  381:        return -1;
        -:  382:
        1:  383:    do_run_conn_timeout_thread = 1;
        1:  384:    if ((ret = pthread_create(&conn_timeout_tid, NULL,
        -:  385:        conn_timeout_thread, NULL)) != 0) {
    #####:  386:        fprintf(stderr, "Can't create idle connection timeout thread: %s\n",
        -:  387:            strerror(ret));
    #####:  388:        return -1;
        -:  389:    }
        1:  390:    thread_setname(conn_timeout_tid, "mc-idletimeout");
        -:  391:
        1:  392:    return 0;
        -:  393:}
        -:  394:
        2:  395:int stop_conn_timeout_thread(void) {
        2:  396:    if (!do_run_conn_timeout_thread)
        -:  397:        return -1;
    #####:  398:    mutex_lock(&conn_timeout_lock);
    #####:  399:    do_run_conn_timeout_thread = 0;
    #####:  400:    pthread_cond_signal(&conn_timeout_cond);
    #####:  401:    mutex_unlock(&conn_timeout_lock);
    #####:  402:    pthread_join(conn_timeout_tid, NULL);
    #####:  403:    return 0;
        -:  404:}
        -:  405:
        -:  406:/*
        -:  407: * read buffer cache helper functions
        -:  408: */
   462741:  409:static void rbuf_release(conn *c) {
   462741:  410:    if (c->rbuf != NULL && c->rbytes == 0 && !IS_UDP(c->transport)) {
   456876:  411:        if (c->rbuf_malloced) {
        3:  412:            free(c->rbuf);
        3:  413:            c->rbuf_malloced = false;
        -:  414:        } else {
   456873:  415:            do_cache_free(c->thread->rbuf_cache, c->rbuf);
        -:  416:        }
   456876:  417:        c->rsize = 0;
   456876:  418:        c->rbuf = NULL;
   456876:  419:        c->rcurr = NULL;
        -:  420:    }
   462741:  421:}
        -:  422:
   460586:  423:static bool rbuf_alloc(conn *c) {
   460586:  424:    if (c->rbuf == NULL) {
   456876:  425:        c->rbuf = do_cache_alloc(c->thread->rbuf_cache);
   456876:  426:        if (!c->rbuf) {
    #####:  427:            THR_STATS_LOCK(c->thread);
    #####:  428:            c->thread->stats.read_buf_oom++;
    #####:  429:            THR_STATS_UNLOCK(c->thread);
    #####:  430:            return false;
        -:  431:        }
   456876:  432:        c->rsize = READ_BUFFER_SIZE;
   456876:  433:        c->rcurr = c->rbuf;
        -:  434:    }
        -:  435:    return true;
        -:  436:}
        -:  437:
        -:  438:// Just for handling huge ASCII multigets.
        -:  439:// The previous system was essentially the same; realloc'ing until big enough,
        -:  440:// then realloc'ing back down after the request finished.
        3:  441:bool rbuf_switch_to_malloc(conn *c) {
        -:  442:    // Might as well start with x2 and work from there.
        3:  443:    size_t size = c->rsize * 2;
        3:  444:    char *tmp = malloc(size);
        3:  445:    if (!tmp)
        -:  446:        return false;
        -:  447:
        3:  448:    memcpy(tmp, c->rcurr, c->rbytes);
        3:  449:    do_cache_free(c->thread->rbuf_cache, c->rbuf);
        -:  450:
        3:  451:    c->rcurr = c->rbuf = tmp;
        3:  452:    c->rsize = size;
        3:  453:    c->rbuf_malloced = true;
        3:  454:    return true;
        -:  455:}
        -:  456:
        -:  457:/*
        -:  458: * Initializes the connections array. We don't actually allocate connection
        -:  459: * structures until they're needed, so as to avoid wasting memory when the
        -:  460: * maximum connection count is much higher than the actual number of
        -:  461: * connections.
        -:  462: *
        -:  463: * This does end up wasting a few pointers' worth of memory for FDs that are
        -:  464: * used for things other than connections, but that's worth it in exchange for
        -:  465: * being able to directly index the conns array by FD.
        -:  466: */
      120:  467:static void conn_init(void) {
        -:  468:    /* We're unlikely to see an FD much higher than maxconns. */
      120:  469:    int next_fd = dup(1);
      120:  470:    if (next_fd < 0) {
    #####:  471:        perror("Failed to duplicate file descriptor\n");
    #####:  472:        exit(1);
        -:  473:    }
      120:  474:    int headroom = 10;      /* account for extra unexpected open FDs */
      120:  475:    struct rlimit rl;
        -:  476:
      120:  477:    max_fds = settings.maxconns + headroom + next_fd;
        -:  478:
        -:  479:    /* But if possible, get the actual highest FD we can possibly ever see. */
      120:  480:    if (getrlimit(RLIMIT_NOFILE, &rl) == 0) {
      120:  481:        max_fds = rl.rlim_max;
        -:  482:    } else {
    #####:  483:        fprintf(stderr, "Failed to query maximum file descriptor; "
        -:  484:                        "falling back to maxconns\n");
        -:  485:    }
        -:  486:
      120:  487:    close(next_fd);
        -:  488:
      120:  489:    if ((conns = calloc(max_fds, sizeof(conn *))) == NULL) {
    #####:  490:        fprintf(stderr, "Failed to allocate connection structures\n");
        -:  491:        /* This is unrecoverable so bail out early. */
    #####:  492:        exit(1);
        -:  493:    }
      120:  494:}
        -:  495:
     322*:  496:static const char *prot_text(enum protocol prot) {
     322*:  497:    char *rv = "unknown";
     322*:  498:    switch(prot) {
       2*:  499:        case ascii_prot:
       2*:  500:            rv = "ascii";
       2*:  501:            break;
       1*:  502:        case binary_prot:
       1*:  503:            rv = "binary";
       1*:  504:            break;
     319*:  505:        case negotiating_prot:
     319*:  506:            rv = "auto-negotiate";
     319*:  507:            break;
        -:  508:#ifdef PROXY
        -:  509:        case proxy_prot:
        -:  510:            rv = "proxy";
        -:  511:            break;
        -:  512:#endif
        -:  513:    }
     322*:  514:    return rv;
        -:  515:}
        -:  516:
        1:  517:void conn_close_idle(conn *c) {
        1:  518:    if (settings.idle_timeout > 0 &&
        1:  519:        (current_time - c->last_cmd_time) > settings.idle_timeout) {
        1:  520:        if (c->state != conn_new_cmd && c->state != conn_read) {
    #####:  521:            if (settings.verbose > 1)
    #####:  522:                fprintf(stderr,
        -:  523:                    "fd %d wants to timeout, but isn't in read state", c->sfd);
    #####:  524:            return;
        -:  525:        }
        -:  526:
        1:  527:        if (settings.verbose > 1)
    #####:  528:            fprintf(stderr, "Closing idle fd %d\n", c->sfd);
        -:  529:
        1:  530:        pthread_mutex_lock(&c->thread->stats.mutex);
        1:  531:        c->thread->stats.idle_kicks++;
        1:  532:        pthread_mutex_unlock(&c->thread->stats.mutex);
        -:  533:
        1:  534:        c->close_reason = IDLE_TIMEOUT_CLOSE;
        -:  535:
        1:  536:        conn_set_state(c, conn_closing);
        1:  537:        drive_machine(c);
        -:  538:    }
        -:  539:}
        -:  540:
       13:  541:static void _conn_event_readd(conn *c) {
       13:  542:    c->ev_flags = EV_READ | EV_PERSIST;
       13:  543:    event_set(&c->event, c->sfd, c->ev_flags, event_handler, (void *)c);
       13:  544:    event_base_set(c->thread->base, &c->event);
        -:  545:
        -:  546:    // TODO: call conn_cleanup/fail/etc
       13:  547:    if (event_add(&c->event, 0) == -1) {
    #####:  548:        perror("event_add");
        -:  549:    }
       13:  550:}
        -:  551:
        -:  552:/* bring conn back from a sidethread. could have had its event base moved. */
      399:  553:void conn_worker_readd(conn *c) {
      399:  554:    if (c->io_queues_submitted) { // TODO: ensure this is safe?
      386:  555:        c->io_queues_submitted--;
        -:  556:        // If we're still waiting for other queues to return, don't re-add the
        -:  557:        // connection yet.
      386:  558:        if (c->io_queues_submitted != 0) {
        -:  559:            return;
        -:  560:        }
        -:  561:    }
        -:  562:
      399:  563:    switch (c->state) {
       11:  564:        case conn_closing:
        -:  565:            // might be fixable: only need to do this because we can't do
        -:  566:            // event_del() without the event being armed.
       11:  567:            _conn_event_readd(c);
       11:  568:            drive_machine(c);
       11:  569:            break;
    #####:  570:        case conn_io_pending:
        -:  571:            // The event listener was removed as more data showed up while
        -:  572:            // waiting for the async response.
    #####:  573:            _conn_event_readd(c);
        -:  574:            // Explicit fall-through.
      386:  575:        case conn_io_queue:
      386:  576:            conn_set_state(c, conn_io_resume);
        -:  577:            // machine will know how to return based on secondary state.
      386:  578:            drive_machine(c);
      386:  579:            break;
        2:  580:        default:
        2:  581:            _conn_event_readd(c);
        2:  582:            conn_set_state(c, conn_new_cmd);
        -:  583:    }
        -:  584:
        -:  585:}
        -:  586:
      544:  587:void thread_io_queue_add(LIBEVENT_THREAD *t, int type, void *ctx, io_queue_stack_cb cb) {
      544:  588:    io_queue_cb_t *q = t->io_queues;
      584:  589:    while (q->type != IO_QUEUE_NONE) {
       40:  590:        q++;
        -:  591:    }
      544:  592:    q->type = type;
      544:  593:    q->ctx = ctx;
      544:  594:    q->submit_cb = cb;
      544:  595:    return;
        -:  596:}
        -:  597:
     2204:  598:void conn_io_queue_setup(conn *c) {
     2204:  599:    io_queue_cb_t *qcb = c->thread->io_queues;
     2204:  600:    io_queue_t *q = c->io_queues;
     3209:  601:    while (qcb->type != IO_QUEUE_NONE) {
     1005:  602:        q->type = qcb->type;
     1005:  603:        q->ctx = qcb->ctx;
     1005:  604:        q->stack_ctx = NULL;
     1005:  605:        q->count = 0;
     1005:  606:        qcb++;
     1005:  607:        q++;
        -:  608:    }
     2204:  609:}
        -:  610:
        -:  611:// To be called from conn_release_items to ensure the stack ptrs are reset.
       28:  612:static void conn_io_queue_reset(conn *c) {
       30:  613:    for (io_queue_t *q = c->io_queues; q->type != IO_QUEUE_NONE; q++) {
       2*:  614:        assert(q->count == 0);
        2:  615:        q->stack_ctx = NULL;
        -:  616:    }
       28:  617:}
        -:  618:
     386*:  619:io_queue_cb_t *thread_io_queue_get(LIBEVENT_THREAD *t, int type) {
     386*:  620:    io_queue_cb_t *q = t->io_queues;
     386*:  621:    while (q->type != IO_QUEUE_NONE) {
     386*:  622:        if (q->type == type) {
    #####:  623:            return q;
        -:  624:        }
    #####:  625:        q++;
        -:  626:    }
        -:  627:    return NULL;
        -:  628:}
        -:  629:
      783:  630:io_queue_t *conn_io_queue_get(conn *c, int type) {
      783:  631:    io_queue_t *q = c->io_queues;
      783:  632:    while (q->type != IO_QUEUE_NONE) {
      783:  633:        if (q->type == type) {
      783:  634:            return q;
        -:  635:        }
    #####:  636:        q++;
        -:  637:    }
        -:  638:    return NULL;
        -:  639:}
        -:  640:
        -:  641:// called to return a single IO object to the original worker thread.
      388:  642:void conn_io_queue_return(io_pending_t *io) {
      388:  643:    io->return_cb(io);
      388:  644:}
        -:  645:
     2334:  646:conn *conn_new(const int sfd, enum conn_states init_state,
        -:  647:                const int event_flags,
        -:  648:                const int read_buffer_size, enum network_transport transport,
        -:  649:                struct event_base *base, void *ssl, uint64_t conntag,
        -:  650:                enum protocol bproto) {
     2334:  651:    conn *c;
        -:  652:
    2334*:  653:    assert(sfd >= 0 && sfd < max_fds);
     2334:  654:    c = conns[sfd];
        -:  655:
     2334:  656:    if (NULL == c) {
     2322:  657:        if (!(c = (conn *)calloc(1, sizeof(conn)))) {
    #####:  658:            STATS_LOCK();
    #####:  659:            stats.malloc_fails++;
    #####:  660:            STATS_UNLOCK();
    #####:  661:            fprintf(stderr, "Failed to allocate connection object\n");
    #####:  662:            return NULL;
        -:  663:        }
     2322:  664:        MEMCACHED_CONN_CREATE(c);
     2322:  665:        c->read = NULL;
     2322:  666:        c->sendmsg = NULL;
     2322:  667:        c->write = NULL;
     2322:  668:        c->rbuf = NULL;
        -:  669:
     2322:  670:        c->rsize = read_buffer_size;
        -:  671:
        -:  672:        // UDP connections use a persistent static buffer.
     2322:  673:        if (c->rsize) {
      202:  674:            c->rbuf = (char *)malloc((size_t)c->rsize);
        -:  675:        }
        -:  676:
     2322:  677:        if (c->rsize && c->rbuf == NULL) {
    #####:  678:            conn_free(c);
    #####:  679:            STATS_LOCK();
    #####:  680:            stats.malloc_fails++;
    #####:  681:            STATS_UNLOCK();
    #####:  682:            fprintf(stderr, "Failed to allocate buffers for connection\n");
    #####:  683:            return NULL;
        -:  684:        }
        -:  685:
        -:  686:
     2322:  687:        STATS_LOCK();
     2322:  688:        stats_state.conn_structs++;
     2322:  689:        STATS_UNLOCK();
        -:  690:
     2322:  691:        c->sfd = sfd;
     2322:  692:        conns[sfd] = c;
        -:  693:    }
        -:  694:
     2334:  695:    c->transport = transport;
     2334:  696:    c->protocol = bproto;
     2334:  697:    c->tag = conntag;
        -:  698:
        -:  699:    /* unix socket mode doesn't need this, so zeroed out.  but why
        -:  700:     * is this done for every command?  presumably for UDP
        -:  701:     * mode.  */
     2334:  702:    if (!settings.socketpath) {
      124:  703:        c->request_addr_size = sizeof(c->request_addr);
        -:  704:    } else {
     2210:  705:        c->request_addr_size = 0;
        -:  706:    }
        -:  707:
     2334:  708:    if (transport == tcp_transport && init_state == conn_new_cmd) {
       20:  709:        if (getpeername(sfd, (struct sockaddr *) &c->request_addr,
        -:  710:                        &c->request_addr_size)) {
    #####:  711:            perror("getpeername");
    #####:  712:            memset(&c->request_addr, 0, sizeof(c->request_addr));
        -:  713:        }
        -:  714:    }
        -:  715:
     2334:  716:    if (init_state == conn_new_cmd) {
     2132:  717:        LOGGER_LOG(NULL, LOG_CONNEVENTS, LOGGER_CONNECTION_NEW, NULL,
        -:  718:                &c->request_addr, c->request_addr_size, c->transport, 0, sfd);
        -:  719:    }
        -:  720:
     2334:  721:    if (settings.verbose > 1) {
        6:  722:        if (init_state == conn_listening) {
        6:  723:            fprintf(stderr, "<%d server listening (%s)\n", sfd,
        -:  724:                prot_text(c->protocol));
        3:  725:        } else if (IS_UDP(transport)) {
    #####:  726:            fprintf(stderr, "<%d server listening (udp)\n", sfd);
        3:  727:        } else if (c->protocol == negotiating_prot) {
        1:  728:            fprintf(stderr, "<%d new auto-negotiating client connection\n",
        -:  729:                    sfd);
        2:  730:        } else if (c->protocol == ascii_prot) {
        1:  731:            fprintf(stderr, "<%d new ascii client connection.\n", sfd);
        1:  732:        } else if (c->protocol == binary_prot) {
        1:  733:            fprintf(stderr, "<%d new binary client connection.\n", sfd);
        -:  734:#ifdef PROXY
        -:  735:        } else if (c->protocol == proxy_prot) {
        -:  736:            fprintf(stderr, "<%d new proxy client connection.\n", sfd);
        -:  737:#endif
        -:  738:        } else {
    #####:  739:            fprintf(stderr, "<%d new unknown (%d) client connection\n",
        -:  740:                sfd, c->protocol);
    #####:  741:            assert(false);
        -:  742:        }
        -:  743:    }
        -:  744:
        -:  745:#ifdef TLS
        -:  746:    c->ssl = NULL;
        -:  747:    c->ssl_wbuf = NULL;
        -:  748:    c->ssl_enabled = false;
        -:  749:#endif
     2334:  750:    c->state = init_state;
     2334:  751:    c->rlbytes = 0;
     2334:  752:    c->cmd = -1;
     2334:  753:    c->rbytes = 0;
     2334:  754:    c->rcurr = c->rbuf;
     2334:  755:    c->ritem = 0;
     2334:  756:    c->rbuf_malloced = false;
     2334:  757:    c->item_malloced = false;
     2334:  758:    c->sasl_started = false;
     2334:  759:    c->set_stale = false;
     2334:  760:    c->mset_res = false;
     2334:  761:    c->close_after_write = false;
     2334:  762:    c->last_cmd_time = current_time; /* initialize for idle kicker */
        -:  763:    // wipe all queues.
     2334:  764:    memset(c->io_queues, 0, sizeof(c->io_queues));
     2334:  765:    c->io_queues_submitted = 0;
        -:  766:
     2334:  767:    c->item = 0;
        -:  768:
     2334:  769:    c->noreply = false;
        -:  770:
        -:  771:#ifdef TLS
        -:  772:    if (ssl) {
        -:  773:        c->ssl = (SSL*)ssl;
        -:  774:        c->read = ssl_read;
        -:  775:        c->sendmsg = ssl_sendmsg;
        -:  776:        c->write = ssl_write;
        -:  777:        c->ssl_enabled = true;
        -:  778:        SSL_set_info_callback(c->ssl, ssl_callback);
        -:  779:    } else
        -:  780:#else
        -:  781:    // This must be NULL if TLS is not enabled.
    2334*:  782:    assert(ssl == NULL);
        -:  783:#endif
        -:  784:    {
     2334:  785:        c->read = tcp_read;
     2334:  786:        c->sendmsg = tcp_sendmsg;
     2334:  787:        c->write = tcp_write;
        -:  788:    }
        -:  789:
     2334:  790:    if (IS_UDP(transport)) {
       72:  791:        c->try_read_command = try_read_command_udp;
        -:  792:    } else {
     2262:  793:        switch (c->protocol) {
        7:  794:            case ascii_prot:
        7:  795:                if (settings.auth_file == NULL) {
        4:  796:                    c->authenticated = true;
        4:  797:                    c->try_read_command = try_read_command_ascii;
        -:  798:                } else {
        3:  799:                    c->authenticated = false;
        3:  800:                    c->try_read_command = try_read_command_asciiauth;
        -:  801:                }
        -:  802:                break;
        6:  803:            case binary_prot:
        -:  804:                // binprot handles its own authentication via SASL parsing.
        6:  805:                c->authenticated = false;
        6:  806:                c->try_read_command = try_read_command_binary;
        6:  807:                break;
     2249:  808:            case negotiating_prot:
     2249:  809:                c->try_read_command = try_read_command_negotiate;
     2249:  810:                break;
        -:  811:#ifdef PROXY
        -:  812:            case proxy_prot:
        -:  813:                c->try_read_command = try_read_command_proxy;
        -:  814:                break;
        -:  815:#endif
        -:  816:        }
     2334:  817:    }
        -:  818:
     2334:  819:    event_set(&c->event, sfd, event_flags, event_handler, (void *)c);
     2334:  820:    event_base_set(base, &c->event);
     2334:  821:    c->ev_flags = event_flags;
        -:  822:
     2334:  823:    if (event_add(&c->event, 0) == -1) {
    #####:  824:        perror("event_add");
    #####:  825:        return NULL;
        -:  826:    }
        -:  827:
     2334:  828:    STATS_LOCK();
     2334:  829:    stats_state.curr_conns++;
     2334:  830:    stats.total_conns++;
     2334:  831:    STATS_UNLOCK();
        -:  832:
     2334:  833:    MEMCACHED_CONN_ALLOCATE(c->sfd);
        -:  834:
     2334:  835:    return c;
        -:  836:}
        -:  837:
   468585:  838:void conn_release_items(conn *c) {
  468585*:  839:    assert(c != NULL);
        -:  840:
   468585:  841:    if (c->item) {
        2:  842:        if (c->item_malloced) {
    #####:  843:            free(c->item);
    #####:  844:            c->item_malloced = false;
        -:  845:        } else {
        2:  846:            item_remove(c->item);
        -:  847:        }
        2:  848:        c->item = 0;
        -:  849:    }
        -:  850:
        -:  851:    // Cull any unsent responses.
   468585:  852:    if (c->resp_head) {
        -:  853:        mc_resp *resp = c->resp_head;
        -:  854:        // r_f() handles the chain maintenance.
      122:  855:        while (resp) {
        -:  856:            // temporary by default. hide behind a debug flag in the future:
        -:  857:            // double free detection. Transmit loops can drop out early, but
        -:  858:            // here we could infinite loop.
       94:  859:            if (resp->free) {
    #####:  860:                fprintf(stderr, "ERROR: double free detected during conn_release_items(): [%d] [%s]\n",
    #####:  861:                        c->sfd, c->protocol == binary_prot ? "binary" : "ascii");
        -:  862:                // Since this is a critical failure, just leak the memory.
        -:  863:                // If these errors are seen, an abort() can be used instead.
    #####:  864:                c->resp_head = NULL;
    #####:  865:                c->resp = NULL;
    #####:  866:                break;
        -:  867:            }
       94:  868:            resp = resp_finish(c, resp);
        -:  869:        }
       28:  870:        conn_io_queue_reset(c);
        -:  871:    }
   468585:  872:}
        -:  873:
     2133:  874:static void conn_cleanup(conn *c) {
    2133*:  875:    assert(c != NULL);
        -:  876:
     2133:  877:    conn_release_items(c);
        -:  878:#ifdef PROXY
        -:  879:    if (c->proxy_rctx) {
        -:  880:        proxy_cleanup_conn(c);
        -:  881:    }
        -:  882:#endif
     2133:  883:    if (c->sasl_conn) {
    #####:  884:        assert(settings.sasl);
    #####:  885:        sasl_dispose(&c->sasl_conn);
    #####:  886:        c->sasl_conn = NULL;
        -:  887:    }
        -:  888:
     2133:  889:    if (IS_UDP(c->transport)) {
    #####:  890:        conn_set_state(c, conn_read);
        -:  891:    }
     2133:  892:}
        -:  893:
        -:  894:/*
        -:  895: * Frees a connection.
        -:  896: */
    #####:  897:void conn_free(conn *c) {
    #####:  898:    if (c) {
    #####:  899:        assert(c != NULL);
    #####:  900:        assert(c->sfd >= 0 && c->sfd < max_fds);
        -:  901:
    #####:  902:        MEMCACHED_CONN_DESTROY(c);
    #####:  903:        conns[c->sfd] = NULL;
    #####:  904:        if (c->rbuf)
    #####:  905:            free(c->rbuf);
        -:  906:#ifdef TLS
        -:  907:        if (c->ssl_wbuf)
        -:  908:            c->ssl_wbuf = NULL;
        -:  909:#endif
        -:  910:
    #####:  911:        free(c);
        -:  912:    }
    #####:  913:}
        -:  914:
     2133:  915:static void conn_close(conn *c) {
    2133*:  916:    assert(c != NULL);
        -:  917:
     2133:  918:    if (c->thread) {
    2131*:  919:        LOGGER_LOG(c->thread->l, LOG_CONNEVENTS, LOGGER_CONNECTION_CLOSE, NULL,
        -:  920:                &c->request_addr, c->request_addr_size, c->transport,
        -:  921:                c->close_reason, c->sfd);
        -:  922:    }
        -:  923:
        -:  924:    /* delete the event, the socket and the conn */
     2133:  925:    event_del(&c->event);
        -:  926:
     2133:  927:    if (settings.verbose > 1)
        3:  928:        fprintf(stderr, "<%d connection closed.\n", c->sfd);
        -:  929:
     2133:  930:    conn_cleanup(c);
        -:  931:
        -:  932:    // force release of read buffer.
     2133:  933:    if (c->thread) {
     2131:  934:        c->rbytes = 0;
     2131:  935:        rbuf_release(c);
        -:  936:    }
        -:  937:
     2133:  938:    MEMCACHED_CONN_RELEASE(c->sfd);
     2133:  939:    conn_set_state(c, conn_closed);
        -:  940:#ifdef TLS
        -:  941:    if (c->ssl) {
        -:  942:        SSL_shutdown(c->ssl);
        -:  943:        SSL_free(c->ssl);
        -:  944:    }
        -:  945:#endif
     2133:  946:    close(c->sfd);
     2133:  947:    c->close_reason = 0;
     2133:  948:    pthread_mutex_lock(&conn_lock);
     2133:  949:    allow_new_conns = true;
     2133:  950:    pthread_mutex_unlock(&conn_lock);
        -:  951:
     2133:  952:    STATS_LOCK();
     2133:  953:    stats_state.curr_conns--;
     2133:  954:    STATS_UNLOCK();
        -:  955:
     2133:  956:    return;
        -:  957:}
        -:  958:
        -:  959:// Since some connections might be off on side threads and some are managed as
        -:  960:// listeners we need to walk through them all from a central point.
        -:  961:// Must be called with all worker threads hung or in the process of closing.
        2:  962:void conn_close_all(void) {
        2:  963:    int i;
     2050:  964:    for (i = 0; i < max_fds; i++) {
     2048:  965:        if (conns[i] && conns[i]->state != conn_closed) {
        3:  966:            conn_close(conns[i]);
        -:  967:        }
        -:  968:    }
        2:  969:}
        -:  970:
        -:  971:/**
        -:  972: * Convert a state name to a human readable form.
        -:  973: */
      16*:  974:static const char *state_text(enum conn_states state) {
      16*:  975:    const char* const statenames[] = { "conn_listening",
        -:  976:                                       "conn_new_cmd",
        -:  977:                                       "conn_waiting",
        -:  978:                                       "conn_read",
        -:  979:                                       "conn_parse_cmd",
        -:  980:                                       "conn_write",
        -:  981:                                       "conn_nread",
        -:  982:                                       "conn_swallow",
        -:  983:                                       "conn_closing",
        -:  984:                                       "conn_mwrite",
        -:  985:                                       "conn_closed",
        -:  986:                                       "conn_watch",
        -:  987:                                       "conn_io_queue",
        -:  988:                                       "conn_io_resume",
        -:  989:                                       "conn_io_pending" };
      16*:  990:    return statenames[state];
        -:  991:}
        -:  992:
        -:  993:/*
        -:  994: * Sets a connection's current state in the state machine. Any special
        -:  995: * processing that needs to happen on certain state transitions can
        -:  996: * happen here.
        -:  997: */
  3279040:  998:void conn_set_state(conn *c, enum conn_states state) {
 3279040*:  999:    assert(c != NULL);
 3279040*: 1000:    assert(state >= conn_listening && state < conn_max_state);
        -: 1001:
  3279040: 1002:    if (state != c->state) {
  3279039: 1003:        if (settings.verbose > 2) {
    #####: 1004:            fprintf(stderr, "%d: going from %s to %s\n",
        -: 1005:                    c->sfd, state_text(c->state),
        -: 1006:                    state_text(state));
        -: 1007:        }
        -: 1008:
  3279039: 1009:        if (state == conn_write || state == conn_mwrite) {
  3279039: 1010:            MEMCACHED_PROCESS_COMMAND_END(c->sfd, c->resp->wbuf, c->resp->wbytes);
        -: 1011:        }
  3279039: 1012:        c->state = state;
        -: 1013:    }
  3279040: 1014:}
        -: 1015:
        -: 1016:/*
        -: 1017: * response object helper functions
        -: 1018: */
   461514: 1019:void resp_reset(mc_resp *resp) {
   461514: 1020:    if (resp->item) {
    #####: 1021:        item_remove(resp->item);
    #####: 1022:        resp->item = NULL;
        -: 1023:    }
   461514: 1024:    if (resp->write_and_free) {
        -: 1025:#ifdef PROXY
        -: 1026:        if (resp->proxy_res) {
        -: 1027:            LIBEVENT_THREAD *t = resp->bundle->thread;
        -: 1028:            pthread_mutex_lock(&t->proxy_limit_lock);
        -: 1029:            t->proxy_buffer_memory_used -= resp->wbytes;
        -: 1030:            pthread_mutex_unlock(&t->proxy_limit_lock);
        -: 1031:        }
        -: 1032:#endif
    #####: 1033:        free(resp->write_and_free);
    #####: 1034:        resp->write_and_free = NULL;
        -: 1035:    }
   461514: 1036:    resp->wbytes = 0;
   461514: 1037:    resp->tosend = 0;
   461514: 1038:    resp->iovcnt = 0;
   461514: 1039:    resp->chunked_data_iov = 0;
   461514: 1040:    resp->chunked_total = 0;
   461514: 1041:    resp->skip = false;
   461514: 1042:}
        -: 1043:
   532384: 1044:void resp_add_iov(mc_resp *resp, const void *buf, int len) {
  532384*: 1045:    assert(resp->iovcnt < MC_RESP_IOVCOUNT);
   532384: 1046:    int x = resp->iovcnt;
   532384: 1047:    resp->iov[x].iov_base = (void *)buf;
   532384: 1048:    resp->iov[x].iov_len = len;
   532384: 1049:    resp->iovcnt++;
   532384: 1050:    resp->tosend += len;
   532384: 1051:}
        -: 1052:
        -: 1053:// Notes that an IOV should be handled as a chunked item header.
        -: 1054:// TODO: I'm hoping this isn't a permanent abstraction while I learn what the
        -: 1055:// API should be.
    18975: 1056:void resp_add_chunked_iov(mc_resp *resp, const void *buf, int len) {
    18975: 1057:    resp->chunked_data_iov = resp->iovcnt;
    18975: 1058:    resp->chunked_total = len;
    18975: 1059:    resp_add_iov(resp, buf, len);
    18975: 1060:}
        -: 1061:
        -: 1062:// resp_allocate and resp_free are a wrapper around read buffers which makes
        -: 1063:// read buffers the only network memory to track.
        -: 1064:// Normally this would be too excessive. In this case it allows end users to
        -: 1065:// track a single memory limit for ephemeral connection buffers.
        -: 1066:// Fancy bit twiddling tricks are avoided to help keep this straightforward.
        -: 1067:static mc_resp* resp_allocate(conn *c) {
        -: 1068:    LIBEVENT_THREAD *th = c->thread;
        -: 1069:    mc_resp *resp = NULL;
        -: 1070:    mc_resp_bundle *b = th->open_bundle;
        -: 1071:
        -: 1072:    if (b != NULL) {
        -: 1073:        for (int i = 0; i < MAX_RESP_PER_BUNDLE; i++) {
        -: 1074:            // loop around starting from the most likely to be free
        -: 1075:            int x = (i + b->next_check) % MAX_RESP_PER_BUNDLE;
        -: 1076:            if (b->r[x].free) {
        -: 1077:                resp = &b->r[x];
        -: 1078:                b->next_check = x+1;
        -: 1079:                break;
        -: 1080:            }
        -: 1081:        }
        -: 1082:
        -: 1083:        if (resp != NULL) {
        -: 1084:            b->refcount++;
        -: 1085:            memset(resp, 0, sizeof(*resp));
        -: 1086:            resp->free = false; // redundant, for clarity.
        -: 1087:            resp->bundle = b;
        -: 1088:            if (b->refcount == MAX_RESP_PER_BUNDLE) {
        -: 1089:                assert(b->prev == NULL);
        -: 1090:                // We only allocate off the head. Assign new head.
        -: 1091:                th->open_bundle = b->next;
        -: 1092:                // Remove ourselves from the list.
        -: 1093:                if (b->next) {
        -: 1094:                    b->next->prev = 0;
        -: 1095:                    b->next = 0;
        -: 1096:                }
        -: 1097:            }
        -: 1098:        }
        -: 1099:    }
        -: 1100:
        -: 1101:    if (resp == NULL) {
        -: 1102:        assert(th->open_bundle == NULL);
        -: 1103:        b = do_cache_alloc(th->rbuf_cache);
        -: 1104:        if (b) {
        -: 1105:            THR_STATS_LOCK(th);
        -: 1106:            th->stats.response_obj_bytes += READ_BUFFER_SIZE;
        -: 1107:            THR_STATS_UNLOCK(th);
        -: 1108:            b->next_check = 1;
        -: 1109:            b->refcount = 1;
        -: 1110:            for (int i = 0; i < MAX_RESP_PER_BUNDLE; i++) {
        -: 1111:                b->r[i].free = true;
        -: 1112:            }
        -: 1113:            b->next = 0;
        -: 1114:            b->prev = 0;
        -: 1115:            b->thread = th;
        -: 1116:            th->open_bundle = b;
        -: 1117:            resp = &b->r[0];
        -: 1118:            memset(resp, 0, sizeof(*resp));
        -: 1119:            resp->free = false; // redundant. for clarity.
        -: 1120:            resp->bundle = b;
        -: 1121:        } else {
        -: 1122:            return NULL;
        -: 1123:        }
        -: 1124:    }
        -: 1125:
        -: 1126:    return resp;
        -: 1127:}
        -: 1128:
   620542: 1129:void resp_free(LIBEVENT_THREAD *th, mc_resp *resp) {
   620542: 1130:    mc_resp_bundle *b = resp->bundle;
        -: 1131:
   620542: 1132:    resp->free = true;
   620542: 1133:    b->refcount--;
   620542: 1134:    if (b->refcount == 0) {
   472714: 1135:        if (b == th->open_bundle && b->next == 0) {
        -: 1136:            // This is the final bundle. Just hold and reuse to skip init loop
  466474*: 1137:            assert(b->prev == 0);
   466474: 1138:            b->next_check = 0;
        -: 1139:        } else {
        -: 1140:            // Assert that we're either in the list or at the head.
    6240*: 1141:            assert((b->next || b->prev) || b == th->open_bundle);
        -: 1142:
        -: 1143:            // unlink from list.
     6240: 1144:            mc_resp_bundle **head = &th->open_bundle;
     6240: 1145:            if (*head == b) *head = b->next;
        -: 1146:            // Not tracking the tail.
    6240*: 1147:            assert(b->next != b && b->prev != b);
        -: 1148:
     6240: 1149:            if (b->next) b->next->prev = b->prev;
    6240*: 1150:            if (b->prev) b->prev->next = b->next;
        -: 1151:
        -: 1152:            // Now completely done with this buffer.
     6240: 1153:            do_cache_free(th->rbuf_cache, b);
     6240: 1154:            THR_STATS_LOCK(th);
     6240: 1155:            th->stats.response_obj_bytes -= READ_BUFFER_SIZE;
     6240: 1156:            THR_STATS_UNLOCK(th);
        -: 1157:        }
        -: 1158:    } else {
   147828: 1159:        mc_resp_bundle **head = &th->open_bundle;
        -: 1160:        // NOTE: since we're not tracking tail, latest free ends up in head.
   147828: 1161:        if (b == th->open_bundle || (b->prev || b->next)) {
        -: 1162:            // If we're already linked, leave it in place to save CPU.
        -: 1163:        } else {
        -: 1164:            // Non-zero refcount, need to link into the freelist.
     6298: 1165:            b->prev = 0;
     6298: 1166:            b->next = *head;
     6298: 1167:            if (b->next) b->next->prev = b;
     6298: 1168:            *head = b;
        -: 1169:        }
        -: 1170:
        -: 1171:    }
   620542: 1172:    THR_STATS_LOCK(th);
   620542: 1173:    th->stats.response_obj_count--;
   620542: 1174:    THR_STATS_UNLOCK(th);
   620542: 1175:}
        -: 1176:
   620544: 1177:bool resp_start(conn *c) {
   620544: 1178:    mc_resp *resp = resp_allocate(c);
   620544: 1179:    if (!resp) {
        2: 1180:        THR_STATS_LOCK(c->thread);
        2: 1181:        c->thread->stats.response_obj_oom++;
        2: 1182:        THR_STATS_UNLOCK(c->thread);
        2: 1183:        return false;
        -: 1184:    }
        -: 1185:
        -: 1186:    // handling the stats counters here to simplify testing
   620542: 1187:    THR_STATS_LOCK(c->thread);
   620542: 1188:    c->thread->stats.response_obj_count++;
   620542: 1189:    THR_STATS_UNLOCK(c->thread);
        -: 1190:
   620542: 1191:    if (!c->resp_head) {
   466476: 1192:        c->resp_head = resp;
        -: 1193:    }
   620542: 1194:    if (!c->resp) {
   466476: 1195:        c->resp = resp;
        -: 1196:    } else {
   154066: 1197:        c->resp->next = resp;
   154066: 1198:        c->resp = resp;
        -: 1199:    }
   620542: 1200:    if (IS_UDP(c->transport)) {
        -: 1201:        // need to hold on to some data for async responses.
       18: 1202:        c->resp->request_id = c->request_id;
       18: 1203:        c->resp->request_addr = c->request_addr;
       18: 1204:        c->resp->request_addr_size = c->request_addr_size;
        -: 1205:    }
        -: 1206:    return true;
        -: 1207:}
        -: 1208:
    #####: 1209:mc_resp *resp_start_unlinked(conn *c) {
    #####: 1210:    mc_resp *resp = resp_allocate(c);
    #####: 1211:    if (!resp) {
    #####: 1212:        THR_STATS_LOCK(c->thread);
    #####: 1213:        c->thread->stats.response_obj_oom++;
    #####: 1214:        THR_STATS_UNLOCK(c->thread);
    #####: 1215:        return false;
        -: 1216:    }
        -: 1217:
        -: 1218:    // handling the stats counters here to simplify testing
    #####: 1219:    THR_STATS_LOCK(c->thread);
    #####: 1220:    c->thread->stats.response_obj_count++;
    #####: 1221:    THR_STATS_UNLOCK(c->thread);
        -: 1222:
    #####: 1223:    if (IS_UDP(c->transport)) {
        -: 1224:        // need to hold on to some data for async responses.
    #####: 1225:        c->resp->request_id = c->request_id;
    #####: 1226:        c->resp->request_addr = c->request_addr;
    #####: 1227:        c->resp->request_addr_size = c->request_addr_size;
        -: 1228:    }
        -: 1229:
        -: 1230:    return resp;
        -: 1231:}
        -: 1232:
        -: 1233:// returns next response in chain.
   620542: 1234:mc_resp* resp_finish(conn *c, mc_resp *resp) {
   620542: 1235:    mc_resp *next = resp->next;
   620542: 1236:    if (resp->item) {
        -: 1237:        // TODO: cache hash value in resp obj?
    56290: 1238:        item_remove(resp->item);
    56290: 1239:        resp->item = NULL;
        -: 1240:    }
   620542: 1241:    if (resp->write_and_free) {
        -: 1242:#ifdef PROXY
        -: 1243:        if (resp->proxy_res) {
        -: 1244:            LIBEVENT_THREAD *t = resp->bundle->thread;
        -: 1245:            pthread_mutex_lock(&t->proxy_limit_lock);
        -: 1246:            t->proxy_buffer_memory_used -= resp->wbytes;
        -: 1247:            pthread_mutex_unlock(&t->proxy_limit_lock);
        -: 1248:        }
        -: 1249:#endif
     5415: 1250:        free(resp->write_and_free);
        -: 1251:    }
   620542: 1252:    if (resp->io_pending) {
      391: 1253:        io_pending_t *io = resp->io_pending;
        -: 1254:        // If we had a pending IO, tell it to internally clean up then return
        -: 1255:        // the main object back to our thread cache.
      391: 1256:        io->finalize_cb(io);
      391: 1257:        do_cache_free(c->thread->io_cache, io);
      391: 1258:        resp->io_pending = NULL;
        -: 1259:    }
   620542: 1260:    if (c->resp_head == resp) {
   620542: 1261:        c->resp_head = next;
        -: 1262:    }
   620542: 1263:    if (c->resp == resp) {
   466476: 1264:        c->resp = NULL;
        -: 1265:    }
   620542: 1266:    resp_free(c->thread, resp);
   620542: 1267:    return next;
        -: 1268:}
        -: 1269:
        -: 1270:// tells if connection has a depth of response objects to process.
       14: 1271:bool resp_has_stack(conn *c) {
       14: 1272:    return c->resp_head->next != NULL ? true : false;
        -: 1273:}
        -: 1274:
   446540: 1275:void out_string(conn *c, const char *str) {
   446540: 1276:    size_t len;
  446540*: 1277:    assert(c != NULL);
   446540: 1278:    mc_resp *resp = c->resp;
        -: 1279:
        -: 1280:    // if response was original filled with something, but we're now writing
        -: 1281:    // out an error or similar, have to reset the object first.
        -: 1282:    // TODO: since this is often redundant with allocation, how many callers
        -: 1283:    // are actually requiring it be reset? Can we fast test by just looking at
        -: 1284:    // tosend and reset if nonzero?
   446540: 1285:    resp_reset(resp);
        -: 1286:
   446540: 1287:    if (c->noreply) {
        -: 1288:        // TODO: just invalidate the response since nothing's been attempted
        -: 1289:        // to send yet?
   164204: 1290:        resp->skip = true;
   164204: 1291:        if (settings.verbose > 1)
    #####: 1292:            fprintf(stderr, ">%d NOREPLY %s\n", c->sfd, str);
   164204: 1293:        conn_set_state(c, conn_new_cmd);
   164204: 1294:        return;
        -: 1295:    }
        -: 1296:
   282336: 1297:    if (settings.verbose > 1)
    #####: 1298:        fprintf(stderr, ">%d %s\n", c->sfd, str);
        -: 1299:
        -: 1300:    // Fill response object with static string.
        -: 1301:
   282336: 1302:    len = strlen(str);
   282336: 1303:    if ((len + 2) > WRITE_BUFFER_SIZE) {
        -: 1304:        /* ought to be always enough. just fail for simplicity */
    #####: 1305:        str = "SERVER_ERROR output line too long";
    #####: 1306:        len = strlen(str);
        -: 1307:    }
        -: 1308:
   282336: 1309:    memcpy(resp->wbuf, str, len);
   282336: 1310:    memcpy(resp->wbuf + len, "\r\n", 2);
   282336: 1311:    resp_add_iov(resp, resp->wbuf, len + 2);
        -: 1312:
   282336: 1313:    conn_set_state(c, conn_new_cmd);
   282336: 1314:    return;
        -: 1315:}
        -: 1316:
        -: 1317:// For metaget-style ASCII commands. Ignores noreply, ensuring clients see
        -: 1318:// protocol level errors.
        4: 1319:void out_errstring(conn *c, const char *str) {
        4: 1320:    c->noreply = false;
        4: 1321:    out_string(c, str);
        4: 1322:}
        -: 1323:
        -: 1324:/*
        -: 1325: * Outputs a protocol-specific "out of memory" error. For ASCII clients,
        -: 1326: * this is equivalent to out_string().
        -: 1327: */
        7: 1328:void out_of_memory(conn *c, char *ascii_error) {
        7: 1329:    const static char error_prefix[] = "SERVER_ERROR ";
        7: 1330:    const static int error_prefix_len = sizeof(error_prefix) - 1;
        -: 1331:
        7: 1332:    if (c->protocol == binary_prot) {
        -: 1333:        /* Strip off the generic error prefix; it's irrelevant in binary */
    #####: 1334:        if (!strncmp(ascii_error, error_prefix, error_prefix_len)) {
    #####: 1335:            ascii_error += error_prefix_len;
        -: 1336:        }
    #####: 1337:        write_bin_error(c, PROTOCOL_BINARY_RESPONSE_ENOMEM, ascii_error, 0);
        -: 1338:    } else {
        7: 1339:        out_string(c, ascii_error);
        -: 1340:    }
        7: 1341:}
        -: 1342:
     3028: 1343:static void append_bin_stats(const char *key, const uint16_t klen,
        -: 1344:                             const char *val, const uint32_t vlen,
        -: 1345:                             conn *c) {
     3028: 1346:    char *buf = c->stats.buffer + c->stats.offset;
     3028: 1347:    uint32_t bodylen = klen + vlen;
     3028: 1348:    protocol_binary_response_header header = {
        -: 1349:        .response.magic = (uint8_t)PROTOCOL_BINARY_RES,
        -: 1350:        .response.opcode = PROTOCOL_BINARY_CMD_STAT,
     3028: 1351:        .response.keylen = (uint16_t)htons(klen),
        -: 1352:        .response.datatype = (uint8_t)PROTOCOL_BINARY_RAW_BYTES,
     3028: 1353:        .response.bodylen = htonl(bodylen),
     3028: 1354:        .response.opaque = c->opaque
        -: 1355:    };
        -: 1356:
     3028: 1357:    memcpy(buf, header.bytes, sizeof(header.response));
     3028: 1358:    buf += sizeof(header.response);
        -: 1359:
     3028: 1360:    if (klen > 0) {
     2987: 1361:        memcpy(buf, key, klen);
     2987: 1362:        buf += klen;
        -: 1363:
     2987: 1364:        if (vlen > 0) {
     2987: 1365:            memcpy(buf, val, vlen);
        -: 1366:        }
        -: 1367:    }
        -: 1368:
     3028: 1369:    c->stats.offset += sizeof(header.response) + bodylen;
     3028: 1370:}
        -: 1371:
   460166: 1372:static void append_ascii_stats(const char *key, const uint16_t klen,
        -: 1373:                               const char *val, const uint32_t vlen,
        -: 1374:                               conn *c) {
   460166: 1375:    char *pos = c->stats.buffer + c->stats.offset;
   460166: 1376:    uint32_t nbytes = 0;
   460166: 1377:    int remaining = c->stats.size - c->stats.offset;
   460166: 1378:    int room = remaining - 1;
        -: 1379:
   460166: 1380:    if (klen == 0 && vlen == 0) {
     5364: 1381:        nbytes = snprintf(pos, room, "END\r\n");
   454802: 1382:    } else if (vlen == 0) {
    #####: 1383:        nbytes = snprintf(pos, room, "STAT %s\r\n", key);
        -: 1384:    } else {
   454802: 1385:        nbytes = snprintf(pos, room, "STAT %s %s\r\n", key, val);
        -: 1386:    }
        -: 1387:
   460166: 1388:    c->stats.offset += nbytes;
   460166: 1389:}
        -: 1390:
   463194: 1391:static bool grow_stats_buf(conn *c, size_t needed) {
   463194: 1392:    size_t nsize = c->stats.size;
   463194: 1393:    size_t available = nsize - c->stats.offset;
   463194: 1394:    bool rv = true;
        -: 1395:
        -: 1396:    /* Special case: No buffer -- need to allocate fresh */
   463194: 1397:    if (c->stats.buffer == NULL) {
     5405: 1398:        nsize = 1024;
     5405: 1399:        available = c->stats.size = c->stats.offset = 0;
        -: 1400:    }
        -: 1401:
   472397: 1402:    while (needed > available) {
    9203*: 1403:        assert(nsize > 0);
     9203: 1404:        nsize = nsize << 1;
     9203: 1405:        available = nsize - c->stats.offset;
        -: 1406:    }
        -: 1407:
   463194: 1408:    if (nsize != c->stats.size) {
     9203: 1409:        char *ptr = realloc(c->stats.buffer, nsize);
     9203: 1410:        if (ptr) {
     9203: 1411:            c->stats.buffer = ptr;
     9203: 1412:            c->stats.size = nsize;
        -: 1413:        } else {
    #####: 1414:            STATS_LOCK();
    #####: 1415:            stats.malloc_fails++;
    #####: 1416:            STATS_UNLOCK();
    #####: 1417:            rv = false;
        -: 1418:        }
        -: 1419:    }
        -: 1420:
   463194: 1421:    return rv;
        -: 1422:}
        -: 1423:
   463194: 1424:void append_stats(const char *key, const uint16_t klen,
        -: 1425:                  const char *val, const uint32_t vlen,
        -: 1426:                  const void *cookie)
        -: 1427:{
        -: 1428:    /* value without a key is invalid */
   463194: 1429:    if (klen == 0 && vlen > 0) {
        -: 1430:        return;
        -: 1431:    }
        -: 1432:
   463194: 1433:    conn *c = (conn*)cookie;
        -: 1434:
   463194: 1435:    if (c->protocol == binary_prot) {
     3028: 1436:        size_t needed = vlen + klen + sizeof(protocol_binary_response_header);
     3028: 1437:        if (!grow_stats_buf(c, needed)) {
        -: 1438:            return;
        -: 1439:        }
     3028: 1440:        append_bin_stats(key, klen, val, vlen, c);
        -: 1441:    } else {
   460166: 1442:        size_t needed = vlen + klen + 10; // 10 == "STAT = \r\n"
   460166: 1443:        if (!grow_stats_buf(c, needed)) {
        -: 1444:            return;
        -: 1445:        }
   460166: 1446:        append_ascii_stats(key, klen, val, vlen, c);
        -: 1447:    }
        -: 1448:
  463194*: 1449:    assert(c->stats.offset <= c->stats.size);
        -: 1450:}
        -: 1451:
   947603: 1452:static void reset_cmd_handler(conn *c) {
   947603: 1453:    c->cmd = -1;
   947603: 1454:    c->substate = bin_no_state;
   947603: 1455:    if (c->item != NULL) {
        -: 1456:        // TODO: Any other way to get here?
        -: 1457:        // SASL auth was mistakenly using it. Nothing else should?
    #####: 1458:        if (c->item_malloced) {
    #####: 1459:            free(c->item);
    #####: 1460:            c->item_malloced = false;
        -: 1461:        } else {
    #####: 1462:            item_remove(c->item);
        -: 1463:        }
    #####: 1464:        c->item = NULL;
        -: 1465:    }
   947603: 1466:    if (c->rbytes > 0) {
   149948: 1467:        conn_set_state(c, conn_parse_cmd);
   797655: 1468:    } else if (c->resp_head) {
   340758: 1469:        conn_set_state(c, conn_mwrite);
        -: 1470:    } else {
   456897: 1471:        conn_set_state(c, conn_waiting);
        -: 1472:    }
   947603: 1473:}
        -: 1474:
   327308: 1475:static void complete_nread(conn *c) {
  327308*: 1476:    assert(c != NULL);
        -: 1477:#ifdef PROXY
        -: 1478:    assert(c->protocol == ascii_prot
        -: 1479:           || c->protocol == binary_prot
        -: 1480:           || c->protocol == proxy_prot);
        -: 1481:#else
  327308*: 1482:    assert(c->protocol == ascii_prot
        -: 1483:           || c->protocol == binary_prot);
        -: 1484:#endif
   327308: 1485:    if (c->protocol == ascii_prot) {
   302983: 1486:        complete_nread_ascii(c);
    24325: 1487:    } else if (c->protocol == binary_prot) {
    24325: 1488:        complete_nread_binary(c);
        -: 1489:#ifdef PROXY
        -: 1490:    } else if (c->protocol == proxy_prot) {
        -: 1491:        complete_nread_proxy(c);
        -: 1492:#endif
        -: 1493:    }
   327308: 1494:}
        -: 1495:
        -: 1496:/* Destination must always be chunked */
        -: 1497:/* This should be part of item.c */
    27032: 1498:static int _store_item_copy_chunks(item *d_it, item *s_it, const int len) {
    27032: 1499:    item_chunk *dch = (item_chunk *) ITEM_schunk(d_it);
        -: 1500:    /* Advance dch until we find free space */
    77099: 1501:    while (dch->size == dch->used) {
    77099: 1502:        if (dch->next) {
        -: 1503:            dch = dch->next;
        -: 1504:        } else {
        -: 1505:            break;
        -: 1506:        }
        -: 1507:    }
        -: 1508:
    27032: 1509:    if (s_it->it_flags & ITEM_CHUNKED) {
    13516: 1510:        int remain = len;
    13516: 1511:        item_chunk *sch = (item_chunk *) ITEM_schunk(s_it);
    13516: 1512:        int copied = 0;
        -: 1513:        /* Fills dch's to capacity, not straight copy sch in case data is
        -: 1514:         * being added or removed (ie append/prepend)
        -: 1515:         */
   136671: 1516:        while (sch && dch && remain) {
  123155*: 1517:            assert(dch->used <= dch->size);
   123155: 1518:            int todo = (dch->size - dch->used < sch->used - copied)
        -: 1519:                ? dch->size - dch->used : sch->used - copied;
   123155: 1520:            if (remain < todo)
        -: 1521:                todo = remain;
   123155: 1522:            memcpy(dch->data + dch->used, sch->data + copied, todo);
   123155: 1523:            dch->used += todo;
   123155: 1524:            copied += todo;
   123155: 1525:            remain -= todo;
  123155*: 1526:            assert(dch->used <= dch->size);
   123155: 1527:            if (dch->size == dch->used) {
    73103: 1528:                item_chunk *tch = do_item_alloc_chunk(dch, remain);
    73103: 1529:                if (tch) {
        -: 1530:                    dch = tch;
        -: 1531:                } else {
        -: 1532:                    return -1;
        -: 1533:                }
        -: 1534:            }
  123155*: 1535:            assert(copied <= sch->used);
   123155: 1536:            if (copied == sch->used) {
    93361: 1537:                copied = 0;
    93361: 1538:                sch = sch->next;
        -: 1539:            }
        -: 1540:        }
        -: 1541:        /* assert that the destination had enough space for the source */
   13516*: 1542:        assert(remain == 0);
        -: 1543:    } else {
        -: 1544:        int done = 0;
        -: 1545:        /* Fill dch's via a non-chunked item. */
    40548: 1546:        while (len > done && dch) {
    27032: 1547:            int todo = (dch->size - dch->used < len - done)
        -: 1548:                ? dch->size - dch->used : len - done;
        -: 1549:            //assert(dch->size - dch->used != 0);
    27032: 1550:            memcpy(dch->data + dch->used, ITEM_data(s_it) + done, todo);
    27032: 1551:            done += todo;
    27032: 1552:            dch->used += todo;
   27032*: 1553:            assert(dch->used <= dch->size);
    27032: 1554:            if (dch->size == dch->used) {
    27032: 1555:                item_chunk *tch = do_item_alloc_chunk(dch, len - done);
    27032: 1556:                if (tch) {
        -: 1557:                    dch = tch;
        -: 1558:                } else {
        -: 1559:                    return -1;
        -: 1560:                }
        -: 1561:            }
        -: 1562:        }
   13516*: 1563:        assert(len == done);
        -: 1564:    }
        -: 1565:    return 0;
        -: 1566:}
        -: 1567:
    16019: 1568:static int _store_item_copy_data(int comm, item *old_it, item *new_it, item *add_it) {
    16019: 1569:    if (comm == NREAD_APPEND || comm == NREAD_APPENDVIV) {
     8012: 1570:        if (new_it->it_flags & ITEM_CHUNKED) {
    13516: 1571:            if (_store_item_copy_chunks(new_it, old_it, old_it->nbytes - 2) == -1 ||
     6758: 1572:                _store_item_copy_chunks(new_it, add_it, add_it->nbytes) == -1) {
    #####: 1573:                return -1;
        -: 1574:            }
        -: 1575:        } else {
     1254: 1576:            memcpy(ITEM_data(new_it), ITEM_data(old_it), old_it->nbytes);
     1254: 1577:            memcpy(ITEM_data(new_it) + old_it->nbytes - 2 /* CRLF */, ITEM_data(add_it), add_it->nbytes);
        -: 1578:        }
        -: 1579:    } else {
        -: 1580:        /* NREAD_PREPEND */
     8007: 1581:        if (new_it->it_flags & ITEM_CHUNKED) {
    13516: 1582:            if (_store_item_copy_chunks(new_it, add_it, add_it->nbytes - 2) == -1 ||
     6758: 1583:                _store_item_copy_chunks(new_it, old_it, old_it->nbytes) == -1) {
    #####: 1584:                return -1;
        -: 1585:            }
        -: 1586:        } else {
     1249: 1587:            memcpy(ITEM_data(new_it), ITEM_data(add_it), add_it->nbytes);
     1249: 1588:            memcpy(ITEM_data(new_it) + add_it->nbytes - 2 /* CRLF */, ITEM_data(old_it), old_it->nbytes);
        -: 1589:        }
        -: 1590:    }
        -: 1591:    return 0;
        -: 1592:}
        -: 1593:
        -: 1594:/*
        -: 1595: * Stores an item in the cache according to the semantics of one of the set
        -: 1596: * commands. Protected by the item lock.
        -: 1597: *
        -: 1598: * Returns the state of storage.
        -: 1599: */
   327377: 1600:enum store_item_type do_store_item(item *it, int comm, LIBEVENT_THREAD *t, const uint32_t hv, int *nbytes, uint64_t *cas, bool cas_stale) {
   327377: 1601:    char *key = ITEM_key(it);
   327377: 1602:    item *old_it = do_item_get(key, it->nkey, hv, t, DONT_UPDATE);
   327377: 1603:    enum store_item_type stored = NOT_STORED;
        -: 1604:
   327377: 1605:    enum cas_result { CAS_NONE, CAS_MATCH, CAS_BADVAL, CAS_STALE, CAS_MISS };
        -: 1606:
   327377: 1607:    item *new_it = NULL;
   327377: 1608:    client_flags_t flags;
        -: 1609:
        -: 1610:    /* Do the CAS test up front so we can apply to all store modes */
   327377: 1611:    enum cas_result cas_res = CAS_NONE;
        -: 1612:
   327377: 1613:    bool do_store = false;
   327377: 1614:    if (old_it != NULL) {
        -: 1615:        // Most of the CAS work requires something to compare to.
    36517: 1616:        uint64_t it_cas = ITEM_get_cas(it);
    36517: 1617:        uint64_t old_cas = ITEM_get_cas(old_it);
    36517: 1618:        if (it_cas == 0) {
        -: 1619:            cas_res = CAS_NONE;
       21: 1620:        } else if (it_cas == old_cas) {
        -: 1621:            cas_res = CAS_MATCH;
        9: 1622:        } else if (cas_stale && it_cas < old_cas) {
        -: 1623:            cas_res = CAS_STALE;
        -: 1624:        } else {
        8: 1625:            cas_res = CAS_BADVAL;
        -: 1626:        }
        -: 1627:
    36517: 1628:        switch (comm) {
      649: 1629:            case NREAD_ADD:
        -: 1630:                /* add only adds a nonexistent item, but promote to head of LRU */
      649: 1631:                do_item_update(old_it);
      649: 1632:                break;
       22: 1633:            case NREAD_CAS:
       22: 1634:                if (cas_res == CAS_MATCH) {
        -: 1635:                    // cas validates
        -: 1636:                    // it and old_it may belong to different classes.
        -: 1637:                    // I'm updating the stats for the one that's getting pushed out
       11: 1638:                    pthread_mutex_lock(&t->stats.mutex);
       11: 1639:                    t->stats.slab_stats[ITEM_clsid(old_it)].cas_hits++;
       11: 1640:                    pthread_mutex_unlock(&t->stats.mutex);
       11: 1641:                    do_store = true;
       11: 1642:                } else if (cas_res == CAS_STALE) {
        -: 1643:                    // if we're allowed to set a stale value, CAS must be lower than
        -: 1644:                    // the current item's CAS.
        -: 1645:                    // This replaces the value, but should preserve TTL, and stale
        -: 1646:                    // item marker bit + token sent if exists.
        1: 1647:                    it->exptime = old_it->exptime;
        1: 1648:                    it->it_flags |= ITEM_STALE;
        1: 1649:                    if (old_it->it_flags & ITEM_TOKEN_SENT) {
        1: 1650:                        it->it_flags |= ITEM_TOKEN_SENT;
        -: 1651:                    }
        -: 1652:
        1: 1653:                    pthread_mutex_lock(&t->stats.mutex);
        1: 1654:                    t->stats.slab_stats[ITEM_clsid(old_it)].cas_hits++;
        1: 1655:                    pthread_mutex_unlock(&t->stats.mutex);
        1: 1656:                    do_store = true;
        -: 1657:                } else {
        -: 1658:                    // NONE or BADVAL are the same for CAS cmd
       10: 1659:                    pthread_mutex_lock(&t->stats.mutex);
       10: 1660:                    t->stats.slab_stats[ITEM_clsid(old_it)].cas_badval++;
       10: 1661:                    pthread_mutex_unlock(&t->stats.mutex);
        -: 1662:
       10: 1663:                    if (settings.verbose > 1) {
    #####: 1664:                        fprintf(stderr, "CAS:  failure: expected %llu, got %llu\n",
    #####: 1665:                                (unsigned long long)ITEM_get_cas(old_it),
    #####: 1666:                                (unsigned long long)ITEM_get_cas(it));
        -: 1667:                    }
        -: 1668:                    stored = EXISTS;
        -: 1669:                }
        -: 1670:                break;
    16021: 1671:            case NREAD_APPEND:
        -: 1672:            case NREAD_PREPEND:
        -: 1673:            case NREAD_APPENDVIV:
        -: 1674:            case NREAD_PREPENDVIV:
    16021: 1675:                if (cas_res != CAS_NONE && cas_res != CAS_MATCH) {
        -: 1676:                    stored = EXISTS;
        -: 1677:                    break;
        -: 1678:                }
        -: 1679:#ifdef EXTSTORE
    16021: 1680:                if ((old_it->it_flags & ITEM_HDR) != 0) {
        -: 1681:                    /* block append/prepend from working with extstore-d items.
        -: 1682:                     * leave response code to NOT_STORED default */
        -: 1683:                    break;
        -: 1684:                }
        -: 1685:#endif
        -: 1686:                /* we have it and old_it here - alloc memory to hold both */
    16019: 1687:                FLAGS_CONV(old_it, flags);
    16019: 1688:                new_it = do_item_alloc(key, it->nkey, flags, old_it->exptime, it->nbytes + old_it->nbytes - 2 /* CRLF */);
        -: 1689:
        -: 1690:                // OOM trying to copy.
    16019: 1691:                if (new_it == NULL)
        -: 1692:                    break;
        -: 1693:                /* copy data from it and old_it to new_it */
[...]
        -: 5939:#endif
      121: 5940:        }
        -: 5941:    }
        -: 5942:
        -: 5943:    /* lose root privileges if we have them */
      121: 5944:    if (getuid() == 0 || geteuid() == 0) {
    #####: 5945:        if (username == 0 || *username == '\0') {
    #####: 5946:            fprintf(stderr, "can't run as root without the -u switch\n");
    #####: 5947:            exit(EX_USAGE);
        -: 5948:        }
    #####: 5949:        if ((pw = getpwnam(username)) == 0) {
    #####: 5950:            fprintf(stderr, "can't find the user %s to switch to\n", username);
    #####: 5951:            exit(EX_NOUSER);
        -: 5952:        }
    #####: 5953:        if (setgroups(0, NULL) < 0) {
        -: 5954:            /* setgroups may fail with EPERM, indicating we are already in a
        -: 5955:             * minimally-privileged state. In that case we continue. For all
        -: 5956:             * other failure codes we exit.
        -: 5957:             *
        -: 5958:             * Note that errno is stored here because fprintf may change it.
        -: 5959:             */
    #####: 5960:            bool should_exit = errno != EPERM;
    #####: 5961:            fprintf(stderr, "failed to drop supplementary groups: %s\n",
        -: 5962:                    strerror(errno));
    #####: 5963:            if (should_exit) {
    #####: 5964:                exit(EX_OSERR);
        -: 5965:            }
        -: 5966:        }
    #####: 5967:        if (setgid(pw->pw_gid) < 0 || setuid(pw->pw_uid) < 0) {
    #####: 5968:            fprintf(stderr, "failed to assume identity of user %s\n", username);
    #####: 5969:            exit(EX_OSERR);
        -: 5970:        }
        -: 5971:    }
        -: 5972:
        -: 5973:    /* Initialize Sasl if -S was specified */
      121: 5974:    if (settings.sasl) {
      121: 5975:        init_sasl();
        -: 5976:    }
        -: 5977:
        -: 5978:    /* daemonize if requested */
        -: 5979:    /* if we want to ensure our ability to dump core, don't chdir to / */
      121: 5980:    if (do_daemonize) {
        2: 5981:        if (daemonize(maxcore, settings.verbose) == -1) {
    #####: 5982:            fprintf(stderr, "failed to daemon() in order to daemonize\n");
    #####: 5983:            exit(EXIT_FAILURE);
        -: 5984:        }
        -: 5985:    }
        -: 5986:
        -: 5987:    /* lock paged memory if needed */
      120: 5988:    if (lock_memory) {
        -: 5989:#ifdef HAVE_MLOCKALL
    #####: 5990:        int res = mlockall(MCL_CURRENT | MCL_FUTURE);
    #####: 5991:        if (res != 0) {
    #####: 5992:            fprintf(stderr, "warning: -k invalid, mlockall() failed: %s\n",
    #####: 5993:                    strerror(errno));
        -: 5994:        }
        -: 5995:#else
        -: 5996:        fprintf(stderr, "warning: -k invalid, mlockall() not supported on this platform.  proceeding without.\n");
        -: 5997:#endif
        -: 5998:    }
        -: 5999:
        -: 6000:    /* initialize main thread libevent instance */
        -: 6001:#if defined(LIBEVENT_VERSION_NUMBER) && LIBEVENT_VERSION_NUMBER >= 0x02000101
        -: 6002:    /* If libevent version is larger/equal to 2.0.2-alpha, use newer version */
      120: 6003:    struct event_config *ev_config;
      120: 6004:    ev_config = event_config_new();
      120: 6005:    event_config_set_flag(ev_config, EVENT_BASE_FLAG_NOLOCK);
      120: 6006:    main_base = event_base_new_with_config(ev_config);
      120: 6007:    event_config_free(ev_config);
        -: 6008:#else
        -: 6009:    /* Otherwise, use older API */
        -: 6010:    main_base = event_init();
        -: 6011:#endif
        -: 6012:
        -: 6013:    /* Load initial auth file if required */
      120: 6014:    if (settings.auth_file) {
        1: 6015:        if (settings.udpport) {
    #####: 6016:            fprintf(stderr, "Cannot use UDP with ascii authentication enabled (-U 0 to disable)\n");
    #####: 6017:            exit(EX_USAGE);
        -: 6018:        }
        -: 6019:
        1: 6020:        switch (authfile_load(settings.auth_file)) {
    #####: 6021:            case AUTHFILE_STATFAIL:
    #####: 6022:                vperror("Could not stat authfile [%s], error %s", settings.auth_file
    #####: 6023:                                                            , strerror(errno));
    #####: 6024:                exit(EXIT_FAILURE);
    #####: 6025:                break;
    #####: 6026:            case AUTHFILE_OPENFAIL:
    #####: 6027:                vperror("Could not open authfile [%s] for reading, error %s", settings.auth_file
    #####: 6028:                                                                           , strerror(errno));
    #####: 6029:                exit(EXIT_FAILURE);
    #####: 6030:                break;
    #####: 6031:            case AUTHFILE_OOM:
    #####: 6032:                fprintf(stderr, "Out of memory reading password file: %s", settings.auth_file);
    #####: 6033:                exit(EXIT_FAILURE);
    #####: 6034:                break;
    #####: 6035:            case AUTHFILE_MALFORMED:
    #####: 6036:                fprintf(stderr, "Authfile [%s] has a malformed entry. Should be 'user:password'", settings.auth_file);
    #####: 6037:                exit(EXIT_FAILURE);
        -: 6038:                break;
        -: 6039:            case AUTHFILE_OK:
        -: 6040:                break;
        -: 6041:        }
      119: 6042:    }
        -: 6043:
        -: 6044:    /* initialize other stuff */
      120: 6045:    stats_init();
      120: 6046:    logger_init();
      120: 6047:    conn_init();
      120: 6048:    bool reuse_mem = false;
      120: 6049:    void *mem_base = NULL;
      120: 6050:    bool prefill = false;
      120: 6051:    if (settings.memory_file != NULL) {
        2: 6052:        preallocate = true;
        -: 6053:        // Easier to manage memory if we prefill the global pool when reusing.
        2: 6054:        prefill = true;
        2: 6055:        restart_register("main", _mc_meta_load_cb, _mc_meta_save_cb, meta);
        4: 6056:        reuse_mem = restart_mmap_open(settings.maxbytes,
        2: 6057:                        settings.memory_file,
        -: 6058:                        &mem_base);
        -: 6059:        // The "save" callback gets called when we're closing out the mmap,
        -: 6060:        // but we don't know what the mmap_base is until after we call open.
        -: 6061:        // So we pass the struct above but have to fill it in here so the
        -: 6062:        // data's available during the save routine.
        2: 6063:        meta->mmap_base = mem_base;
        -: 6064:        // Also, the callbacks for load() run before _open returns, so we
        -: 6065:        // should have the old base in 'meta' as of here.
        -: 6066:    }
        -: 6067:    // Initialize the hash table _after_ checking restart metadata.
        -: 6068:    // We override the hash table start argument with what was live
        -: 6069:    // previously, to avoid filling a huge set of items into a tiny hash
        -: 6070:    // table.
      120: 6071:    assoc_init(settings.hashpower_init);
        -: 6072:#ifdef EXTSTORE
      120: 6073:    if (storage_enabled && reuse_mem) {
    #####: 6074:        fprintf(stderr, "[restart] memory restart with extstore not presently supported.\n");
    #####: 6075:        reuse_mem = false;
        -: 6076:    }
        -: 6077:#endif
      240: 6078:    slabs_init(settings.maxbytes, settings.factor, preallocate,
        -: 6079:            use_slab_sizes ? slab_sizes : NULL, mem_base, reuse_mem);
        -: 6080:#ifdef EXTSTORE
      120: 6081:    if (storage_enabled) {
       11: 6082:        storage = storage_init(storage_cf);
       11: 6083:        if (storage == NULL) {
        1: 6084:            exit(EXIT_FAILURE);
        -: 6085:        }
       10: 6086:        ext_storage = storage;
        -: 6087:        /* page mover algorithm for extstore needs memory prefilled */
       10: 6088:        prefill = true;
        -: 6089:    }
        -: 6090:#endif
        -: 6091:
      119: 6092:    if (settings.drop_privileges) {
      119: 6093:        setup_privilege_violations_handler();
        -: 6094:    }
        -: 6095:
      119: 6096:    if (prefill)
       12: 6097:        slabs_prefill_global();
        -: 6098:    /* In restartable mode and we've decided to issue a fixup on memory */
      119: 6099:    if (settings.memory_file != NULL && reuse_mem) {
        1: 6100:        mc_ptr_t old_base = meta->old_base;
        1: 6101:        assert(old_base == meta->old_base);
        -: 6102:
        -: 6103:        // should've pulled in process_started from meta file.
        1: 6104:        process_started = meta->process_started;
        -: 6105:        // TODO: must be a more canonical way of serializing/deserializing
        -: 6106:        // pointers? passing through uint64_t should work, and we're not
        -: 6107:        // annotating the pointer with anything, but it's still slightly
        -: 6108:        // insane.
        1: 6109:        restart_fixup((void *)old_base);
        -: 6110:    }
        -: 6111:    /*
        -: 6112:     * ignore SIGPIPE signals; we can use errno == EPIPE if we
        -: 6113:     * need that information
        -: 6114:     */
      119: 6115:    if (signal(SIGPIPE, SIG_IGN) == SIG_ERR) {
    #####: 6116:        perror("failed to ignore SIGPIPE; sigaction");
    #####: 6117:        exit(EX_OSERR);
        -: 6118:    }
        -: 6119:    /* start up worker threads if MT mode */
        -: 6120:#ifdef PROXY
        -: 6121:    if (settings.proxy_enabled) {
        -: 6122:        settings.proxy_ctx = proxy_init(settings.proxy_uring, settings.proxy_memprofile);
        -: 6123:    }
        -: 6124:#endif
        -: 6125:#ifdef EXTSTORE
      119: 6126:    slabs_set_storage(storage);
      119: 6127:    memcached_thread_init(settings.num_threads, storage);
      119: 6128:    init_lru_crawler(storage);
        -: 6129:#else
        -: 6130:    memcached_thread_init(settings.num_threads, NULL);
        -: 6131:    init_lru_crawler(NULL);
        -: 6132:#endif
        -: 6133:
        -: 6134:#ifdef PROXY
        -: 6135:    if (settings.proxy_enabled) {
        -: 6136:        if (proxy_first_confload(settings.proxy_ctx) != 0) {
        -: 6137:            exit(EXIT_FAILURE);
        -: 6138:        }
        -: 6139:    }
        -: 6140:#endif
        -: 6141:
      119: 6142:    if (start_assoc_maint && start_assoc_maintenance_thread() == -1) {
    #####: 6143:        exit(EXIT_FAILURE);
        -: 6144:    }
      119: 6145:    if (start_lru_crawler && start_item_crawler_thread() != 0) {
    #####: 6146:        fprintf(stderr, "Failed to enable LRU crawler thread\n");
    #####: 6147:        exit(EXIT_FAILURE);
        -: 6148:    }
        -: 6149:#ifdef EXTSTORE
      119: 6150:    if (storage && start_storage_compact_thread(storage) != 0) {
    #####: 6151:        fprintf(stderr, "Failed to start storage compaction thread\n");
    #####: 6152:        exit(EXIT_FAILURE);
        -: 6153:    }
      119: 6154:    if (storage && start_storage_write_thread(storage) != 0) {
    #####: 6155:        fprintf(stderr, "Failed to start storage writer thread\n");
    #####: 6156:        exit(EXIT_FAILURE);
        -: 6157:    }
        -: 6158:
      119: 6159:    if (start_lru_maintainer && start_lru_maintainer_thread(storage) != 0) {
        -: 6160:#else
        -: 6161:    if (start_lru_maintainer && start_lru_maintainer_thread(NULL) != 0) {
        -: 6162:#endif
    #####: 6163:        fprintf(stderr, "Failed to enable LRU maintainer thread\n");
    #####: 6164:        free(meta);
    #####: 6165:        return 1;
        -: 6166:    }
        -: 6167:
      231: 6168:    if (settings.slab_reassign &&
      112: 6169:        start_slab_maintenance_thread() == -1) {
    #####: 6170:        exit(EXIT_FAILURE);
        -: 6171:    }
        -: 6172:
      119: 6173:    if (settings.idle_timeout && start_conn_timeout_thread() == -1) {
    #####: 6174:        exit(EXIT_FAILURE);
        -: 6175:    }
        -: 6176:
        -: 6177:    /* initialise clock event */
        -: 6178:#if defined(HAVE_CLOCK_GETTIME) && defined(CLOCK_MONOTONIC)
        -: 6179:    {
      119: 6180:        struct timespec ts;
      119: 6181:        if (clock_gettime(CLOCK_MONOTONIC, &ts) == 0) {
      119: 6182:            monotonic = true;
      119: 6183:            monotonic_start = ts.tv_sec;
        -: 6184:            // Monotonic clock needs special handling for restarts.
        -: 6185:            // We get a start time at an arbitrary place, so we need to
        -: 6186:            // restore the original time delta, which is always "now" - _start
      119: 6187:            if (reuse_mem) {
        -: 6188:                // the running timespan at stop time + the time we think we
        -: 6189:                // were stopped.
        1: 6190:                monotonic_start -= meta->current_time + meta->time_delta;
        -: 6191:            } else {
      118: 6192:                monotonic_start -= ITEM_UPDATE_INTERVAL + 2;
        -: 6193:            }
        -: 6194:        }
        -: 6195:    }
        -: 6196:#endif
      119: 6197:    clock_handler(0, 0, 0);
        -: 6198:
        -: 6199:    /* create unix mode sockets after dropping privileges */
      119: 6200:    if (settings.socketpath != NULL) {
       98: 6201:        errno = 0;
       98: 6202:        if (server_socket_unix(settings.socketpath,settings.access)) {
    #####: 6203:            vperror("failed to listen on UNIX socket: %s", settings.socketpath);
    #####: 6204:            exit(EX_OSERR);
        -: 6205:        }
        -: 6206:    }
        -: 6207:
        -: 6208:    /* create the listening socket, bind it, and init */
      119: 6209:    if (settings.socketpath == NULL) {
       21: 6210:        const char *portnumber_filename = getenv("MEMCACHED_PORT_FILENAME");
       21: 6211:        char *temp_portnumber_filename = NULL;
       21: 6212:        size_t len;
       21: 6213:        FILE *portnumber_file = NULL;
        -: 6214:
       21: 6215:        if (portnumber_filename != NULL) {
       14: 6216:            len = strlen(portnumber_filename)+4+1;
       14: 6217:            temp_portnumber_filename = malloc(len);
       14: 6218:            snprintf(temp_portnumber_filename,
        -: 6219:                     len,
        -: 6220:                     "%s.lck", portnumber_filename);
        -: 6221:
       14: 6222:            portnumber_file = fopen(temp_portnumber_filename, "a");
       14: 6223:            if (portnumber_file == NULL) {
    #####: 6224:                fprintf(stderr, "Failed to open \"%s\": %s\n",
    #####: 6225:                        temp_portnumber_filename, strerror(errno));
        -: 6226:            }
        -: 6227:        }
        -: 6228:
       21: 6229:        errno = 0;
       21: 6230:        if (settings.port && server_sockets(settings.port, tcp_transport,
        -: 6231:                                           portnumber_file)) {
        1: 6232:            if (settings.inter == NULL) {
    #####: 6233:                vperror("failed to listen on TCP port %d", settings.port);
        -: 6234:            } else {
        1: 6235:                vperror("failed to listen on one of interface(s) %s", settings.inter);
        -: 6236:            }
        1: 6237:            exit(EX_OSERR);
        -: 6238:        }
        -: 6239:
        -: 6240:        /*
        -: 6241:         * initialization order: first create the listening sockets
        -: 6242:         * (may need root on low ports), then drop root if needed,
        -: 6243:         * then daemonize if needed, then init libevent (in some cases
        -: 6244:         * descriptors created by libevent wouldn't survive forking).
        -: 6245:         */
        -: 6246:
        -: 6247:        /* create the UDP listening socket and bind it */
       20: 6248:        errno = 0;
       20: 6249:        if (settings.udpport && server_sockets(settings.udpport, udp_transport,
        -: 6250:                                              portnumber_file)) {
    #####: 6251:            if (settings.inter == NULL) {
    #####: 6252:                vperror("failed to listen on UDP port %d", settings.udpport);
        -: 6253:            } else {
    #####: 6254:                vperror("failed to listen on one of interface(s) %s", settings.inter);
        -: 6255:            }
    #####: 6256:            exit(EX_OSERR);
        -: 6257:        }
        -: 6258:
       20: 6259:        if (portnumber_file) {
       14: 6260:            fclose(portnumber_file);
       14: 6261:            rename(temp_portnumber_filename, portnumber_filename);
        -: 6262:        }
       20: 6263:        if (temp_portnumber_filename)
       14: 6264:            free(temp_portnumber_filename);
        -: 6265:    }
        -: 6266:
        -: 6267:    /* Give the sockets a moment to open. I know this is dumb, but the error
        -: 6268:     * is only an advisory.
        -: 6269:     */
      118: 6270:    usleep(1000);
      118: 6271:    if (stats_state.curr_conns + stats_state.reserved_fds >= settings.maxconns - 1) {
    #####: 6272:        fprintf(stderr, "Maxconns setting is too low, use -c to increase.\n");
    #####: 6273:        exit(EXIT_FAILURE);
        -: 6274:    }
        -: 6275:
      118: 6276:    if (pid_file != NULL) {
        1: 6277:        save_pid(pid_file);
        -: 6278:    }
        -: 6279:
        -: 6280:    /* Drop privileges no longer needed */
      118: 6281:    if (settings.drop_privileges) {
      118: 6282:        drop_privileges();
        -: 6283:    }
        -: 6284:
        -: 6285:    /* Initialize the uriencode lookup table. */
      118: 6286:    uriencode_init();
        -: 6287:
        -: 6288:    /* enter the event loop */
     2655: 6289:    while (!stop_main_loop) {
     2537: 6290:        if (event_base_loop(main_base, EVLOOP_ONCE) != 0) {
        -: 6291:            retval = EXIT_FAILURE;
        -: 6292:            break;
        -: 6293:        }
        -: 6294:    }
        -: 6295:
      118: 6296:    switch (stop_main_loop) {
        2: 6297:        case GRACE_STOP:
        2: 6298:            fprintf(stderr, "Gracefully stopping\n");
        -: 6299:        break;
      116: 6300:        case EXIT_NORMALLY:
        -: 6301:            // Don't need to print anything to STDERR for a normal shutdown except
        -: 6302:            // if we want to.
        -: 6303:
      116: 6304:            if (settings.verbose) {
        3: 6305:                fprintf(stderr, "Exiting normally\n");
        -: 6306:            }
        -: 6307:
        -: 6308:        break;
    #####: 6309:        default:
    #####: 6310:            fprintf(stderr, "Exiting on error\n");
        -: 6311:        break;
        -: 6312:    }
        -: 6313:
      118: 6314:    if (stop_main_loop == GRACE_STOP) {
        2: 6315:        stop_threads();
        2: 6316:        if (settings.memory_file != NULL) {
        1: 6317:            restart_mmap_close();
        -: 6318:        }
        -: 6319:    }
        -: 6320:
        -: 6321:    /* remove the PID file if we're a daemon */
      118: 6322:    if (do_daemonize)
        1: 6323:        remove_pidfile(pid_file);
        -: 6324:    /* Clean up strdup() call for bind() address */
      118: 6325:    if (settings.inter)
        6: 6326:      free(settings.inter);
        -: 6327:
        -: 6328:    /* cleanup base */
      118: 6329:    event_base_free(main_base);
        -: 6330:
      118: 6331:    free(meta);
        -: 6332:
      118: 6333:    return retval;
        -: 6334:}
